running egg_info
writing ../../build/first_package/first_package.egg-info/PKG-INFO
writing dependency_links to ../../build/first_package/first_package.egg-info/dependency_links.txt
writing entry points to ../../build/first_package/first_package.egg-info/entry_points.txt
writing requirements to ../../build/first_package/first_package.egg-info/requires.txt
writing top-level names to ../../build/first_package/first_package.egg-info/top_level.txt
reading manifest file '../../build/first_package/first_package.egg-info/SOURCES.txt'
writing manifest file '../../build/first_package/first_package.egg-info/SOURCES.txt'
running build
running build_py
copying first_package/second_pubsub.py -> /home/athens/ros2_athens_ws/build/first_package/build/lib/first_package
copying first_package/simple_subscriber.py -> /home/athens/ros2_athens_ws/build/first_package/build/lib/first_package
copying first_package/simple_pubsub.py -> /home/athens/ros2_athens_ws/build/first_package/build/lib/first_package
copying first_package/simple_publisher.py -> /home/athens/ros2_athens_ws/build/first_package/build/lib/first_package
copying first_package/second_publisher.py -> /home/athens/ros2_athens_ws/build/first_package/build/lib/first_package
copying first_package/second_subscriber.py -> /home/athens/ros2_athens_ws/build/first_package/build/lib/first_package
running install
running install_lib
copying /home/athens/ros2_athens_ws/build/first_package/build/lib/first_package/second_pubsub.py -> /home/athens/ros2_athens_ws/install/first_package/lib/python3.12/site-packages/first_package
copying /home/athens/ros2_athens_ws/build/first_package/build/lib/first_package/simple_subscriber.py -> /home/athens/ros2_athens_ws/install/first_package/lib/python3.12/site-packages/first_package
copying /home/athens/ros2_athens_ws/build/first_package/build/lib/first_package/simple_pubsub.py -> /home/athens/ros2_athens_ws/install/first_package/lib/python3.12/site-packages/first_package
copying /home/athens/ros2_athens_ws/build/first_package/build/lib/first_package/simple_publisher.py -> /home/athens/ros2_athens_ws/install/first_package/lib/python3.12/site-packages/first_package
copying /home/athens/ros2_athens_ws/build/first_package/build/lib/first_package/second_publisher.py -> /home/athens/ros2_athens_ws/install/first_package/lib/python3.12/site-packages/first_package
copying /home/athens/ros2_athens_ws/build/first_package/build/lib/first_package/second_subscriber.py -> /home/athens/ros2_athens_ws/install/first_package/lib/python3.12/site-packages/first_package
byte-compiling /home/athens/ros2_athens_ws/install/first_package/lib/python3.12/site-packages/first_package/second_pubsub.py to second_pubsub.cpython-312.pyc
byte-compiling /home/athens/ros2_athens_ws/install/first_package/lib/python3.12/site-packages/first_package/simple_subscriber.py to simple_subscriber.cpython-312.pyc
byte-compiling /home/athens/ros2_athens_ws/install/first_package/lib/python3.12/site-packages/first_package/simple_pubsub.py to simple_pubsub.cpython-312.pyc
byte-compiling /home/athens/ros2_athens_ws/install/first_package/lib/python3.12/site-packages/first_package/simple_publisher.py to simple_publisher.cpython-312.pyc
byte-compiling /home/athens/ros2_athens_ws/install/first_package/lib/python3.12/site-packages/first_package/second_publisher.py to second_publisher.cpython-312.pyc
byte-compiling /home/athens/ros2_athens_ws/install/first_package/lib/python3.12/site-packages/first_package/second_subscriber.py to second_subscriber.cpython-312.pyc
running install_data
copying package.xml -> /home/athens/ros2_athens_ws/install/first_package/share/first_package
running install_egg_info
removing '/home/athens/ros2_athens_ws/install/first_package/lib/python3.12/site-packages/first_package-0.0.0-py3.12.egg-info' (and everything under it)
Copying ../../build/first_package/first_package.egg-info to /home/athens/ros2_athens_ws/install/first_package/lib/python3.12/site-packages/first_package-0.0.0-py3.12.egg-info
running install_scripts
Installing second_publisher_node script to /home/athens/ros2_athens_ws/install/first_package/lib/first_package
Installing second_pubsub_node script to /home/athens/ros2_athens_ws/install/first_package/lib/first_package
Installing second_subscriber_node script to /home/athens/ros2_athens_ws/install/first_package/lib/first_package
Installing simple_publisher_node script to /home/athens/ros2_athens_ws/install/first_package/lib/first_package
Installing simple_pubsub_node script to /home/athens/ros2_athens_ws/install/first_package/lib/first_package
Installing simple_subscriber_node script to /home/athens/ros2_athens_ws/install/first_package/lib/first_package
writing list of installed files to '/home/athens/ros2_athens_ws/build/first_package/install.log'
