[4.127s] Invoking command in '/home/athens/ros2_athens_ws/src/first_package': DEBUGINFOD_URLS=https://debuginfod.ubuntu.com PYTHONPATH=/home/athens/ros2_athens_ws/build/first_package/prefix_override:/usr/lib/python3/dist-packages/colcon_core/task/python/colcon_distutils_commands:/home/athens/ros2_athens_ws/install/first_package/lib/python3.12/site-packages:${PYTHONPATH} /usr/bin/python3 -W ignore:setup.py install is deprecated -W ignore:easy_install command is deprecated setup.py egg_info --egg-base ../../build/first_package build --build-base /home/athens/ros2_athens_ws/build/first_package/build install --record /home/athens/ros2_athens_ws/build/first_package/install.log --single-version-externally-managed install_data
[5.141s] running egg_info
[5.208s] writing ../../build/first_package/first_package.egg-info/PKG-INFO
[5.211s] writing dependency_links to ../../build/first_package/first_package.egg-info/dependency_links.txt
[5.212s] writing entry points to ../../build/first_package/first_package.egg-info/entry_points.txt
[5.213s] writing requirements to ../../build/first_package/first_package.egg-info/requires.txt
[5.214s] writing top-level names to ../../build/first_package/first_package.egg-info/top_level.txt
[5.363s] reading manifest file '../../build/first_package/first_package.egg-info/SOURCES.txt'
[5.365s] writing manifest file '../../build/first_package/first_package.egg-info/SOURCES.txt'
[5.366s] running build
[5.366s] running build_py
[5.367s] running install
[5.383s] running install_lib
[5.462s] running install_data
[5.464s] running install_egg_info
[5.532s] removing '/home/athens/ros2_athens_ws/install/first_package/lib/python3.12/site-packages/first_package-0.0.0-py3.12.egg-info' (and everything under it)
[5.535s] Copying ../../build/first_package/first_package.egg-info to /home/athens/ros2_athens_ws/install/first_package/lib/python3.12/site-packages/first_package-0.0.0-py3.12.egg-info
[5.536s] running install_scripts
[5.879s] Installing second_publisher_node script to /home/athens/ros2_athens_ws/install/first_package/lib/first_package
[5.880s] Installing second_pubsub_node script to /home/athens/ros2_athens_ws/install/first_package/lib/first_package
[5.880s] Installing second_subscriber_node script to /home/athens/ros2_athens_ws/install/first_package/lib/first_package
[5.881s] Installing simple_publisher_node script to /home/athens/ros2_athens_ws/install/first_package/lib/first_package
[5.881s] Installing simple_pubsub_node script to /home/athens/ros2_athens_ws/install/first_package/lib/first_package
[5.882s] Installing simple_service script to /home/athens/ros2_athens_ws/install/first_package/lib/first_package
[5.884s] Installing simple_subscriber_node script to /home/athens/ros2_athens_ws/install/first_package/lib/first_package
[5.885s] writing list of installed files to '/home/athens/ros2_athens_ws/build/first_package/install.log'
[5.942s] Invoked command in '/home/athens/ros2_athens_ws/src/first_package' returned '0': DEBUGINFOD_URLS=https://debuginfod.ubuntu.com PYTHONPATH=/home/athens/ros2_athens_ws/build/first_package/prefix_override:/usr/lib/python3/dist-packages/colcon_core/task/python/colcon_distutils_commands:/home/athens/ros2_athens_ws/install/first_package/lib/python3.12/site-packages:${PYTHONPATH} /usr/bin/python3 -W ignore:setup.py install is deprecated -W ignore:easy_install command is deprecated setup.py egg_info --egg-base ../../build/first_package build --build-base /home/athens/ros2_athens_ws/build/first_package/build install --record /home/athens/ros2_athens_ws/build/first_package/install.log --single-version-externally-managed install_data
