[1.308s] Invoking command in '/home/athens/ros2_athens_ws/src/stm_station': DEBUGINFOD_URLS=https://debuginfod.ubuntu.com PYTHONPATH=/home/athens/ros2_athens_ws/build/stm_station/prefix_override:/usr/lib/python3/dist-packages/colcon_core/task/python/colcon_distutils_commands:/home/athens/ros2_athens_ws/install/stm_station/lib/python3.12/site-packages:${PYTHONPATH} /usr/bin/python3 -W ignore:setup.py install is deprecated -W ignore:easy_install command is deprecated setup.py egg_info --egg-base ../../build/stm_station build --build-base /home/athens/ros2_athens_ws/build/stm_station/build install --record /home/athens/ros2_athens_ws/build/stm_station/install.log --single-version-externally-managed install_data
[1.633s] running egg_info
[1.654s] writing ../../build/stm_station/stm_station.egg-info/PKG-INFO
[1.662s] writing dependency_links to ../../build/stm_station/stm_station.egg-info/dependency_links.txt
[1.662s] writing entry points to ../../build/stm_station/stm_station.egg-info/entry_points.txt
[1.663s] writing requirements to ../../build/stm_station/stm_station.egg-info/requires.txt
[1.663s] writing top-level names to ../../build/stm_station/stm_station.egg-info/top_level.txt
[1.710s] reading manifest file '../../build/stm_station/stm_station.egg-info/SOURCES.txt'
[1.711s] writing manifest file '../../build/stm_station/stm_station.egg-info/SOURCES.txt'
[1.711s] running build
[1.711s] running build_py
[1.712s] copying stm_station/stm_serial_node_pub_sub.py -> /home/athens/ros2_athens_ws/build/stm_station/build/lib/stm_station
[1.713s] copying stm_station/stm_control_node_master_slave.py -> /home/athens/ros2_athens_ws/build/stm_station/build/lib/stm_station
[1.713s] running install
[1.719s] running install_lib
[1.743s] copying /home/athens/ros2_athens_ws/build/stm_station/build/lib/stm_station/stm_serial_node_pub_sub.py -> /home/athens/ros2_athens_ws/install/stm_station/lib/python3.12/site-packages/stm_station
[1.743s] copying /home/athens/ros2_athens_ws/build/stm_station/build/lib/stm_station/stm_control_node_master_slave.py -> /home/athens/ros2_athens_ws/install/stm_station/lib/python3.12/site-packages/stm_station
[1.744s] byte-compiling /home/athens/ros2_athens_ws/install/stm_station/lib/python3.12/site-packages/stm_station/stm_serial_node_pub_sub.py to stm_serial_node_pub_sub.cpython-312.pyc
[1.746s] byte-compiling /home/athens/ros2_athens_ws/install/stm_station/lib/python3.12/site-packages/stm_station/stm_control_node_master_slave.py to stm_control_node_master_slave.cpython-312.pyc
[1.747s] running install_data
[1.747s] running install_egg_info
[1.773s] removing '/home/athens/ros2_athens_ws/install/stm_station/lib/python3.12/site-packages/stm_station-0.0.0-py3.12.egg-info' (and everything under it)
[1.773s] Copying ../../build/stm_station/stm_station.egg-info to /home/athens/ros2_athens_ws/install/stm_station/lib/python3.12/site-packages/stm_station-0.0.0-py3.12.egg-info
[1.777s] running install_scripts
[1.930s] Installing stm_control_node script to /home/athens/ros2_athens_ws/install/stm_station/lib/stm_station
[1.932s] Installing stm_pub_node script to /home/athens/ros2_athens_ws/install/stm_station/lib/stm_station
[1.932s] Installing stm_sub_node script to /home/athens/ros2_athens_ws/install/stm_station/lib/stm_station
[1.932s] writing list of installed files to '/home/athens/ros2_athens_ws/build/stm_station/install.log'
[1.969s] Invoked command in '/home/athens/ros2_athens_ws/src/stm_station' returned '0': DEBUGINFOD_URLS=https://debuginfod.ubuntu.com PYTHONPATH=/home/athens/ros2_athens_ws/build/stm_station/prefix_override:/usr/lib/python3/dist-packages/colcon_core/task/python/colcon_distutils_commands:/home/athens/ros2_athens_ws/install/stm_station/lib/python3.12/site-packages:${PYTHONPATH} /usr/bin/python3 -W ignore:setup.py install is deprecated -W ignore:easy_install command is deprecated setup.py egg_info --egg-base ../../build/stm_station build --build-base /home/athens/ros2_athens_ws/build/stm_station/build install --record /home/athens/ros2_athens_ws/build/stm_station/install.log --single-version-externally-managed install_data
