[0.019s] Invoking command in '/home/athens/ros2_athens_ws/build/first_interfaces': CMAKE_PREFIX_PATH=${CMAKE_PREFIX_PATH}:/opt/ros/jazzy DEBUGINFOD_URLS=https://debuginfod.ubuntu.com /usr/bin/cmake --build /home/athens/ros2_athens_ws/build/first_interfaces -- -j3 -l3
[0.538s] [  0%] Built target ament_cmake_python_copy_first_interfaces
[0.538s] [  2%] Built target first_interfaces__rosidl_generator_type_description
[0.539s] [ 20%] Built target first_interfaces__rosidl_generator_c
[0.539s] [ 22%] Built target first_interfaces__cpp
[0.539s] [ 31%] Built target first_interfaces__rosidl_typesupport_fastrtps_c
[0.539s] [ 40%] Built target first_interfaces__rosidl_typesupport_introspection_c
[0.539s] [ 50%] Built target first_interfaces__rosidl_typesupport_c
[0.539s] [ 59%] Built target first_interfaces__rosidl_typesupport_introspection_cpp
[0.539s] [ 68%] Built target first_interfaces__rosidl_typesupport_cpp
[0.571s] [ 77%] Built target first_interfaces__rosidl_typesupport_fastrtps_cpp
[0.598s] [ 77%] Built target first_interfaces
[0.635s] [ 79%] Built target first_interfaces__py
[0.692s] [ 86%] Built target first_interfaces__rosidl_generator_py
[0.731s] [ 90%] Built target first_interfaces_s__rosidl_typesupport_introspection_c
[0.736s] [ 95%] Built target first_interfaces_s__rosidl_typesupport_fastrtps_c
[0.784s] running egg_info
[0.789s] [100%] Built target first_interfaces_s__rosidl_typesupport_c
[0.806s] writing first_interfaces.egg-info/PKG-INFO
[0.807s] writing dependency_links to first_interfaces.egg-info/dependency_links.txt
[0.807s] writing top-level names to first_interfaces.egg-info/top_level.txt
[0.904s] reading manifest file 'first_interfaces.egg-info/SOURCES.txt'
[0.904s] writing manifest file 'first_interfaces.egg-info/SOURCES.txt'
[0.993s] [100%] Built target ament_cmake_python_build_first_interfaces_egg
