[1.640s] Invoking command in '/home/athens/ros2_athens_ws/src/first_package': DEBUGINFOD_URLS=https://debuginfod.ubuntu.com PYTHONPATH=/home/athens/ros2_athens_ws/build/first_package/prefix_override:/usr/lib/python3/dist-packages/colcon_core/task/python/colcon_distutils_commands:/home/athens/ros2_athens_ws/install/first_package/lib/python3.12/site-packages:${PYTHONPATH} /usr/bin/python3 -W ignore:setup.py install is deprecated -W ignore:easy_install command is deprecated setup.py egg_info --egg-base ../../build/first_package build --build-base /home/athens/ros2_athens_ws/build/first_package/build install --record /home/athens/ros2_athens_ws/build/first_package/install.log --single-version-externally-managed install_data
[1.934s] running egg_info
[1.956s] writing ../../build/first_package/first_package.egg-info/PKG-INFO
[1.956s] writing dependency_links to ../../build/first_package/first_package.egg-info/dependency_links.txt
[1.957s] writing entry points to ../../build/first_package/first_package.egg-info/entry_points.txt
[1.957s] writing requirements to ../../build/first_package/first_package.egg-info/requires.txt
[1.957s] writing top-level names to ../../build/first_package/first_package.egg-info/top_level.txt
[2.002s] reading manifest file '../../build/first_package/first_package.egg-info/SOURCES.txt'
[2.003s] writing manifest file '../../build/first_package/first_package.egg-info/SOURCES.txt'
[2.003s] running build
[2.004s] running build_py
[2.004s] running install
[2.011s] running install_lib
[2.032s] running install_data
[2.062s] running install_egg_info
[2.062s] removing '/home/athens/ros2_athens_ws/install/first_package/lib/python3.12/site-packages/first_package-0.0.0-py3.12.egg-info' (and everything under it)
[2.062s] Copying ../../build/first_package/first_package.egg-info to /home/athens/ros2_athens_ws/install/first_package/lib/python3.12/site-packages/first_package-0.0.0-py3.12.egg-info
[2.062s] running install_scripts
[2.219s] Installing second_publisher_node script to /home/athens/ros2_athens_ws/install/first_package/lib/first_package
[2.219s] Installing second_pubsub_node script to /home/athens/ros2_athens_ws/install/first_package/lib/first_package
[2.220s] Installing second_subscriber_node script to /home/athens/ros2_athens_ws/install/first_package/lib/first_package
[2.220s] Installing simple_publisher_node script to /home/athens/ros2_athens_ws/install/first_package/lib/first_package
[2.220s] Installing simple_pubsub_node script to /home/athens/ros2_athens_ws/install/first_package/lib/first_package
[2.221s] Installing simple_service script to /home/athens/ros2_athens_ws/install/first_package/lib/first_package
[2.221s] Installing simple_subscriber_node script to /home/athens/ros2_athens_ws/install/first_package/lib/first_package
[2.221s] writing list of installed files to '/home/athens/ros2_athens_ws/build/first_package/install.log'
[2.263s] Invoked command in '/home/athens/ros2_athens_ws/src/first_package' returned '0': DEBUGINFOD_URLS=https://debuginfod.ubuntu.com PYTHONPATH=/home/athens/ros2_athens_ws/build/first_package/prefix_override:/usr/lib/python3/dist-packages/colcon_core/task/python/colcon_distutils_commands:/home/athens/ros2_athens_ws/install/first_package/lib/python3.12/site-packages:${PYTHONPATH} /usr/bin/python3 -W ignore:setup.py install is deprecated -W ignore:easy_install command is deprecated setup.py egg_info --egg-base ../../build/first_package build --build-base /home/athens/ros2_athens_ws/build/first_package/build install --record /home/athens/ros2_athens_ws/build/first_package/install.log --single-version-externally-managed install_data
