[0.029s] Invoking command in '/home/athens/ros2_athens_ws/build/first_interfaces': CMAKE_PREFIX_PATH=${CMAKE_PREFIX_PATH}:/home/athens/ros2_athens_ws/install/stm_station:/home/athens/ros2_athens_ws/install/first_package:/home/athens/ros2_athens_ws/src/install/stm_station:/home/athens/ros2_athens_ws/src/install/first_package:/opt/ros/jazzy DEBUGINFOD_URLS=https://debuginfod.ubuntu.com /usr/bin/cmake --build /home/athens/ros2_athens_ws/build/first_interfaces -- -j3 -l3
[0.606s] [  2%] Built target first_interfaces__rosidl_generator_type_description
[0.606s] [ 20%] Built target first_interfaces__rosidl_generator_c
[0.606s] [ 20%] Built target ament_cmake_python_copy_first_interfaces
[0.606s] [ 22%] Built target first_interfaces__cpp
[0.607s] [ 31%] Built target first_interfaces__rosidl_typesupport_c
[0.607s] [ 40%] Built target first_interfaces__rosidl_typesupport_fastrtps_c
[0.607s] [ 50%] Built target first_interfaces__rosidl_typesupport_introspection_c
[0.607s] [ 59%] Built target first_interfaces__rosidl_typesupport_introspection_cpp
[0.607s] [ 68%] Built target first_interfaces__rosidl_typesupport_cpp
[0.607s] [ 77%] Built target first_interfaces__rosidl_typesupport_fastrtps_cpp
[0.608s] [ 77%] Built target first_interfaces
[0.608s] [ 79%] Built target first_interfaces__py
[0.608s] [ 86%] Built target first_interfaces__rosidl_generator_py
[0.608s] [ 90%] Built target first_interfaces_s__rosidl_typesupport_fastrtps_c
[0.608s] [ 95%] Built target first_interfaces_s__rosidl_typesupport_introspection_c
[0.608s] [100%] Built target first_interfaces_s__rosidl_typesupport_c
[0.701s] running egg_info
[0.744s] writing first_interfaces.egg-info/PKG-INFO
[0.744s] writing dependency_links to first_interfaces.egg-info/dependency_links.txt
[0.745s] writing top-level names to first_interfaces.egg-info/top_level.txt
[0.840s] reading manifest file 'first_interfaces.egg-info/SOURCES.txt'
[0.840s] writing manifest file 'first_interfaces.egg-info/SOURCES.txt'
[0.888s] [100%] Built target ament_cmake_python_build_first_interfaces_egg
[0.909s] Invoked command in '/home/athens/ros2_athens_ws/build/first_interfaces' returned '0': CMAKE_PREFIX_PATH=${CMAKE_PREFIX_PATH}:/home/athens/ros2_athens_ws/install/stm_station:/home/athens/ros2_athens_ws/install/first_package:/home/athens/ros2_athens_ws/src/install/stm_station:/home/athens/ros2_athens_ws/src/install/first_package:/opt/ros/jazzy DEBUGINFOD_URLS=https://debuginfod.ubuntu.com /usr/bin/cmake --build /home/athens/ros2_athens_ws/build/first_interfaces -- -j3 -l3
[0.935s] Invoking command in '/home/athens/ros2_athens_ws/build/first_interfaces': CMAKE_PREFIX_PATH=${CMAKE_PREFIX_PATH}:/home/athens/ros2_athens_ws/install/stm_station:/home/athens/ros2_athens_ws/install/first_package:/home/athens/ros2_athens_ws/src/install/stm_station:/home/athens/ros2_athens_ws/src/install/first_package:/opt/ros/jazzy DEBUGINFOD_URLS=https://debuginfod.ubuntu.com /usr/bin/cmake --install /home/athens/ros2_athens_ws/build/first_interfaces
[0.960s] -- Install configuration: ""
[0.960s] -- Up-to-date: /home/athens/ros2_athens_ws/install/first_interfaces/share/ament_index/resource_index/rosidl_interfaces/first_interfaces
[0.960s] -- Up-to-date: /home/athens/ros2_athens_ws/install/first_interfaces/share/first_interfaces/msg/ExampleMessage.json
[0.960s] -- Up-to-date: /home/athens/ros2_athens_ws/install/first_interfaces/share/first_interfaces/srv/AddTwoInts.json
[0.961s] -- Up-to-date: /home/athens/ros2_athens_ws/install/first_interfaces/include/first_interfaces/first_interfaces
[0.965s] -- Up-to-date: /home/athens/ros2_athens_ws/install/first_interfaces/include/first_interfaces/first_interfaces/srv
[0.965s] -- Up-to-date: /home/athens/ros2_athens_ws/install/first_interfaces/include/first_interfaces/first_interfaces/srv/detail
[0.965s] -- Up-to-date: /home/athens/ros2_athens_ws/install/first_interfaces/include/first_interfaces/first_interfaces/srv/detail/add_two_ints__functions.c
[0.965s] -- Up-to-date: /home/athens/ros2_athens_ws/install/first_interfaces/include/first_interfaces/first_interfaces/srv/detail/add_two_ints__type_support.h
[0.965s] -- Up-to-date: /home/athens/ros2_athens_ws/install/first_interfaces/include/first_interfaces/first_interfaces/srv/detail/add_two_ints__functions.h
[0.965s] -- Up-to-date: /home/athens/ros2_athens_ws/install/first_interfaces/include/first_interfaces/first_interfaces/srv/detail/add_two_ints__description.c
[0.965s] -- Installing: /home/athens/ros2_athens_ws/install/first_interfaces/include/first_interfaces/first_interfaces/srv/detail/add_two_ints__type_support.c
[0.965s] -- Up-to-date: /home/athens/ros2_athens_ws/install/first_interfaces/include/first_interfaces/first_interfaces/srv/detail/add_two_ints__struct.h
[0.965s] -- Up-to-date: /home/athens/ros2_athens_ws/install/first_interfaces/include/first_interfaces/first_interfaces/srv/add_two_ints.h
[0.966s] -- Up-to-date: /home/athens/ros2_athens_ws/install/first_interfaces/include/first_interfaces/first_interfaces/msg
[0.966s] -- Up-to-date: /home/athens/ros2_athens_ws/install/first_interfaces/include/first_interfaces/first_interfaces/msg/rosidl_generator_c__visibility_control.h
[0.967s] -- Up-to-date: /home/athens/ros2_athens_ws/install/first_interfaces/include/first_interfaces/first_interfaces/msg/detail
[0.967s] -- Installing: /home/athens/ros2_athens_ws/install/first_interfaces/include/first_interfaces/first_interfaces/msg/detail/example_message__type_support.c
[0.967s] -- Up-to-date: /home/athens/ros2_athens_ws/install/first_interfaces/include/first_interfaces/first_interfaces/msg/detail/example_message__struct.h
[0.967s] -- Up-to-date: /home/athens/ros2_athens_ws/install/first_interfaces/include/first_interfaces/first_interfaces/msg/detail/example_message__functions.c
[0.968s] -- Up-to-date: /home/athens/ros2_athens_ws/install/first_interfaces/include/first_interfaces/first_interfaces/msg/detail/example_message__type_support.h
[0.968s] -- Up-to-date: /home/athens/ros2_athens_ws/install/first_interfaces/include/first_interfaces/first_interfaces/msg/detail/example_message__functions.h
[0.969s] -- Up-to-date: /home/athens/ros2_athens_ws/install/first_interfaces/include/first_interfaces/first_interfaces/msg/detail/example_message__description.c
[0.969s] -- Up-to-date: /home/athens/ros2_athens_ws/install/first_interfaces/include/first_interfaces/first_interfaces/msg/example_message.h
[0.969s] -- Up-to-date: /home/athens/ros2_athens_ws/install/first_interfaces/share/first_interfaces/environment/library_path.sh
[0.969s] -- Up-to-date: /home/athens/ros2_athens_ws/install/first_interfaces/share/first_interfaces/environment/library_path.dsv
[0.969s] -- Up-to-date: /home/athens/ros2_athens_ws/install/first_interfaces/lib/libfirst_interfaces__rosidl_generator_c.so
[0.969s] -- Up-to-date: /home/athens/ros2_athens_ws/install/first_interfaces/include/first_interfaces/first_interfaces
[0.969s] -- Up-to-date: /home/athens/ros2_athens_ws/install/first_interfaces/include/first_interfaces/first_interfaces/srv
[0.969s] -- Up-to-date: /home/athens/ros2_athens_ws/install/first_interfaces/include/first_interfaces/first_interfaces/srv/detail
[0.969s] -- Up-to-date: /home/athens/ros2_athens_ws/install/first_interfaces/include/first_interfaces/first_interfaces/srv/detail/add_two_ints__rosidl_typesupport_fastrtps_c.h
[0.969s] -- Up-to-date: /home/athens/ros2_athens_ws/install/first_interfaces/include/first_interfaces/first_interfaces/msg
[0.969s] -- Up-to-date: /home/athens/ros2_athens_ws/install/first_interfaces/include/first_interfaces/first_interfaces/msg/rosidl_typesupport_fastrtps_c__visibility_control.h
[0.969s] -- Up-to-date: /home/athens/ros2_athens_ws/install/first_interfaces/include/first_interfaces/first_interfaces/msg/detail
[0.975s] -- Up-to-date: /home/athens/ros2_athens_ws/install/first_interfaces/include/first_interfaces/first_interfaces/msg/detail/example_message__rosidl_typesupport_fastrtps_c.h
[0.975s] -- Up-to-date: /home/athens/ros2_athens_ws/install/first_interfaces/lib/libfirst_interfaces__rosidl_typesupport_fastrtps_c.so
[0.975s] -- Up-to-date: /home/athens/ros2_athens_ws/install/first_interfaces/include/first_interfaces/first_interfaces
[0.975s] -- Up-to-date: /home/athens/ros2_athens_ws/install/first_interfaces/include/first_interfaces/first_interfaces/srv
[0.976s] -- Up-to-date: /home/athens/ros2_athens_ws/install/first_interfaces/include/first_interfaces/first_interfaces/srv/detail
[0.976s] -- Up-to-date: /home/athens/ros2_athens_ws/install/first_interfaces/include/first_interfaces/first_interfaces/srv/detail/add_two_ints__struct.hpp
[0.976s] -- Up-to-date: /home/athens/ros2_athens_ws/install/first_interfaces/include/first_interfaces/first_interfaces/srv/detail/add_two_ints__builder.hpp
[0.976s] -- Up-to-date: /home/athens/ros2_athens_ws/install/first_interfaces/include/first_interfaces/first_interfaces/srv/detail/add_two_ints__type_support.hpp
[0.976s] -- Up-to-date: /home/athens/ros2_athens_ws/install/first_interfaces/include/first_interfaces/first_interfaces/srv/detail/add_two_ints__traits.hpp
[0.976s] -- Up-to-date: /home/athens/ros2_athens_ws/install/first_interfaces/include/first_interfaces/first_interfaces/srv/add_two_ints.hpp
[0.976s] -- Up-to-date: /home/athens/ros2_athens_ws/install/first_interfaces/include/first_interfaces/first_interfaces/msg
[0.977s] -- Up-to-date: /home/athens/ros2_athens_ws/install/first_interfaces/include/first_interfaces/first_interfaces/msg/detail
[0.977s] -- Up-to-date: /home/athens/ros2_athens_ws/install/first_interfaces/include/first_interfaces/first_interfaces/msg/detail/example_message__struct.hpp
[0.977s] -- Up-to-date: /home/athens/ros2_athens_ws/install/first_interfaces/include/first_interfaces/first_interfaces/msg/detail/example_message__traits.hpp
[0.977s] -- Up-to-date: /home/athens/ros2_athens_ws/install/first_interfaces/include/first_interfaces/first_interfaces/msg/detail/example_message__builder.hpp
[0.977s] -- Up-to-date: /home/athens/ros2_athens_ws/install/first_interfaces/include/first_interfaces/first_interfaces/msg/detail/example_message__type_support.hpp
[0.977s] -- Up-to-date: /home/athens/ros2_athens_ws/install/first_interfaces/include/first_interfaces/first_interfaces/msg/example_message.hpp
[0.977s] -- Up-to-date: /home/athens/ros2_athens_ws/install/first_interfaces/include/first_interfaces/first_interfaces/msg/rosidl_generator_cpp__visibility_control.hpp
[0.977s] -- Up-to-date: /home/athens/ros2_athens_ws/install/first_interfaces/include/first_interfaces/first_interfaces
[0.977s] -- Up-to-date: /home/athens/ros2_athens_ws/install/first_interfaces/include/first_interfaces/first_interfaces/srv
[0.978s] -- Up-to-date: /home/athens/ros2_athens_ws/install/first_interfaces/include/first_interfaces/first_interfaces/srv/detail
[0.978s] -- Up-to-date: /home/athens/ros2_athens_ws/install/first_interfaces/include/first_interfaces/first_interfaces/srv/detail/dds_fastrtps
[0.979s] -- Up-to-date: /home/athens/ros2_athens_ws/install/first_interfaces/include/first_interfaces/first_interfaces/srv/detail/add_two_ints__rosidl_typesupport_fastrtps_cpp.hpp
[0.979s] -- Up-to-date: /home/athens/ros2_athens_ws/install/first_interfaces/include/first_interfaces/first_interfaces/msg
[0.979s] -- Up-to-date: /home/athens/ros2_athens_ws/install/first_interfaces/include/first_interfaces/first_interfaces/msg/rosidl_typesupport_fastrtps_cpp__visibility_control.h
[0.979s] -- Up-to-date: /home/athens/ros2_athens_ws/install/first_interfaces/include/first_interfaces/first_interfaces/msg/detail
[0.980s] -- Up-to-date: /home/athens/ros2_athens_ws/install/first_interfaces/include/first_interfaces/first_interfaces/msg/detail/example_message__rosidl_typesupport_fastrtps_cpp.hpp
[0.980s] -- Up-to-date: /home/athens/ros2_athens_ws/install/first_interfaces/include/first_interfaces/first_interfaces/msg/detail/dds_fastrtps
[0.982s] -- Up-to-date: /home/athens/ros2_athens_ws/install/first_interfaces/lib/libfirst_interfaces__rosidl_typesupport_fastrtps_cpp.so
[0.982s] -- Up-to-date: /home/athens/ros2_athens_ws/install/first_interfaces/include/first_interfaces/first_interfaces
[0.983s] -- Up-to-date: /home/athens/ros2_athens_ws/install/first_interfaces/include/first_interfaces/first_interfaces/srv
[0.983s] -- Up-to-date: /home/athens/ros2_athens_ws/install/first_interfaces/include/first_interfaces/first_interfaces/srv/detail
[0.983s] -- Installing: /home/athens/ros2_athens_ws/install/first_interfaces/include/first_interfaces/first_interfaces/srv/detail/add_two_ints__type_support.c
[0.985s] -- Up-to-date: /home/athens/ros2_athens_ws/install/first_interfaces/include/first_interfaces/first_interfaces/srv/detail/add_two_ints__rosidl_typesupport_introspection_c.h
[0.985s] -- Up-to-date: /home/athens/ros2_athens_ws/install/first_interfaces/include/first_interfaces/first_interfaces/msg
[0.985s] -- Up-to-date: /home/athens/ros2_athens_ws/install/first_interfaces/include/first_interfaces/first_interfaces/msg/detail
[0.985s] -- Installing: /home/athens/ros2_athens_ws/install/first_interfaces/include/first_interfaces/first_interfaces/msg/detail/example_message__type_support.c
[0.986s] -- Up-to-date: /home/athens/ros2_athens_ws/install/first_interfaces/include/first_interfaces/first_interfaces/msg/detail/example_message__rosidl_typesupport_introspection_c.h
[0.986s] -- Up-to-date: /home/athens/ros2_athens_ws/install/first_interfaces/include/first_interfaces/first_interfaces/msg/rosidl_typesupport_introspection_c__visibility_control.h
[0.986s] -- Up-to-date: /home/athens/ros2_athens_ws/install/first_interfaces/lib/libfirst_interfaces__rosidl_typesupport_introspection_c.so
[0.988s] -- Up-to-date: /home/athens/ros2_athens_ws/install/first_interfaces/lib/libfirst_interfaces__rosidl_typesupport_c.so
[0.988s] -- Up-to-date: /home/athens/ros2_athens_ws/install/first_interfaces/include/first_interfaces/first_interfaces
[0.988s] -- Up-to-date: /home/athens/ros2_athens_ws/install/first_interfaces/include/first_interfaces/first_interfaces/srv
[0.989s] -- Up-to-date: /home/athens/ros2_athens_ws/install/first_interfaces/include/first_interfaces/first_interfaces/srv/detail
[0.990s] -- Up-to-date: /home/athens/ros2_athens_ws/install/first_interfaces/include/first_interfaces/first_interfaces/srv/detail/add_two_ints__type_support.cpp
[0.990s] -- Up-to-date: /home/athens/ros2_athens_ws/install/first_interfaces/include/first_interfaces/first_interfaces/srv/detail/add_two_ints__rosidl_typesupport_introspection_cpp.hpp
[0.990s] -- Up-to-date: /home/athens/ros2_athens_ws/install/first_interfaces/include/first_interfaces/first_interfaces/msg
[0.991s] -- Up-to-date: /home/athens/ros2_athens_ws/install/first_interfaces/include/first_interfaces/first_interfaces/msg/detail
[0.991s] -- Up-to-date: /home/athens/ros2_athens_ws/install/first_interfaces/include/first_interfaces/first_interfaces/msg/detail/example_message__rosidl_typesupport_introspection_cpp.hpp
[0.991s] -- Up-to-date: /home/athens/ros2_athens_ws/install/first_interfaces/include/first_interfaces/first_interfaces/msg/detail/example_message__type_support.cpp
[0.992s] -- Up-to-date: /home/athens/ros2_athens_ws/install/first_interfaces/lib/libfirst_interfaces__rosidl_typesupport_introspection_cpp.so
[0.993s] -- Up-to-date: /home/athens/ros2_athens_ws/install/first_interfaces/lib/libfirst_interfaces__rosidl_typesupport_cpp.so
[0.994s] -- Up-to-date: /home/athens/ros2_athens_ws/install/first_interfaces/share/first_interfaces/environment/pythonpath.sh
[0.994s] -- Up-to-date: /home/athens/ros2_athens_ws/install/first_interfaces/share/first_interfaces/environment/pythonpath.dsv
[0.995s] -- Up-to-date: /home/athens/ros2_athens_ws/install/first_interfaces/lib/python3.12/site-packages/first_interfaces-0.0.0-py3.12.egg-info
[0.995s] -- Installing: /home/athens/ros2_athens_ws/install/first_interfaces/lib/python3.12/site-packages/first_interfaces-0.0.0-py3.12.egg-info/SOURCES.txt
[0.995s] -- Installing: /home/athens/ros2_athens_ws/install/first_interfaces/lib/python3.12/site-packages/first_interfaces-0.0.0-py3.12.egg-info/dependency_links.txt
[0.996s] -- Installing: /home/athens/ros2_athens_ws/install/first_interfaces/lib/python3.12/site-packages/first_interfaces-0.0.0-py3.12.egg-info/PKG-INFO
[0.996s] -- Installing: /home/athens/ros2_athens_ws/install/first_interfaces/lib/python3.12/site-packages/first_interfaces-0.0.0-py3.12.egg-info/top_level.txt
[0.996s] -- Up-to-date: /home/athens/ros2_athens_ws/install/first_interfaces/lib/python3.12/site-packages/first_interfaces
[0.996s] -- Up-to-date: /home/athens/ros2_athens_ws/install/first_interfaces/lib/python3.12/site-packages/first_interfaces/first_interfaces_s__rosidl_typesupport_introspection_c.so
[0.996s] -- Up-to-date: /home/athens/ros2_athens_ws/install/first_interfaces/lib/python3.12/site-packages/first_interfaces/srv
[0.996s] -- Up-to-date: /home/athens/ros2_athens_ws/install/first_interfaces/lib/python3.12/site-packages/first_interfaces/srv/_add_two_ints_s.c
[0.996s] -- Up-to-date: /home/athens/ros2_athens_ws/install/first_interfaces/lib/python3.12/site-packages/first_interfaces/srv/__init__.py
[0.997s] -- Up-to-date: /home/athens/ros2_athens_ws/install/first_interfaces/lib/python3.12/site-packages/first_interfaces/srv/_add_two_ints.py
[0.998s] -- Up-to-date: /home/athens/ros2_athens_ws/install/first_interfaces/lib/python3.12/site-packages/first_interfaces/first_interfaces_s__rosidl_typesupport_fastrtps_c.so
[0.998s] -- Up-to-date: /home/athens/ros2_athens_ws/install/first_interfaces/lib/python3.12/site-packages/first_interfaces/_first_interfaces_s.ep.rosidl_typesupport_introspection_c.c
[0.998s] -- Up-to-date: /home/athens/ros2_athens_ws/install/first_interfaces/lib/python3.12/site-packages/first_interfaces/__init__.py
[0.998s] -- Up-to-date: /home/athens/ros2_athens_ws/install/first_interfaces/lib/python3.12/site-packages/first_interfaces/first_interfaces_s__rosidl_typesupport_c.so
[0.998s] -- Up-to-date: /home/athens/ros2_athens_ws/install/first_interfaces/lib/python3.12/site-packages/first_interfaces/msg
[0.999s] -- Up-to-date: /home/athens/ros2_athens_ws/install/first_interfaces/lib/python3.12/site-packages/first_interfaces/msg/_example_message.py
[0.999s] -- Up-to-date: /home/athens/ros2_athens_ws/install/first_interfaces/lib/python3.12/site-packages/first_interfaces/msg/__init__.py
[0.999s] -- Up-to-date: /home/athens/ros2_athens_ws/install/first_interfaces/lib/python3.12/site-packages/first_interfaces/msg/_example_message_s.c
[0.999s] -- Up-to-date: /home/athens/ros2_athens_ws/install/first_interfaces/lib/python3.12/site-packages/first_interfaces/_first_interfaces_s.ep.rosidl_typesupport_fastrtps_c.c
[0.999s] -- Up-to-date: /home/athens/ros2_athens_ws/install/first_interfaces/lib/python3.12/site-packages/first_interfaces/_first_interfaces_s.ep.rosidl_typesupport_c.c
[1.058s] Listing '/home/athens/ros2_athens_ws/install/first_interfaces/lib/python3.12/site-packages/first_interfaces'...
[1.058s] Listing '/home/athens/ros2_athens_ws/install/first_interfaces/lib/python3.12/site-packages/first_interfaces/msg'...
[1.058s] Listing '/home/athens/ros2_athens_ws/install/first_interfaces/lib/python3.12/site-packages/first_interfaces/srv'...
[1.073s] -- Up-to-date: /home/athens/ros2_athens_ws/install/first_interfaces/lib/python3.12/site-packages/first_interfaces/first_interfaces_s__rosidl_typesupport_fastrtps_c.so
[1.077s] -- Up-to-date: /home/athens/ros2_athens_ws/install/first_interfaces/lib/python3.12/site-packages/first_interfaces/first_interfaces_s__rosidl_typesupport_introspection_c.so
[1.077s] -- Up-to-date: /home/athens/ros2_athens_ws/install/first_interfaces/lib/python3.12/site-packages/first_interfaces/first_interfaces_s__rosidl_typesupport_c.so
[1.082s] -- Up-to-date: /home/athens/ros2_athens_ws/install/first_interfaces/lib/libfirst_interfaces__rosidl_generator_py.so
[1.082s] -- Up-to-date: /home/athens/ros2_athens_ws/install/first_interfaces/share/first_interfaces/msg/ExampleMessage.idl
[1.082s] -- Up-to-date: /home/athens/ros2_athens_ws/install/first_interfaces/share/first_interfaces/srv/AddTwoInts.idl
[1.082s] -- Up-to-date: /home/athens/ros2_athens_ws/install/first_interfaces/share/first_interfaces/msg/ExampleMessage.msg
[1.082s] -- Up-to-date: /home/athens/ros2_athens_ws/install/first_interfaces/share/first_interfaces/srv/AddTwoInts.srv
[1.082s] -- Up-to-date: /home/athens/ros2_athens_ws/install/first_interfaces/share/ament_index/resource_index/package_run_dependencies/first_interfaces
[1.082s] -- Up-to-date: /home/athens/ros2_athens_ws/install/first_interfaces/share/ament_index/resource_index/parent_prefix_path/first_interfaces
[1.082s] -- Up-to-date: /home/athens/ros2_athens_ws/install/first_interfaces/share/first_interfaces/environment/ament_prefix_path.sh
[1.082s] -- Up-to-date: /home/athens/ros2_athens_ws/install/first_interfaces/share/first_interfaces/environment/ament_prefix_path.dsv
[1.082s] -- Up-to-date: /home/athens/ros2_athens_ws/install/first_interfaces/share/first_interfaces/environment/path.sh
[1.082s] -- Up-to-date: /home/athens/ros2_athens_ws/install/first_interfaces/share/first_interfaces/environment/path.dsv
[1.083s] -- Up-to-date: /home/athens/ros2_athens_ws/install/first_interfaces/share/first_interfaces/local_setup.bash
[1.083s] -- Up-to-date: /home/athens/ros2_athens_ws/install/first_interfaces/share/first_interfaces/local_setup.sh
[1.083s] -- Up-to-date: /home/athens/ros2_athens_ws/install/first_interfaces/share/first_interfaces/local_setup.zsh
[1.083s] -- Up-to-date: /home/athens/ros2_athens_ws/install/first_interfaces/share/first_interfaces/local_setup.dsv
[1.083s] -- Installing: /home/athens/ros2_athens_ws/install/first_interfaces/share/first_interfaces/package.dsv
[1.084s] -- Up-to-date: /home/athens/ros2_athens_ws/install/first_interfaces/share/ament_index/resource_index/packages/first_interfaces
[1.084s] -- Up-to-date: /home/athens/ros2_athens_ws/install/first_interfaces/share/first_interfaces/cmake/export_first_interfaces__rosidl_generator_cExport.cmake
[1.085s] -- Up-to-date: /home/athens/ros2_athens_ws/install/first_interfaces/share/first_interfaces/cmake/export_first_interfaces__rosidl_generator_cExport-noconfig.cmake
[1.086s] -- Up-to-date: /home/athens/ros2_athens_ws/install/first_interfaces/share/first_interfaces/cmake/export_first_interfaces__rosidl_typesupport_fastrtps_cExport.cmake
[1.086s] -- Up-to-date: /home/athens/ros2_athens_ws/install/first_interfaces/share/first_interfaces/cmake/export_first_interfaces__rosidl_typesupport_fastrtps_cExport-noconfig.cmake
[1.087s] -- Up-to-date: /home/athens/ros2_athens_ws/install/first_interfaces/share/first_interfaces/cmake/export_first_interfaces__rosidl_generator_cppExport.cmake
[1.088s] -- Up-to-date: /home/athens/ros2_athens_ws/install/first_interfaces/share/first_interfaces/cmake/export_first_interfaces__rosidl_typesupport_fastrtps_cppExport.cmake
[1.088s] -- Up-to-date: /home/athens/ros2_athens_ws/install/first_interfaces/share/first_interfaces/cmake/export_first_interfaces__rosidl_typesupport_fastrtps_cppExport-noconfig.cmake
[1.089s] -- Up-to-date: /home/athens/ros2_athens_ws/install/first_interfaces/share/first_interfaces/cmake/first_interfaces__rosidl_typesupport_introspection_cExport.cmake
[1.092s] -- Up-to-date: /home/athens/ros2_athens_ws/install/first_interfaces/share/first_interfaces/cmake/first_interfaces__rosidl_typesupport_introspection_cExport-noconfig.cmake
[1.093s] -- Up-to-date: /home/athens/ros2_athens_ws/install/first_interfaces/share/first_interfaces/cmake/first_interfaces__rosidl_typesupport_cExport.cmake
[1.093s] -- Up-to-date: /home/athens/ros2_athens_ws/install/first_interfaces/share/first_interfaces/cmake/first_interfaces__rosidl_typesupport_cExport-noconfig.cmake
[1.095s] -- Up-to-date: /home/athens/ros2_athens_ws/install/first_interfaces/share/first_interfaces/cmake/first_interfaces__rosidl_typesupport_introspection_cppExport.cmake
[1.096s] -- Up-to-date: /home/athens/ros2_athens_ws/install/first_interfaces/share/first_interfaces/cmake/first_interfaces__rosidl_typesupport_introspection_cppExport-noconfig.cmake
[1.097s] -- Up-to-date: /home/athens/ros2_athens_ws/install/first_interfaces/share/first_interfaces/cmake/first_interfaces__rosidl_typesupport_cppExport.cmake
[1.097s] -- Up-to-date: /home/athens/ros2_athens_ws/install/first_interfaces/share/first_interfaces/cmake/first_interfaces__rosidl_typesupport_cppExport-noconfig.cmake
[1.098s] -- Up-to-date: /home/athens/ros2_athens_ws/install/first_interfaces/share/first_interfaces/cmake/export_first_interfaces__rosidl_generator_pyExport.cmake
[1.099s] -- Up-to-date: /home/athens/ros2_athens_ws/install/first_interfaces/share/first_interfaces/cmake/export_first_interfaces__rosidl_generator_pyExport-noconfig.cmake
[1.099s] -- Up-to-date: /home/athens/ros2_athens_ws/install/first_interfaces/share/first_interfaces/cmake/rosidl_cmake-extras.cmake
[1.099s] -- Up-to-date: /home/athens/ros2_athens_ws/install/first_interfaces/share/first_interfaces/cmake/ament_cmake_export_dependencies-extras.cmake
[1.099s] -- Up-to-date: /home/athens/ros2_athens_ws/install/first_interfaces/share/first_interfaces/cmake/ament_cmake_export_include_directories-extras.cmake
[1.100s] -- Up-to-date: /home/athens/ros2_athens_ws/install/first_interfaces/share/first_interfaces/cmake/ament_cmake_export_libraries-extras.cmake
[1.101s] -- Up-to-date: /home/athens/ros2_athens_ws/install/first_interfaces/share/first_interfaces/cmake/ament_cmake_export_targets-extras.cmake
[1.101s] -- Up-to-date: /home/athens/ros2_athens_ws/install/first_interfaces/share/first_interfaces/cmake/rosidl_cmake_export_typesupport_targets-extras.cmake
[1.101s] -- Up-to-date: /home/athens/ros2_athens_ws/install/first_interfaces/share/first_interfaces/cmake/rosidl_cmake_export_typesupport_libraries-extras.cmake
[1.101s] -- Up-to-date: /home/athens/ros2_athens_ws/install/first_interfaces/share/first_interfaces/cmake/first_interfacesConfig.cmake
[1.101s] -- Up-to-date: /home/athens/ros2_athens_ws/install/first_interfaces/share/first_interfaces/cmake/first_interfacesConfig-version.cmake
[1.101s] -- Up-to-date: /home/athens/ros2_athens_ws/install/first_interfaces/share/first_interfaces/package.xml
[1.105s] Invoked command in '/home/athens/ros2_athens_ws/build/first_interfaces' returned '0': CMAKE_PREFIX_PATH=${CMAKE_PREFIX_PATH}:/home/athens/ros2_athens_ws/install/stm_station:/home/athens/ros2_athens_ws/install/first_package:/home/athens/ros2_athens_ws/src/install/stm_station:/home/athens/ros2_athens_ws/src/install/first_package:/opt/ros/jazzy DEBUGINFOD_URLS=https://debuginfod.ubuntu.com /usr/bin/cmake --install /home/athens/ros2_athens_ws/build/first_interfaces
