[4.115s] Invoking command in '/home/athens/ros2_athens_ws/src/stm_station': DEBUGINFOD_URLS=https://debuginfod.ubuntu.com PYTHONPATH=/home/athens/ros2_athens_ws/build/stm_station/prefix_override:/usr/lib/python3/dist-packages/colcon_core/task/python/colcon_distutils_commands:/home/athens/ros2_athens_ws/install/stm_station/lib/python3.12/site-packages:${PYTHONPATH} /usr/bin/python3 -W ignore:setup.py install is deprecated -W ignore:easy_install command is deprecated setup.py egg_info --egg-base ../../build/stm_station build --build-base /home/athens/ros2_athens_ws/build/stm_station/build install --record /home/athens/ros2_athens_ws/build/stm_station/install.log --single-version-externally-managed install_data
[5.110s] running egg_info
[5.230s] writing ../../build/stm_station/stm_station.egg-info/PKG-INFO
[5.232s] writing dependency_links to ../../build/stm_station/stm_station.egg-info/dependency_links.txt
[5.233s] writing entry points to ../../build/stm_station/stm_station.egg-info/entry_points.txt
[5.236s] writing requirements to ../../build/stm_station/stm_station.egg-info/requires.txt
[5.238s] writing top-level names to ../../build/stm_station/stm_station.egg-info/top_level.txt
[5.426s] reading manifest file '../../build/stm_station/stm_station.egg-info/SOURCES.txt'
[5.426s] writing manifest file '../../build/stm_station/stm_station.egg-info/SOURCES.txt'
[5.426s] running build
[5.426s] running build_py
[5.427s] running install
[5.442s] running install_lib
[5.512s] running install_data
[5.512s] running install_egg_info
[5.569s] removing '/home/athens/ros2_athens_ws/install/stm_station/lib/python3.12/site-packages/stm_station-0.0.0-py3.12.egg-info' (and everything under it)
[5.569s] Copying ../../build/stm_station/stm_station.egg-info to /home/athens/ros2_athens_ws/install/stm_station/lib/python3.12/site-packages/stm_station-0.0.0-py3.12.egg-info
[5.569s] running install_scripts
[6.310s] Installing stm_pub_node script to /home/athens/ros2_athens_ws/install/stm_station/lib/stm_station
[6.312s] Installing stm_sub_node script to /home/athens/ros2_athens_ws/install/stm_station/lib/stm_station
[6.314s] writing list of installed files to '/home/athens/ros2_athens_ws/build/stm_station/install.log'
[6.391s] Invoked command in '/home/athens/ros2_athens_ws/src/stm_station' returned '0': DEBUGINFOD_URLS=https://debuginfod.ubuntu.com PYTHONPATH=/home/athens/ros2_athens_ws/build/stm_station/prefix_override:/usr/lib/python3/dist-packages/colcon_core/task/python/colcon_distutils_commands:/home/athens/ros2_athens_ws/install/stm_station/lib/python3.12/site-packages:${PYTHONPATH} /usr/bin/python3 -W ignore:setup.py install is deprecated -W ignore:easy_install command is deprecated setup.py egg_info --egg-base ../../build/stm_station build --build-base /home/athens/ros2_athens_ws/build/stm_station/build install --record /home/athens/ros2_athens_ws/build/stm_station/install.log --single-version-externally-managed install_data
