-- Found ament_cmake: 2.5.5 (/opt/ros/jazzy/share/ament_cmake/cmake)
-- Found Python3: /usr/bin/python3 (found version "3.12.3") found components: Interpreter 
-- Found std_msgs: 5.3.6 (/opt/ros/jazzy/share/std_msgs/cmake)
-- Found rosidl_generator_c: 4.6.7 (/opt/ros/jazzy/share/rosidl_generator_c/cmake)
-- Found rosidl_generator_cpp: 4.6.7 (/opt/ros/jazzy/share/rosidl_generator_cpp/cmake)
-- Using all available rosidl_typesupport_c: rosidl_typesupport_fastrtps_c;rosidl_typesupport_introspection_c
-- Using all available rosidl_typesupport_cpp: rosidl_typesupport_fastrtps_cpp;rosidl_typesupport_introspection_cpp
-- Found rosidl_default_generators: 1.6.0 (/opt/ros/jazzy/share/rosidl_default_generators/cmake)
-- Found rosidl_adapter: 4.6.7 (/opt/ros/jazzy/share/rosidl_adapter/cmake)
-- Found ament_cmake_ros: 0.12.0 (/opt/ros/jazzy/share/ament_cmake_ros/cmake)
-- Using all available rosidl_typesupport_c: rosidl_typesupport_fastrtps_c;rosidl_typesupport_introspection_c
-- Using all available rosidl_typesupport_cpp: rosidl_typesupport_fastrtps_cpp;rosidl_typesupport_introspection_cpp
-- Found python_cmake_module: 0.11.1 (/opt/ros/jazzy/share/python_cmake_module/cmake)
-- Found Python3: /usr/bin/python3 (found version "3.12.3") found components: Interpreter Development NumPy Development.Module Development.Embed 
-- Found ament_lint_auto: 0.17.4 (/opt/ros/jazzy/share/ament_lint_auto/cmake)
-- Added test 'lint_cmake' to check CMake code style
-- Added test 'xmllint' to check XML markup files
-- Configuring done (1.7s)
-- Generating done (0.1s)
-- Build files have been written to: /home/athens/ros2_athens_ws/build/first_interfaces
[  2%] Built target first_interfaces__rosidl_generator_type_description
[  2%] Built target ament_cmake_python_copy_first_interfaces
[  4%] Built target first_interfaces__cpp
[ 22%] Built target first_interfaces__rosidl_generator_c
[ 31%] Built target first_interfaces__rosidl_typesupport_introspection_c
[ 40%] Built target first_interfaces__rosidl_typesupport_fastrtps_cpp
[ 50%] Built target first_interfaces__rosidl_typesupport_c
[ 59%] Built target first_interfaces__rosidl_typesupport_introspection_cpp
[ 68%] Built target first_interfaces__rosidl_typesupport_cpp
[ 77%] Built target first_interfaces__rosidl_typesupport_fastrtps_c
[ 77%] Built target first_interfaces
[ 79%] Built target first_interfaces__py
[ 86%] Built target first_interfaces__rosidl_generator_py
[ 90%] Built target first_interfaces_s__rosidl_typesupport_introspection_c
[ 95%] Built target first_interfaces_s__rosidl_typesupport_fastrtps_c
[100%] Built target first_interfaces_s__rosidl_typesupport_c
running egg_info
writing first_interfaces.egg-info/PKG-INFO
writing dependency_links to first_interfaces.egg-info/dependency_links.txt
writing top-level names to first_interfaces.egg-info/top_level.txt
reading manifest file 'first_interfaces.egg-info/SOURCES.txt'
writing manifest file 'first_interfaces.egg-info/SOURCES.txt'
[100%] Built target ament_cmake_python_build_first_interfaces_egg
