[0.033s] Invoking command in '/home/athens/ros2_athens_ws/build/first_interfaces': CMAKE_PREFIX_PATH=${CMAKE_PREFIX_PATH}:/opt/ros/jazzy DEBUGINFOD_URLS=https://debuginfod.ubuntu.com /usr/bin/cmake --build /home/athens/ros2_athens_ws/build/first_interfaces -- -j3 -l3
[0.308s] -- Found ament_cmake: 2.5.5 (/opt/ros/jazzy/share/ament_cmake/cmake)
[0.308s] -- Found Python3: /usr/bin/python3 (found version "3.12.3") found components: Interpreter 
[0.380s] -- Found std_msgs: 5.3.6 (/opt/ros/jazzy/share/std_msgs/cmake)
[0.436s] -- Found rosidl_generator_c: 4.6.7 (/opt/ros/jazzy/share/rosidl_generator_c/cmake)
[0.461s] -- Found rosidl_generator_cpp: 4.6.7 (/opt/ros/jazzy/share/rosidl_generator_cpp/cmake)
[0.491s] -- Using all available rosidl_typesupport_c: rosidl_typesupport_fastrtps_c;rosidl_typesupport_introspection_c
[0.519s] -- Using all available rosidl_typesupport_cpp: rosidl_typesupport_fastrtps_cpp;rosidl_typesupport_introspection_cpp
[0.612s] -- Found rosidl_default_generators: 1.6.0 (/opt/ros/jazzy/share/rosidl_default_generators/cmake)
[0.627s] -- Found rosidl_adapter: 4.6.7 (/opt/ros/jazzy/share/rosidl_adapter/cmake)
[1.079s] -- Found ament_cmake_ros: 0.12.0 (/opt/ros/jazzy/share/ament_cmake_ros/cmake)
[1.303s] -- Using all available rosidl_typesupport_c: rosidl_typesupport_fastrtps_c;rosidl_typesupport_introspection_c
[1.376s] -- Using all available rosidl_typesupport_cpp: rosidl_typesupport_fastrtps_cpp;rosidl_typesupport_introspection_cpp
[1.378s] -- Found python_cmake_module: 0.11.1 (/opt/ros/jazzy/share/python_cmake_module/cmake)
[1.690s] -- Found Python3: /usr/bin/python3 (found version "3.12.3") found components: Interpreter Development NumPy Development.Module Development.Embed 
[1.715s] -- Found ament_lint_auto: 0.17.4 (/opt/ros/jazzy/share/ament_lint_auto/cmake)
[1.744s] -- Added test 'lint_cmake' to check CMake code style
[1.745s] -- Added test 'xmllint' to check XML markup files
[1.750s] -- Configuring done (1.7s)
[1.819s] -- Generating done (0.1s)
[1.835s] -- Build files have been written to: /home/athens/ros2_athens_ws/build/first_interfaces
[1.885s] [  2%] Built target first_interfaces__rosidl_generator_type_description
[1.909s] [  2%] Built target ament_cmake_python_copy_first_interfaces
[1.917s] [  4%] Built target first_interfaces__cpp
[1.925s] [ 22%] Built target first_interfaces__rosidl_generator_c
[1.950s] [ 31%] Built target first_interfaces__rosidl_typesupport_introspection_c
[1.952s] [ 40%] Built target first_interfaces__rosidl_typesupport_fastrtps_cpp
[1.989s] [ 50%] Built target first_interfaces__rosidl_typesupport_c
[1.996s] [ 59%] Built target first_interfaces__rosidl_typesupport_introspection_cpp
[2.032s] [ 68%] Built target first_interfaces__rosidl_typesupport_cpp
[2.038s] [ 77%] Built target first_interfaces__rosidl_typesupport_fastrtps_c
[2.059s] [ 77%] Built target first_interfaces
[2.111s] [ 79%] Built target first_interfaces__py
[2.139s] [ 86%] Built target first_interfaces__rosidl_generator_py
[2.166s] [ 90%] Built target first_interfaces_s__rosidl_typesupport_introspection_c
[2.170s] [ 95%] Built target first_interfaces_s__rosidl_typesupport_fastrtps_c
[2.223s] [100%] Built target first_interfaces_s__rosidl_typesupport_c
[2.244s] running egg_info
[2.269s] writing first_interfaces.egg-info/PKG-INFO
[2.270s] writing dependency_links to first_interfaces.egg-info/dependency_links.txt
[2.270s] writing top-level names to first_interfaces.egg-info/top_level.txt
[2.337s] reading manifest file 'first_interfaces.egg-info/SOURCES.txt'
[2.338s] writing manifest file 'first_interfaces.egg-info/SOURCES.txt'
[2.376s] [100%] Built target ament_cmake_python_build_first_interfaces_egg
