[4.271s] Invoking command in '/home/athens/ros2_athens_ws/src/stm_station': DEBUGINFOD_URLS=https://debuginfod.ubuntu.com PYTHONPATH=/home/athens/ros2_athens_ws/build/stm_station/prefix_override:/usr/lib/python3/dist-packages/colcon_core/task/python/colcon_distutils_commands:/home/athens/ros2_athens_ws/install/stm_station/lib/python3.12/site-packages:${PYTHONPATH} /usr/bin/python3 -W ignore:setup.py install is deprecated -W ignore:easy_install command is deprecated setup.py egg_info --egg-base ../../build/stm_station build --build-base /home/athens/ros2_athens_ws/build/stm_station/build install --record /home/athens/ros2_athens_ws/build/stm_station/install.log --single-version-externally-managed install_data
[5.206s] running egg_info
[5.283s] writing ../../build/stm_station/stm_station.egg-info/PKG-INFO
[5.286s] writing dependency_links to ../../build/stm_station/stm_station.egg-info/dependency_links.txt
[5.286s] writing entry points to ../../build/stm_station/stm_station.egg-info/entry_points.txt
[5.286s] writing requirements to ../../build/stm_station/stm_station.egg-info/requires.txt
[5.286s] writing top-level names to ../../build/stm_station/stm_station.egg-info/top_level.txt
[5.437s] reading manifest file '../../build/stm_station/stm_station.egg-info/SOURCES.txt'
[5.439s] writing manifest file '../../build/stm_station/stm_station.egg-info/SOURCES.txt'
[5.441s] running build
[5.441s] running build_py
[5.442s] copying stm_station/stm_serial_node_pub_sub.py -> /home/athens/ros2_athens_ws/build/stm_station/build/lib/stm_station
[5.443s] running install
[5.465s] running install_lib
[5.540s] copying /home/athens/ros2_athens_ws/build/stm_station/build/lib/stm_station/stm_serial_node_pub_sub.py -> /home/athens/ros2_athens_ws/install/stm_station/lib/python3.12/site-packages/stm_station
[5.543s] byte-compiling /home/athens/ros2_athens_ws/install/stm_station/lib/python3.12/site-packages/stm_station/stm_serial_node_pub_sub.py to stm_serial_node_pub_sub.cpython-312.pyc
[5.547s] running install_data
[5.547s] running install_egg_info
[5.600s] removing '/home/athens/ros2_athens_ws/install/stm_station/lib/python3.12/site-packages/stm_station-0.0.0-py3.12.egg-info' (and everything under it)
[5.601s] Copying ../../build/stm_station/stm_station.egg-info to /home/athens/ros2_athens_ws/install/stm_station/lib/python3.12/site-packages/stm_station-0.0.0-py3.12.egg-info
[5.602s] running install_scripts
[6.110s] Installing stm_pub_node script to /home/athens/ros2_athens_ws/install/stm_station/lib/stm_station
[6.110s] Installing stm_sub_node script to /home/athens/ros2_athens_ws/install/stm_station/lib/stm_station
[6.111s] writing list of installed files to '/home/athens/ros2_athens_ws/build/stm_station/install.log'
[6.206s] Invoked command in '/home/athens/ros2_athens_ws/src/stm_station' returned '0': DEBUGINFOD_URLS=https://debuginfod.ubuntu.com PYTHONPATH=/home/athens/ros2_athens_ws/build/stm_station/prefix_override:/usr/lib/python3/dist-packages/colcon_core/task/python/colcon_distutils_commands:/home/athens/ros2_athens_ws/install/stm_station/lib/python3.12/site-packages:${PYTHONPATH} /usr/bin/python3 -W ignore:setup.py install is deprecated -W ignore:easy_install command is deprecated setup.py egg_info --egg-base ../../build/stm_station build --build-base /home/athens/ros2_athens_ws/build/stm_station/build install --record /home/athens/ros2_athens_ws/build/stm_station/install.log --single-version-externally-managed install_data
