running egg_info
writing ../../build/stm_station/stm_station.egg-info/PKG-INFO
writing dependency_links to ../../build/stm_station/stm_station.egg-info/dependency_links.txt
writing entry points to ../../build/stm_station/stm_station.egg-info/entry_points.txt
writing requirements to ../../build/stm_station/stm_station.egg-info/requires.txt
writing top-level names to ../../build/stm_station/stm_station.egg-info/top_level.txt
reading manifest file '../../build/stm_station/stm_station.egg-info/SOURCES.txt'
writing manifest file '../../build/stm_station/stm_station.egg-info/SOURCES.txt'
running build
running build_py
running install
running install_lib
running install_data
copying launch/stm_station_launch.py -> /home/athens/ros2_athens_ws/install/stm_station/share/stm_station/launch
running install_egg_info
removing '/home/athens/ros2_athens_ws/install/stm_station/lib/python3.12/site-packages/stm_station-0.0.0-py3.12.egg-info' (and everything under it)
Copying ../../build/stm_station/stm_station.egg-info to /home/athens/ros2_athens_ws/install/stm_station/lib/python3.12/site-packages/stm_station-0.0.0-py3.12.egg-info
running install_scripts
Installing stm_control_node script to /home/athens/ros2_athens_ws/install/stm_station/lib/stm_station
Installing stm_pub_node script to /home/athens/ros2_athens_ws/install/stm_station/lib/stm_station
Installing stm_sub_node script to /home/athens/ros2_athens_ws/install/stm_station/lib/stm_station
writing list of installed files to '/home/athens/ros2_athens_ws/build/stm_station/install.log'
