[1.427s] Invoking command in '/home/athens/ros2_athens_ws/src/first_package': DEBUGINFOD_URLS=https://debuginfod.ubuntu.com PYTHONPATH=/home/athens/ros2_athens_ws/build/first_package/prefix_override:/usr/lib/python3/dist-packages/colcon_core/task/python/colcon_distutils_commands:/home/athens/ros2_athens_ws/install/first_package/lib/python3.12/site-packages:${PYTHONPATH} /usr/bin/python3 -W ignore:setup.py install is deprecated -W ignore:easy_install command is deprecated setup.py egg_info --egg-base ../../build/first_package build --build-base /home/athens/ros2_athens_ws/build/first_package/build install --record /home/athens/ros2_athens_ws/build/first_package/install.log --single-version-externally-managed install_data
[1.762s] running egg_info
[1.789s] writing ../../build/first_package/first_package.egg-info/PKG-INFO
[1.789s] writing dependency_links to ../../build/first_package/first_package.egg-info/dependency_links.txt
[1.790s] writing entry points to ../../build/first_package/first_package.egg-info/entry_points.txt
[1.790s] writing requirements to ../../build/first_package/first_package.egg-info/requires.txt
[1.791s] writing top-level names to ../../build/first_package/first_package.egg-info/top_level.txt
[1.842s] reading manifest file '../../build/first_package/first_package.egg-info/SOURCES.txt'
[1.842s] writing manifest file '../../build/first_package/first_package.egg-info/SOURCES.txt'
[1.843s] running build
[1.843s] running build_py
[1.844s] running install
[1.852s] running install_lib
[1.889s] running install_data
[1.890s] running install_egg_info
[1.915s] removing '/home/athens/ros2_athens_ws/install/first_package/lib/python3.12/site-packages/first_package-0.0.0-py3.12.egg-info' (and everything under it)
[1.915s] Copying ../../build/first_package/first_package.egg-info to /home/athens/ros2_athens_ws/install/first_package/lib/python3.12/site-packages/first_package-0.0.0-py3.12.egg-info
[1.916s] running install_scripts
[2.131s] Installing second_publisher_node script to /home/athens/ros2_athens_ws/install/first_package/lib/first_package
[2.132s] Installing second_pubsub_node script to /home/athens/ros2_athens_ws/install/first_package/lib/first_package
[2.132s] Installing second_subscriber_node script to /home/athens/ros2_athens_ws/install/first_package/lib/first_package
[2.133s] Installing simple_publisher_node script to /home/athens/ros2_athens_ws/install/first_package/lib/first_package
[2.133s] Installing simple_pubsub_node script to /home/athens/ros2_athens_ws/install/first_package/lib/first_package
[2.133s] Installing simple_service script to /home/athens/ros2_athens_ws/install/first_package/lib/first_package
[2.133s] Installing simple_subscriber_node script to /home/athens/ros2_athens_ws/install/first_package/lib/first_package
[2.134s] writing list of installed files to '/home/athens/ros2_athens_ws/build/first_package/install.log'
[2.185s] Invoked command in '/home/athens/ros2_athens_ws/src/first_package' returned '0': DEBUGINFOD_URLS=https://debuginfod.ubuntu.com PYTHONPATH=/home/athens/ros2_athens_ws/build/first_package/prefix_override:/usr/lib/python3/dist-packages/colcon_core/task/python/colcon_distutils_commands:/home/athens/ros2_athens_ws/install/first_package/lib/python3.12/site-packages:${PYTHONPATH} /usr/bin/python3 -W ignore:setup.py install is deprecated -W ignore:easy_install command is deprecated setup.py egg_info --egg-base ../../build/first_package build --build-base /home/athens/ros2_athens_ws/build/first_package/build install --record /home/athens/ros2_athens_ws/build/first_package/install.log --single-version-externally-managed install_data
