[1.662s] Invoking command in '/home/athens/ros2_athens_ws/src/stm_station': DEBUGINFOD_URLS=https://debuginfod.ubuntu.com PYTHONPATH=/home/athens/ros2_athens_ws/build/stm_station/prefix_override:/usr/lib/python3/dist-packages/colcon_core/task/python/colcon_distutils_commands:/home/athens/ros2_athens_ws/install/stm_station/lib/python3.12/site-packages:${PYTHONPATH} /usr/bin/python3 -W ignore:setup.py install is deprecated -W ignore:easy_install command is deprecated setup.py egg_info --egg-base ../../build/stm_station build --build-base /home/athens/ros2_athens_ws/build/stm_station/build install --record /home/athens/ros2_athens_ws/build/stm_station/install.log --single-version-externally-managed install_data
[2.007s] running egg_info
[2.032s] writing ../../build/stm_station/stm_station.egg-info/PKG-INFO
[2.032s] writing dependency_links to ../../build/stm_station/stm_station.egg-info/dependency_links.txt
[2.032s] writing entry points to ../../build/stm_station/stm_station.egg-info/entry_points.txt
[2.032s] writing requirements to ../../build/stm_station/stm_station.egg-info/requires.txt
[2.033s] writing top-level names to ../../build/stm_station/stm_station.egg-info/top_level.txt
[2.081s] reading manifest file '../../build/stm_station/stm_station.egg-info/SOURCES.txt'
[2.082s] writing manifest file '../../build/stm_station/stm_station.egg-info/SOURCES.txt'
[2.082s] running build
[2.082s] running build_py
[2.083s] running install
[2.089s] running install_lib
[2.113s] running install_data
[2.113s] creating /home/athens/ros2_athens_ws/install/stm_station/share/stm_station/launch
[2.113s] copying launch/stm_station_launch.py -> /home/athens/ros2_athens_ws/install/stm_station/share/stm_station/launch
[2.113s] running install_egg_info
[2.138s] removing '/home/athens/ros2_athens_ws/install/stm_station/lib/python3.12/site-packages/stm_station-0.0.0-py3.12.egg-info' (and everything under it)
[2.138s] Copying ../../build/stm_station/stm_station.egg-info to /home/athens/ros2_athens_ws/install/stm_station/lib/python3.12/site-packages/stm_station-0.0.0-py3.12.egg-info
[2.139s] running install_scripts
[2.293s] Installing stm_control_node script to /home/athens/ros2_athens_ws/install/stm_station/lib/stm_station
[2.293s] Installing stm_pub_node script to /home/athens/ros2_athens_ws/install/stm_station/lib/stm_station
[2.293s] Installing stm_sub_node script to /home/athens/ros2_athens_ws/install/stm_station/lib/stm_station
[2.294s] writing list of installed files to '/home/athens/ros2_athens_ws/build/stm_station/install.log'
[2.342s] Invoked command in '/home/athens/ros2_athens_ws/src/stm_station' returned '0': DEBUGINFOD_URLS=https://debuginfod.ubuntu.com PYTHONPATH=/home/athens/ros2_athens_ws/build/stm_station/prefix_override:/usr/lib/python3/dist-packages/colcon_core/task/python/colcon_distutils_commands:/home/athens/ros2_athens_ws/install/stm_station/lib/python3.12/site-packages:${PYTHONPATH} /usr/bin/python3 -W ignore:setup.py install is deprecated -W ignore:easy_install command is deprecated setup.py egg_info --egg-base ../../build/stm_station build --build-base /home/athens/ros2_athens_ws/build/stm_station/build install --record /home/athens/ros2_athens_ws/build/stm_station/install.log --single-version-externally-managed install_data
