[1.737s] Invoking command in '/home/athens/ros2_athens_ws/src/stm_station': DEBUGINFOD_URLS=https://debuginfod.ubuntu.com PYTHONPATH=/home/athens/ros2_athens_ws/build/stm_station/prefix_override:/usr/lib/python3/dist-packages/colcon_core/task/python/colcon_distutils_commands:/home/athens/ros2_athens_ws/install/stm_station/lib/python3.12/site-packages:${PYTHONPATH} /usr/bin/python3 -W ignore:setup.py install is deprecated -W ignore:easy_install command is deprecated setup.py egg_info --egg-base ../../build/stm_station build --build-base /home/athens/ros2_athens_ws/build/stm_station/build install --record /home/athens/ros2_athens_ws/build/stm_station/install.log --single-version-externally-managed install_data
[2.067s] running egg_info
[2.090s] writing ../../build/stm_station/stm_station.egg-info/PKG-INFO
[2.091s] writing dependency_links to ../../build/stm_station/stm_station.egg-info/dependency_links.txt
[2.091s] writing entry points to ../../build/stm_station/stm_station.egg-info/entry_points.txt
[2.091s] writing requirements to ../../build/stm_station/stm_station.egg-info/requires.txt
[2.091s] writing top-level names to ../../build/stm_station/stm_station.egg-info/top_level.txt
[2.136s] reading manifest file '../../build/stm_station/stm_station.egg-info/SOURCES.txt'
[2.137s] writing manifest file '../../build/stm_station/stm_station.egg-info/SOURCES.txt'
[2.138s] running build
[2.138s] running build_py
[2.140s] running install
[2.146s] running install_lib
[2.167s] running install_data
[2.168s] running install_egg_info
[2.193s] removing '/home/athens/ros2_athens_ws/install/stm_station/lib/python3.12/site-packages/stm_station-0.0.0-py3.12.egg-info' (and everything under it)
[2.193s] Copying ../../build/stm_station/stm_station.egg-info to /home/athens/ros2_athens_ws/install/stm_station/lib/python3.12/site-packages/stm_station-0.0.0-py3.12.egg-info
[2.194s] running install_scripts
[2.342s] Installing stm_pub_node script to /home/athens/ros2_athens_ws/install/stm_station/lib/stm_station
[2.343s] Installing stm_sub_node script to /home/athens/ros2_athens_ws/install/stm_station/lib/stm_station
[2.343s] writing list of installed files to '/home/athens/ros2_athens_ws/build/stm_station/install.log'
[2.386s] Invoked command in '/home/athens/ros2_athens_ws/src/stm_station' returned '0': DEBUGINFOD_URLS=https://debuginfod.ubuntu.com PYTHONPATH=/home/athens/ros2_athens_ws/build/stm_station/prefix_override:/usr/lib/python3/dist-packages/colcon_core/task/python/colcon_distutils_commands:/home/athens/ros2_athens_ws/install/stm_station/lib/python3.12/site-packages:${PYTHONPATH} /usr/bin/python3 -W ignore:setup.py install is deprecated -W ignore:easy_install command is deprecated setup.py egg_info --egg-base ../../build/stm_station build --build-base /home/athens/ros2_athens_ws/build/stm_station/build install --record /home/athens/ros2_athens_ws/build/stm_station/install.log --single-version-externally-managed install_data
