[1.734s] Invoking command in '/home/athens/ros2_athens_ws/src/first_package': DEBUGINFOD_URLS=https://debuginfod.ubuntu.com PYTHONPATH=/home/athens/ros2_athens_ws/build/first_package/prefix_override:/usr/lib/python3/dist-packages/colcon_core/task/python/colcon_distutils_commands:/home/athens/ros2_athens_ws/install/first_package/lib/python3.12/site-packages:${PYTHONPATH} /usr/bin/python3 -W ignore:setup.py install is deprecated -W ignore:easy_install command is deprecated setup.py egg_info --egg-base ../../build/first_package build --build-base /home/athens/ros2_athens_ws/build/first_package/build install --record /home/athens/ros2_athens_ws/build/first_package/install.log --single-version-externally-managed install_data
[2.070s] running egg_info
[2.098s] writing ../../build/first_package/first_package.egg-info/PKG-INFO
[2.098s] writing dependency_links to ../../build/first_package/first_package.egg-info/dependency_links.txt
[2.099s] writing entry points to ../../build/first_package/first_package.egg-info/entry_points.txt
[2.100s] writing requirements to ../../build/first_package/first_package.egg-info/requires.txt
[2.100s] writing top-level names to ../../build/first_package/first_package.egg-info/top_level.txt
[2.168s] reading manifest file '../../build/first_package/first_package.egg-info/SOURCES.txt'
[2.170s] writing manifest file '../../build/first_package/first_package.egg-info/SOURCES.txt'
[2.170s] running build
[2.170s] running build_py
[2.171s] running install
[2.178s] running install_lib
[2.204s] running install_data
[2.204s] running install_egg_info
[2.229s] removing '/home/athens/ros2_athens_ws/install/first_package/lib/python3.12/site-packages/first_package-0.0.0-py3.12.egg-info' (and everything under it)
[2.231s] Copying ../../build/first_package/first_package.egg-info to /home/athens/ros2_athens_ws/install/first_package/lib/python3.12/site-packages/first_package-0.0.0-py3.12.egg-info
[2.231s] running install_scripts
[2.396s] Installing second_publisher_node script to /home/athens/ros2_athens_ws/install/first_package/lib/first_package
[2.398s] Installing second_pubsub_node script to /home/athens/ros2_athens_ws/install/first_package/lib/first_package
[2.399s] Installing second_subscriber_node script to /home/athens/ros2_athens_ws/install/first_package/lib/first_package
[2.399s] Installing simple_publisher_node script to /home/athens/ros2_athens_ws/install/first_package/lib/first_package
[2.399s] Installing simple_pubsub_node script to /home/athens/ros2_athens_ws/install/first_package/lib/first_package
[2.399s] Installing simple_service script to /home/athens/ros2_athens_ws/install/first_package/lib/first_package
[2.399s] Installing simple_subscriber_node script to /home/athens/ros2_athens_ws/install/first_package/lib/first_package
[2.400s] writing list of installed files to '/home/athens/ros2_athens_ws/build/first_package/install.log'
[2.489s] Invoked command in '/home/athens/ros2_athens_ws/src/first_package' returned '0': DEBUGINFOD_URLS=https://debuginfod.ubuntu.com PYTHONPATH=/home/athens/ros2_athens_ws/build/first_package/prefix_override:/usr/lib/python3/dist-packages/colcon_core/task/python/colcon_distutils_commands:/home/athens/ros2_athens_ws/install/first_package/lib/python3.12/site-packages:${PYTHONPATH} /usr/bin/python3 -W ignore:setup.py install is deprecated -W ignore:easy_install command is deprecated setup.py egg_info --egg-base ../../build/first_package build --build-base /home/athens/ros2_athens_ws/build/first_package/build install --record /home/athens/ros2_athens_ws/build/first_package/install.log --single-version-externally-managed install_data
