[0.018s] Invoking command in '/home/athens/ros2_athens_ws/build/first_interfaces': CMAKE_PREFIX_PATH=${CMAKE_PREFIX_PATH}:/opt/ros/jazzy DEBUGINFOD_URLS=https://debuginfod.ubuntu.com /usr/bin/cmake --build /home/athens/ros2_athens_ws/build/first_interfaces -- -j3 -l3
[0.393s] [  2%] Built target first_interfaces__rosidl_generator_type_description
[0.393s] [  2%] Built target ament_cmake_python_copy_first_interfaces
[0.393s] [  4%] Built target first_interfaces__cpp
[0.393s] [ 22%] Built target first_interfaces__rosidl_generator_c
[0.393s] [ 31%] Built target first_interfaces__rosidl_typesupport_introspection_c
[0.393s] [ 40%] Built target first_interfaces__rosidl_typesupport_fastrtps_cpp
[0.393s] [ 50%] Built target first_interfaces__rosidl_typesupport_c
[0.393s] [ 59%] Built target first_interfaces__rosidl_typesupport_introspection_cpp
[0.393s] [ 68%] Built target first_interfaces__rosidl_typesupport_cpp
[0.393s] [ 77%] Built target first_interfaces__rosidl_typesupport_fastrtps_c
[0.403s] [ 77%] Built target first_interfaces
[0.438s] [ 79%] Built target first_interfaces__py
[0.487s] [ 86%] Built target first_interfaces__rosidl_generator_py
[0.523s] [ 90%] Built target first_interfaces_s__rosidl_typesupport_fastrtps_c
[0.549s] [ 95%] Built target first_interfaces_s__rosidl_typesupport_introspection_c
[0.565s] [100%] Built target first_interfaces_s__rosidl_typesupport_c
[0.608s] running egg_info
[0.663s] writing first_interfaces.egg-info/PKG-INFO
[0.663s] writing dependency_links to first_interfaces.egg-info/dependency_links.txt
[0.663s] writing top-level names to first_interfaces.egg-info/top_level.txt
[0.758s] reading manifest file 'first_interfaces.egg-info/SOURCES.txt'
[0.758s] writing manifest file 'first_interfaces.egg-info/SOURCES.txt'
[0.798s] [100%] Built target ament_cmake_python_build_first_interfaces_egg
