[1.259s] Invoking command in '/home/athens/ros2_athens_ws/src/stm_station': DEBUGINFOD_URLS=https://debuginfod.ubuntu.com PYTHONPATH=/home/athens/ros2_athens_ws/build/stm_station/prefix_override:/usr/lib/python3/dist-packages/colcon_core/task/python/colcon_distutils_commands:/home/athens/ros2_athens_ws/install/stm_station/lib/python3.12/site-packages:${PYTHONPATH} /usr/bin/python3 -W ignore:setup.py install is deprecated -W ignore:easy_install command is deprecated setup.py egg_info --egg-base ../../build/stm_station build --build-base /home/athens/ros2_athens_ws/build/stm_station/build install --record /home/athens/ros2_athens_ws/build/stm_station/install.log --single-version-externally-managed install_data
[1.666s] running egg_info
[1.689s] writing ../../build/stm_station/stm_station.egg-info/PKG-INFO
[1.689s] writing dependency_links to ../../build/stm_station/stm_station.egg-info/dependency_links.txt
[1.690s] writing entry points to ../../build/stm_station/stm_station.egg-info/entry_points.txt
[1.690s] writing requirements to ../../build/stm_station/stm_station.egg-info/requires.txt
[1.690s] writing top-level names to ../../build/stm_station/stm_station.egg-info/top_level.txt
[1.744s] reading manifest file '../../build/stm_station/stm_station.egg-info/SOURCES.txt'
[1.744s] writing manifest file '../../build/stm_station/stm_station.egg-info/SOURCES.txt'
[1.744s] running build
[1.745s] running build_py
[1.745s] running install
[1.755s] running install_lib
[1.785s] running install_data
[1.786s] running install_egg_info
[1.842s] removing '/home/athens/ros2_athens_ws/install/stm_station/lib/python3.12/site-packages/stm_station-0.0.0-py3.12.egg-info' (and everything under it)
[1.842s] Copying ../../build/stm_station/stm_station.egg-info to /home/athens/ros2_athens_ws/install/stm_station/lib/python3.12/site-packages/stm_station-0.0.0-py3.12.egg-info
[1.842s] running install_scripts
[2.061s] Installing stm_control_node script to /home/athens/ros2_athens_ws/install/stm_station/lib/stm_station
[2.062s] Installing stm_pub_node script to /home/athens/ros2_athens_ws/install/stm_station/lib/stm_station
[2.062s] Installing stm_sub_node script to /home/athens/ros2_athens_ws/install/stm_station/lib/stm_station
[2.063s] writing list of installed files to '/home/athens/ros2_athens_ws/build/stm_station/install.log'
[2.098s] Invoked command in '/home/athens/ros2_athens_ws/src/stm_station' returned '0': DEBUGINFOD_URLS=https://debuginfod.ubuntu.com PYTHONPATH=/home/athens/ros2_athens_ws/build/stm_station/prefix_override:/usr/lib/python3/dist-packages/colcon_core/task/python/colcon_distutils_commands:/home/athens/ros2_athens_ws/install/stm_station/lib/python3.12/site-packages:${PYTHONPATH} /usr/bin/python3 -W ignore:setup.py install is deprecated -W ignore:easy_install command is deprecated setup.py egg_info --egg-base ../../build/stm_station build --build-base /home/athens/ros2_athens_ws/build/stm_station/build install --record /home/athens/ros2_athens_ws/build/stm_station/install.log --single-version-externally-managed install_data
