running egg_info
creating ../../build/stm_station/stm_station.egg-info
writing ../../build/stm_station/stm_station.egg-info/PKG-INFO
writing dependency_links to ../../build/stm_station/stm_station.egg-info/dependency_links.txt
writing entry points to ../../build/stm_station/stm_station.egg-info/entry_points.txt
writing requirements to ../../build/stm_station/stm_station.egg-info/requires.txt
writing top-level names to ../../build/stm_station/stm_station.egg-info/top_level.txt
writing manifest file '../../build/stm_station/stm_station.egg-info/SOURCES.txt'
reading manifest file '../../build/stm_station/stm_station.egg-info/SOURCES.txt'
writing manifest file '../../build/stm_station/stm_station.egg-info/SOURCES.txt'
running build
running build_py
creating /home/athens/ros2_athens_ws/build/stm_station/build
creating /home/athens/ros2_athens_ws/build/stm_station/build/lib
creating /home/athens/ros2_athens_ws/build/stm_station/build/lib/stm_station
copying stm_station/stm_serial_node_pub_sub.py -> /home/athens/ros2_athens_ws/build/stm_station/build/lib/stm_station
copying stm_station/__init__.py -> /home/athens/ros2_athens_ws/build/stm_station/build/lib/stm_station
copying stm_station/stm_serial_node_pub.py -> /home/athens/ros2_athens_ws/build/stm_station/build/lib/stm_station
running install
running install_lib
creating /home/athens/ros2_athens_ws/install/stm_station/lib/python3.12/site-packages/stm_station
copying /home/athens/ros2_athens_ws/build/stm_station/build/lib/stm_station/stm_serial_node_pub_sub.py -> /home/athens/ros2_athens_ws/install/stm_station/lib/python3.12/site-packages/stm_station
copying /home/athens/ros2_athens_ws/build/stm_station/build/lib/stm_station/__init__.py -> /home/athens/ros2_athens_ws/install/stm_station/lib/python3.12/site-packages/stm_station
copying /home/athens/ros2_athens_ws/build/stm_station/build/lib/stm_station/stm_serial_node_pub.py -> /home/athens/ros2_athens_ws/install/stm_station/lib/python3.12/site-packages/stm_station
byte-compiling /home/athens/ros2_athens_ws/install/stm_station/lib/python3.12/site-packages/stm_station/stm_serial_node_pub_sub.py to stm_serial_node_pub_sub.cpython-312.pyc
byte-compiling /home/athens/ros2_athens_ws/install/stm_station/lib/python3.12/site-packages/stm_station/__init__.py to __init__.cpython-312.pyc
byte-compiling /home/athens/ros2_athens_ws/install/stm_station/lib/python3.12/site-packages/stm_station/stm_serial_node_pub.py to stm_serial_node_pub.cpython-312.pyc
running install_data
creating /home/athens/ros2_athens_ws/install/stm_station/share/ament_index
creating /home/athens/ros2_athens_ws/install/stm_station/share/ament_index/resource_index
creating /home/athens/ros2_athens_ws/install/stm_station/share/ament_index/resource_index/packages
copying resource/stm_station -> /home/athens/ros2_athens_ws/install/stm_station/share/ament_index/resource_index/packages
copying package.xml -> /home/athens/ros2_athens_ws/install/stm_station/share/stm_station
running install_egg_info
Copying ../../build/stm_station/stm_station.egg-info to /home/athens/ros2_athens_ws/install/stm_station/lib/python3.12/site-packages/stm_station-0.0.0-py3.12.egg-info
running install_scripts
Installing stm_pub_node script to /home/athens/ros2_athens_ws/install/stm_station/lib/stm_station
Installing stm_sub_node script to /home/athens/ros2_athens_ws/install/stm_station/lib/stm_station
writing list of installed files to '/home/athens/ros2_athens_ws/build/stm_station/install.log'
