[1.796s] Invoking command in '/home/athens/ros2_athens_ws/src/stm_station': DEBUGINFOD_URLS=https://debuginfod.ubuntu.com PYTHONPATH=/home/athens/ros2_athens_ws/build/stm_station/prefix_override:/usr/lib/python3/dist-packages/colcon_core/task/python/colcon_distutils_commands:/home/athens/ros2_athens_ws/install/stm_station/lib/python3.12/site-packages:${PYTHONPATH} /usr/bin/python3 -W ignore:setup.py install is deprecated -W ignore:easy_install command is deprecated setup.py egg_info --egg-base ../../build/stm_station build --build-base /home/athens/ros2_athens_ws/build/stm_station/build install --record /home/athens/ros2_athens_ws/build/stm_station/install.log --single-version-externally-managed install_data
[2.138s] running egg_info
[2.139s] creating ../../build/stm_station/stm_station.egg-info
[2.163s] writing ../../build/stm_station/stm_station.egg-info/PKG-INFO
[2.163s] writing dependency_links to ../../build/stm_station/stm_station.egg-info/dependency_links.txt
[2.164s] writing entry points to ../../build/stm_station/stm_station.egg-info/entry_points.txt
[2.164s] writing requirements to ../../build/stm_station/stm_station.egg-info/requires.txt
[2.164s] writing top-level names to ../../build/stm_station/stm_station.egg-info/top_level.txt
[2.164s] writing manifest file '../../build/stm_station/stm_station.egg-info/SOURCES.txt'
[2.209s] reading manifest file '../../build/stm_station/stm_station.egg-info/SOURCES.txt'
[2.210s] writing manifest file '../../build/stm_station/stm_station.egg-info/SOURCES.txt'
[2.210s] running build
[2.211s] running build_py
[2.211s] creating /home/athens/ros2_athens_ws/build/stm_station/build
[2.211s] creating /home/athens/ros2_athens_ws/build/stm_station/build/lib
[2.211s] creating /home/athens/ros2_athens_ws/build/stm_station/build/lib/stm_station
[2.211s] copying stm_station/stm_serial_node_pub_sub.py -> /home/athens/ros2_athens_ws/build/stm_station/build/lib/stm_station
[2.211s] copying stm_station/__init__.py -> /home/athens/ros2_athens_ws/build/stm_station/build/lib/stm_station
[2.211s] copying stm_station/stm_serial_node_pub.py -> /home/athens/ros2_athens_ws/build/stm_station/build/lib/stm_station
[2.212s] running install
[2.218s] running install_lib
[2.241s] creating /home/athens/ros2_athens_ws/install/stm_station/lib/python3.12/site-packages/stm_station
[2.241s] copying /home/athens/ros2_athens_ws/build/stm_station/build/lib/stm_station/stm_serial_node_pub_sub.py -> /home/athens/ros2_athens_ws/install/stm_station/lib/python3.12/site-packages/stm_station
[2.241s] copying /home/athens/ros2_athens_ws/build/stm_station/build/lib/stm_station/__init__.py -> /home/athens/ros2_athens_ws/install/stm_station/lib/python3.12/site-packages/stm_station
[2.242s] copying /home/athens/ros2_athens_ws/build/stm_station/build/lib/stm_station/stm_serial_node_pub.py -> /home/athens/ros2_athens_ws/install/stm_station/lib/python3.12/site-packages/stm_station
[2.243s] byte-compiling /home/athens/ros2_athens_ws/install/stm_station/lib/python3.12/site-packages/stm_station/stm_serial_node_pub_sub.py to stm_serial_node_pub_sub.cpython-312.pyc
[2.243s] byte-compiling /home/athens/ros2_athens_ws/install/stm_station/lib/python3.12/site-packages/stm_station/__init__.py to __init__.cpython-312.pyc
[2.243s] byte-compiling /home/athens/ros2_athens_ws/install/stm_station/lib/python3.12/site-packages/stm_station/stm_serial_node_pub.py to stm_serial_node_pub.cpython-312.pyc
[2.244s] running install_data
[2.244s] creating /home/athens/ros2_athens_ws/install/stm_station/share/ament_index
[2.244s] creating /home/athens/ros2_athens_ws/install/stm_station/share/ament_index/resource_index
[2.244s] creating /home/athens/ros2_athens_ws/install/stm_station/share/ament_index/resource_index/packages
[2.244s] copying resource/stm_station -> /home/athens/ros2_athens_ws/install/stm_station/share/ament_index/resource_index/packages
[2.244s] copying package.xml -> /home/athens/ros2_athens_ws/install/stm_station/share/stm_station
[2.244s] running install_egg_info
[2.269s] Copying ../../build/stm_station/stm_station.egg-info to /home/athens/ros2_athens_ws/install/stm_station/lib/python3.12/site-packages/stm_station-0.0.0-py3.12.egg-info
[2.270s] running install_scripts
[2.412s] Installing stm_pub_node script to /home/athens/ros2_athens_ws/install/stm_station/lib/stm_station
[2.412s] Installing stm_sub_node script to /home/athens/ros2_athens_ws/install/stm_station/lib/stm_station
[2.413s] writing list of installed files to '/home/athens/ros2_athens_ws/build/stm_station/install.log'
[2.455s] Invoked command in '/home/athens/ros2_athens_ws/src/stm_station' returned '0': DEBUGINFOD_URLS=https://debuginfod.ubuntu.com PYTHONPATH=/home/athens/ros2_athens_ws/build/stm_station/prefix_override:/usr/lib/python3/dist-packages/colcon_core/task/python/colcon_distutils_commands:/home/athens/ros2_athens_ws/install/stm_station/lib/python3.12/site-packages:${PYTHONPATH} /usr/bin/python3 -W ignore:setup.py install is deprecated -W ignore:easy_install command is deprecated setup.py egg_info --egg-base ../../build/stm_station build --build-base /home/athens/ros2_athens_ws/build/stm_station/build install --record /home/athens/ros2_athens_ws/build/stm_station/install.log --single-version-externally-managed install_data
