[0.051s] Invoking command in '/home/athens/ros2_athens_ws/build/first_interfaces': CMAKE_PREFIX_PATH=${CMAKE_PREFIX_PATH}:/opt/ros/jazzy DEBUGINFOD_URLS=https://debuginfod.ubuntu.com /usr/bin/cmake --build /home/athens/ros2_athens_ws/build/first_interfaces -- -j3 -l3
[0.521s] [  2%] Built target first_interfaces__rosidl_generator_type_description
[0.521s] [  2%] Built target ament_cmake_python_copy_first_interfaces
[0.521s] [  4%] Built target first_interfaces__cpp
[0.522s] [ 22%] Built target first_interfaces__rosidl_generator_c
[0.522s] [ 31%] Built target first_interfaces__rosidl_typesupport_cpp
[0.522s] [ 40%] Built target first_interfaces__rosidl_typesupport_fastrtps_c
[0.523s] [ 50%] Built target first_interfaces__rosidl_typesupport_fastrtps_cpp
[0.523s] [ 59%] Built target first_interfaces__rosidl_typesupport_introspection_c
[0.523s] [ 68%] Built target first_interfaces__rosidl_typesupport_c
[0.555s] [ 77%] Built target first_interfaces__rosidl_typesupport_introspection_cpp
[0.593s] [ 77%] Built target first_interfaces
[0.627s] [ 79%] Built target first_interfaces__py
[0.706s] [ 86%] Built target first_interfaces__rosidl_generator_py
[0.759s] [ 90%] Built target first_interfaces_s__rosidl_typesupport_fastrtps_c
[0.761s] [ 95%] Built target first_interfaces_s__rosidl_typesupport_introspection_c
[0.764s] running egg_info
[0.813s] writing first_interfaces.egg-info/PKG-INFO
[0.814s] writing dependency_links to first_interfaces.egg-info/dependency_links.txt
[0.815s] writing top-level names to first_interfaces.egg-info/top_level.txt
[0.821s] [100%] Built target first_interfaces_s__rosidl_typesupport_c
[0.885s] reading manifest file 'first_interfaces.egg-info/SOURCES.txt'
[0.885s] writing manifest file 'first_interfaces.egg-info/SOURCES.txt'
[0.919s] [100%] Built target ament_cmake_python_build_first_interfaces_egg
