/home/athens/ros2_athens_ws/install/stm_station/lib/python3.12/site-packages/stm_station/stm_serial_node_pub_sub.py
/home/athens/ros2_athens_ws/install/stm_station/lib/python3.12/site-packages/stm_station/__init__.py
/home/athens/ros2_athens_ws/install/stm_station/lib/python3.12/site-packages/stm_station/stm_control_node_master_slave.py
/home/athens/ros2_athens_ws/install/stm_station/lib/python3.12/site-packages/stm_station/stm_serial_node_pub.py
/home/athens/ros2_athens_ws/install/stm_station/lib/python3.12/site-packages/stm_station/__pycache__/stm_serial_node_pub_sub.cpython-312.pyc
/home/athens/ros2_athens_ws/install/stm_station/lib/python3.12/site-packages/stm_station/__pycache__/__init__.cpython-312.pyc
/home/athens/ros2_athens_ws/install/stm_station/lib/python3.12/site-packages/stm_station/__pycache__/stm_control_node_master_slave.cpython-312.pyc
/home/athens/ros2_athens_ws/install/stm_station/lib/python3.12/site-packages/stm_station/__pycache__/stm_serial_node_pub.cpython-312.pyc
/home/athens/ros2_athens_ws/install/stm_station/share/ament_index/resource_index/packages/stm_station
/home/athens/ros2_athens_ws/install/stm_station/share/stm_station/package.xml
/home/athens/ros2_athens_ws/install/stm_station/share/stm_station/launch/stm_station_launch.py
/home/athens/ros2_athens_ws/install/stm_station/lib/python3.12/site-packages/stm_station-0.0.0-py3.12.egg-info/SOURCES.txt
/home/athens/ros2_athens_ws/install/stm_station/lib/python3.12/site-packages/stm_station-0.0.0-py3.12.egg-info/dependency_links.txt
/home/athens/ros2_athens_ws/install/stm_station/lib/python3.12/site-packages/stm_station-0.0.0-py3.12.egg-info/entry_points.txt
/home/athens/ros2_athens_ws/install/stm_station/lib/python3.12/site-packages/stm_station-0.0.0-py3.12.egg-info/requires.txt
/home/athens/ros2_athens_ws/install/stm_station/lib/python3.12/site-packages/stm_station-0.0.0-py3.12.egg-info/zip-safe
/home/athens/ros2_athens_ws/install/stm_station/lib/python3.12/site-packages/stm_station-0.0.0-py3.12.egg-info/PKG-INFO
/home/athens/ros2_athens_ws/install/stm_station/lib/python3.12/site-packages/stm_station-0.0.0-py3.12.egg-info/top_level.txt
/home/athens/ros2_athens_ws/install/stm_station/lib/stm_station/stm_control_node
/home/athens/ros2_athens_ws/install/stm_station/lib/stm_station/stm_pub_node
/home/athens/ros2_athens_ws/install/stm_station/lib/stm_station/stm_sub_node
