[0.011s] Invoking command in '/home/athens/ros2_athens_ws/build/stm_interfaces': CMAKE_PREFIX_PATH=${CMAKE_PREFIX_PATH}:/home/athens/ros2_athens_ws/install/first_package:/home/athens/ros2_athens_ws/src/install/first_package:/opt/ros/jazzy DEBUGINFOD_URLS=https://debuginfod.ubuntu.com /usr/bin/cmake /home/athens/ros2_athens_ws/src/stm_interfaces -DCMAKE_INSTALL_PREFIX=/home/athens/ros2_athens_ws/install/stm_interfaces
[0.089s] -- The C compiler identification is GNU 13.3.0
[0.165s] -- The CXX compiler identification is GNU 13.3.0
[0.192s] -- Detecting C compiler ABI info
[0.297s] -- Detecting C compiler ABI info - done
[0.308s] -- Check for working C compiler: /usr/bin/cc - skipped
[0.309s] -- Detecting C compile features
[0.309s] -- Detecting C compile features - done
[0.321s] -- Detecting CXX compiler ABI info
[0.430s] -- Detecting CXX compiler ABI info - done
[0.447s] -- Check for working CXX compiler: /usr/bin/c++ - skipped
[0.449s] -- Detecting CXX compile features
[0.449s] -- Detecting CXX compile features - done
[0.452s] -- Found ament_cmake: 2.5.5 (/opt/ros/jazzy/share/ament_cmake/cmake)
[0.743s] -- Found Python3: /usr/bin/python3 (found version "3.12.3") found components: Interpreter 
[0.899s] -- Found rosidl_default_generators: 1.6.0 (/opt/ros/jazzy/share/rosidl_default_generators/cmake)
[0.907s] -- Using all available rosidl_typesupport_c: rosidl_typesupport_fastrtps_c;rosidl_typesupport_introspection_c
[0.986s] -- Using all available rosidl_typesupport_cpp: rosidl_typesupport_fastrtps_cpp;rosidl_typesupport_introspection_cpp
[1.047s] -- Found rosidl_adapter: 4.6.7 (/opt/ros/jazzy/share/rosidl_adapter/cmake)
[1.444s] [31mCMake Error at /opt/ros/jazzy/share/rosidl_cmake/cmake/rosidl_generate_interfaces.cmake:223 (message):
[1.444s]   Packages installing interfaces must include
[1.444s]   '<member_of_group>rosidl_interface_packages</member_of_group>' in their
[1.444s]   package.xml
[1.444s] Call Stack (most recent call first):
[1.444s]   CMakeLists.txt:14 (rosidl_generate_interfaces)
[1.444s] 
[1.444s] [0m
[1.446s] -- Configuring incomplete, errors occurred!
[1.457s] Invoked command in '/home/athens/ros2_athens_ws/build/stm_interfaces' returned '1': CMAKE_PREFIX_PATH=${CMAKE_PREFIX_PATH}:/home/athens/ros2_athens_ws/install/first_package:/home/athens/ros2_athens_ws/src/install/first_package:/opt/ros/jazzy DEBUGINFOD_URLS=https://debuginfod.ubuntu.com /usr/bin/cmake /home/athens/ros2_athens_ws/src/stm_interfaces -DCMAKE_INSTALL_PREFIX=/home/athens/ros2_athens_ws/install/stm_interfaces
