[  0%] Built target ament_cmake_python_copy_first_interfaces
[  2%] Built target first_interfaces__rosidl_generator_type_description
[  4%] Built target first_interfaces__cpp
[ 22%] Built target first_interfaces__rosidl_generator_c
[ 31%] Built target first_interfaces__rosidl_typesupport_cpp
[ 40%] Built target first_interfaces__rosidl_typesupport_fastrtps_c
[ 50%] Built target first_interfaces__rosidl_typesupport_fastrtps_cpp
[ 59%] Built target first_interfaces__rosidl_typesupport_introspection_c
[ 68%] Built target first_interfaces__rosidl_typesupport_c
[ 77%] Built target first_interfaces__rosidl_typesupport_introspection_cpp
[ 77%] Built target first_interfaces
[ 79%] Built target first_interfaces__py
[ 86%] Built target first_interfaces__rosidl_generator_py
[ 90%] Built target first_interfaces_s__rosidl_typesupport_introspection_c
[ 95%] Built target first_interfaces_s__rosidl_typesupport_fastrtps_c
[100%] Built target first_interfaces_s__rosidl_typesupport_c
running egg_info
writing first_interfaces.egg-info/PKG-INFO
writing dependency_links to first_interfaces.egg-info/dependency_links.txt
writing top-level names to first_interfaces.egg-info/top_level.txt
reading manifest file 'first_interfaces.egg-info/SOURCES.txt'
writing manifest file 'first_interfaces.egg-info/SOURCES.txt'
[100%] Built target ament_cmake_python_build_first_interfaces_egg
