[0.051s] Invoking command in '/home/athens/ros2_athens_ws/build/first_interfaces': CMAKE_PREFIX_PATH=${CMAKE_PREFIX_PATH}:/home/athens/ros2_athens_ws/install/stm_station:/home/athens/ros2_athens_ws/install/first_package:/home/athens/ros2_athens_ws/src/install/stm_station:/home/athens/ros2_athens_ws/src/install/first_package:/opt/ros/jazzy DEBUGINFOD_URLS=https://debuginfod.ubuntu.com /usr/bin/cmake --build /home/athens/ros2_athens_ws/build/first_interfaces -- -j3 -l3
[0.850s] [  0%] Built target ament_cmake_python_copy_first_interfaces
[0.850s] [  2%] Built target first_interfaces__rosidl_generator_type_description
[0.850s] [  4%] Built target first_interfaces__cpp
[0.850s] [ 22%] Built target first_interfaces__rosidl_generator_c
[0.850s] [ 31%] Built target first_interfaces__rosidl_typesupport_cpp
[0.850s] [ 40%] Built target first_interfaces__rosidl_typesupport_fastrtps_c
[0.850s] [ 50%] Built target first_interfaces__rosidl_typesupport_fastrtps_cpp
[0.850s] [ 59%] Built target first_interfaces__rosidl_typesupport_introspection_c
[0.851s] [ 68%] Built target first_interfaces__rosidl_typesupport_c
[0.851s] [ 77%] Built target first_interfaces__rosidl_typesupport_introspection_cpp
[0.851s] [ 77%] Built target first_interfaces
[0.851s] [ 79%] Built target first_interfaces__py
[0.851s] [ 86%] Built target first_interfaces__rosidl_generator_py
[0.859s] [ 90%] Built target first_interfaces_s__rosidl_typesupport_introspection_c
[0.870s] [ 95%] Built target first_interfaces_s__rosidl_typesupport_fastrtps_c
[1.002s] [100%] Built target first_interfaces_s__rosidl_typesupport_c
[1.091s] running egg_info
[1.201s] writing first_interfaces.egg-info/PKG-INFO
[1.201s] writing dependency_links to first_interfaces.egg-info/dependency_links.txt
[1.201s] writing top-level names to first_interfaces.egg-info/top_level.txt
[1.381s] reading manifest file 'first_interfaces.egg-info/SOURCES.txt'
[1.384s] writing manifest file 'first_interfaces.egg-info/SOURCES.txt'
[1.443s] [100%] Built target ament_cmake_python_build_first_interfaces_egg
