[4.012s] Invoking command in '/home/athens/ros2_athens_ws/src/first_package': DEBUGINFOD_URLS=https://debuginfod.ubuntu.com PYTHONPATH=/home/athens/ros2_athens_ws/build/first_package/prefix_override:/usr/lib/python3/dist-packages/colcon_core/task/python/colcon_distutils_commands:/home/athens/ros2_athens_ws/install/first_package/lib/python3.12/site-packages:${PYTHONPATH} /usr/bin/python3 -W ignore:setup.py install is deprecated -W ignore:easy_install command is deprecated setup.py egg_info --egg-base ../../build/first_package build --build-base /home/athens/ros2_athens_ws/build/first_package/build install --record /home/athens/ros2_athens_ws/build/first_package/install.log --single-version-externally-managed install_data
[4.844s] running egg_info
[4.893s] writing ../../build/first_package/first_package.egg-info/PKG-INFO
[4.894s] writing dependency_links to ../../build/first_package/first_package.egg-info/dependency_links.txt
[4.895s] writing entry points to ../../build/first_package/first_package.egg-info/entry_points.txt
[4.896s] writing requirements to ../../build/first_package/first_package.egg-info/requires.txt
[4.896s] writing top-level names to ../../build/first_package/first_package.egg-info/top_level.txt
[5.021s] reading manifest file '../../build/first_package/first_package.egg-info/SOURCES.txt'
[5.024s] writing manifest file '../../build/first_package/first_package.egg-info/SOURCES.txt'
[5.024s] running build
[5.027s] running build_py
[5.029s] running install
[5.044s] running install_lib
[5.126s] running install_data
[5.128s] running install_egg_info
[5.205s] removing '/home/athens/ros2_athens_ws/install/first_package/lib/python3.12/site-packages/first_package-0.0.0-py3.12.egg-info' (and everything under it)
[5.206s] Copying ../../build/first_package/first_package.egg-info to /home/athens/ros2_athens_ws/install/first_package/lib/python3.12/site-packages/first_package-0.0.0-py3.12.egg-info
[5.209s] running install_scripts
[5.599s] Installing second_publisher_node script to /home/athens/ros2_athens_ws/install/first_package/lib/first_package
[5.601s] Installing second_pubsub_node script to /home/athens/ros2_athens_ws/install/first_package/lib/first_package
[5.602s] Installing second_subscriber_node script to /home/athens/ros2_athens_ws/install/first_package/lib/first_package
[5.602s] Installing simple_publisher_node script to /home/athens/ros2_athens_ws/install/first_package/lib/first_package
[5.602s] Installing simple_pubsub_node script to /home/athens/ros2_athens_ws/install/first_package/lib/first_package
[5.605s] Installing simple_service script to /home/athens/ros2_athens_ws/install/first_package/lib/first_package
[5.606s] Installing simple_subscriber_node script to /home/athens/ros2_athens_ws/install/first_package/lib/first_package
[5.606s] writing list of installed files to '/home/athens/ros2_athens_ws/build/first_package/install.log'
[5.711s] Invoked command in '/home/athens/ros2_athens_ws/src/first_package' returned '0': DEBUGINFOD_URLS=https://debuginfod.ubuntu.com PYTHONPATH=/home/athens/ros2_athens_ws/build/first_package/prefix_override:/usr/lib/python3/dist-packages/colcon_core/task/python/colcon_distutils_commands:/home/athens/ros2_athens_ws/install/first_package/lib/python3.12/site-packages:${PYTHONPATH} /usr/bin/python3 -W ignore:setup.py install is deprecated -W ignore:easy_install command is deprecated setup.py egg_info --egg-base ../../build/first_package build --build-base /home/athens/ros2_athens_ws/build/first_package/build install --record /home/athens/ros2_athens_ws/build/first_package/install.log --single-version-externally-managed install_data
