[3.202s] Invoking command in '/home/athens/ros2_athens_ws/src/stm_station': DEBUGINFOD_URLS=https://debuginfod.ubuntu.com PYTHONPATH=/home/athens/ros2_athens_ws/build/stm_station/prefix_override:/usr/lib/python3/dist-packages/colcon_core/task/python/colcon_distutils_commands:/home/athens/ros2_athens_ws/install/stm_station/lib/python3.12/site-packages:${PYTHONPATH} /usr/bin/python3 -W ignore:setup.py install is deprecated -W ignore:easy_install command is deprecated setup.py egg_info --egg-base ../../build/stm_station build --build-base /home/athens/ros2_athens_ws/build/stm_station/build install --record /home/athens/ros2_athens_ws/build/stm_station/install.log --single-version-externally-managed install_data
[3.835s] running egg_info
[3.861s] writing ../../build/stm_station/stm_station.egg-info/PKG-INFO
[3.862s] writing dependency_links to ../../build/stm_station/stm_station.egg-info/dependency_links.txt
[3.862s] writing entry points to ../../build/stm_station/stm_station.egg-info/entry_points.txt
[3.862s] writing requirements to ../../build/stm_station/stm_station.egg-info/requires.txt
[3.863s] writing top-level names to ../../build/stm_station/stm_station.egg-info/top_level.txt
[3.919s] reading manifest file '../../build/stm_station/stm_station.egg-info/SOURCES.txt'
[3.919s] writing manifest file '../../build/stm_station/stm_station.egg-info/SOURCES.txt'
[3.920s] running build
[3.920s] running build_py
[3.920s] running install
[3.927s] running install_lib
[3.954s] running install_data
[3.955s] running install_egg_info
[3.988s] removing '/home/athens/ros2_athens_ws/install/stm_station/lib/python3.12/site-packages/stm_station-0.0.0-py3.12.egg-info' (and everything under it)
[3.989s] Copying ../../build/stm_station/stm_station.egg-info to /home/athens/ros2_athens_ws/install/stm_station/lib/python3.12/site-packages/stm_station-0.0.0-py3.12.egg-info
[3.989s] running install_scripts
[4.170s] Installing stm_pub_node script to /home/athens/ros2_athens_ws/install/stm_station/lib/stm_station
[4.172s] Installing stm_sub_node script to /home/athens/ros2_athens_ws/install/stm_station/lib/stm_station
[4.172s] writing list of installed files to '/home/athens/ros2_athens_ws/build/stm_station/install.log'
[4.243s] Invoked command in '/home/athens/ros2_athens_ws/src/stm_station' returned '0': DEBUGINFOD_URLS=https://debuginfod.ubuntu.com PYTHONPATH=/home/athens/ros2_athens_ws/build/stm_station/prefix_override:/usr/lib/python3/dist-packages/colcon_core/task/python/colcon_distutils_commands:/home/athens/ros2_athens_ws/install/stm_station/lib/python3.12/site-packages:${PYTHONPATH} /usr/bin/python3 -W ignore:setup.py install is deprecated -W ignore:easy_install command is deprecated setup.py egg_info --egg-base ../../build/stm_station build --build-base /home/athens/ros2_athens_ws/build/stm_station/build install --record /home/athens/ros2_athens_ws/build/stm_station/install.log --single-version-externally-managed install_data
