[1.109s] Invoking command in '/home/athens/ros2_athens_ws/src/first_package': DEBUGINFOD_URLS=https://debuginfod.ubuntu.com PYTHONPATH=/home/athens/ros2_athens_ws/build/first_package/prefix_override:/usr/lib/python3/dist-packages/colcon_core/task/python/colcon_distutils_commands:/home/athens/ros2_athens_ws/install/first_package/lib/python3.12/site-packages:${PYTHONPATH} /usr/bin/python3 -W ignore:setup.py install is deprecated -W ignore:easy_install command is deprecated setup.py egg_info --egg-base ../../build/first_package build --build-base /home/athens/ros2_athens_ws/build/first_package/build install --record /home/athens/ros2_athens_ws/build/first_package/install.log --single-version-externally-managed install_data
[1.401s] running egg_info
[1.401s] creating ../../build/first_package/first_package.egg-info
[1.422s] writing ../../build/first_package/first_package.egg-info/PKG-INFO
[1.422s] writing dependency_links to ../../build/first_package/first_package.egg-info/dependency_links.txt
[1.423s] writing requirements to ../../build/first_package/first_package.egg-info/requires.txt
[1.423s] writing top-level names to ../../build/first_package/first_package.egg-info/top_level.txt
[1.423s] writing manifest file '../../build/first_package/first_package.egg-info/SOURCES.txt'
[1.469s] reading manifest file '../../build/first_package/first_package.egg-info/SOURCES.txt'
[1.470s] writing manifest file '../../build/first_package/first_package.egg-info/SOURCES.txt'
[1.470s] running build
[1.470s] running build_py
[1.470s] creating /home/athens/ros2_athens_ws/build/first_package/build
[1.471s] creating /home/athens/ros2_athens_ws/build/first_package/build/lib
[1.471s] creating /home/athens/ros2_athens_ws/build/first_package/build/lib/first_package
[1.471s] copying first_package/__init__.py -> /home/athens/ros2_athens_ws/build/first_package/build/lib/first_package
[1.471s] running install
[1.477s] running install_lib
[1.501s] creating /home/athens/ros2_athens_ws/install/first_package/lib/python3.12/site-packages/first_package
[1.501s] copying /home/athens/ros2_athens_ws/build/first_package/build/lib/first_package/__init__.py -> /home/athens/ros2_athens_ws/install/first_package/lib/python3.12/site-packages/first_package
[1.502s] byte-compiling /home/athens/ros2_athens_ws/install/first_package/lib/python3.12/site-packages/first_package/__init__.py to __init__.cpython-312.pyc
[1.502s] running install_data
[1.503s] creating /home/athens/ros2_athens_ws/install/first_package/share/ament_index
[1.503s] creating /home/athens/ros2_athens_ws/install/first_package/share/ament_index/resource_index
[1.503s] creating /home/athens/ros2_athens_ws/install/first_package/share/ament_index/resource_index/packages
[1.503s] copying resource/first_package -> /home/athens/ros2_athens_ws/install/first_package/share/ament_index/resource_index/packages
[1.503s] copying package.xml -> /home/athens/ros2_athens_ws/install/first_package/share/first_package
[1.503s] running install_egg_info
[1.527s] Copying ../../build/first_package/first_package.egg-info to /home/athens/ros2_athens_ws/install/first_package/lib/python3.12/site-packages/first_package-0.0.0-py3.12.egg-info
[1.527s] running install_scripts
[1.668s] writing list of installed files to '/home/athens/ros2_athens_ws/build/first_package/install.log'
[1.701s] Invoked command in '/home/athens/ros2_athens_ws/src/first_package' returned '0': DEBUGINFOD_URLS=https://debuginfod.ubuntu.com PYTHONPATH=/home/athens/ros2_athens_ws/build/first_package/prefix_override:/usr/lib/python3/dist-packages/colcon_core/task/python/colcon_distutils_commands:/home/athens/ros2_athens_ws/install/first_package/lib/python3.12/site-packages:${PYTHONPATH} /usr/bin/python3 -W ignore:setup.py install is deprecated -W ignore:easy_install command is deprecated setup.py egg_info --egg-base ../../build/first_package build --build-base /home/athens/ros2_athens_ws/build/first_package/build install --record /home/athens/ros2_athens_ws/build/first_package/install.log --single-version-externally-managed install_data
