/home/athens/ros2_athens_ws/install/first_package/lib/python3.12/site-packages/first_package/second_pubsub.py
/home/athens/ros2_athens_ws/install/first_package/lib/python3.12/site-packages/first_package/simple_subscriber.py
/home/athens/ros2_athens_ws/install/first_package/lib/python3.12/site-packages/first_package/__init__.py
/home/athens/ros2_athens_ws/install/first_package/lib/python3.12/site-packages/first_package/simple_pubsub.py
/home/athens/ros2_athens_ws/install/first_package/lib/python3.12/site-packages/first_package/simple_service.py
/home/athens/ros2_athens_ws/install/first_package/lib/python3.12/site-packages/first_package/simple_publisher.py
/home/athens/ros2_athens_ws/install/first_package/lib/python3.12/site-packages/first_package/second_publisher.py
/home/athens/ros2_athens_ws/install/first_package/lib/python3.12/site-packages/first_package/second_subscriber.py
/home/athens/ros2_athens_ws/install/first_package/lib/python3.12/site-packages/first_package/__pycache__/second_pubsub.cpython-312.pyc
/home/athens/ros2_athens_ws/install/first_package/lib/python3.12/site-packages/first_package/__pycache__/simple_subscriber.cpython-312.pyc
/home/athens/ros2_athens_ws/install/first_package/lib/python3.12/site-packages/first_package/__pycache__/__init__.cpython-312.pyc
/home/athens/ros2_athens_ws/install/first_package/lib/python3.12/site-packages/first_package/__pycache__/simple_pubsub.cpython-312.pyc
/home/athens/ros2_athens_ws/install/first_package/lib/python3.12/site-packages/first_package/__pycache__/simple_service.cpython-312.pyc
/home/athens/ros2_athens_ws/install/first_package/lib/python3.12/site-packages/first_package/__pycache__/simple_publisher.cpython-312.pyc
/home/athens/ros2_athens_ws/install/first_package/lib/python3.12/site-packages/first_package/__pycache__/second_publisher.cpython-312.pyc
/home/athens/ros2_athens_ws/install/first_package/lib/python3.12/site-packages/first_package/__pycache__/second_subscriber.cpython-312.pyc
/home/athens/ros2_athens_ws/install/first_package/share/ament_index/resource_index/packages/first_package
/home/athens/ros2_athens_ws/install/first_package/share/first_package/package.xml
/home/athens/ros2_athens_ws/install/first_package/lib/python3.12/site-packages/first_package-0.0.0-py3.12.egg-info/SOURCES.txt
/home/athens/ros2_athens_ws/install/first_package/lib/python3.12/site-packages/first_package-0.0.0-py3.12.egg-info/dependency_links.txt
/home/athens/ros2_athens_ws/install/first_package/lib/python3.12/site-packages/first_package-0.0.0-py3.12.egg-info/entry_points.txt
/home/athens/ros2_athens_ws/install/first_package/lib/python3.12/site-packages/first_package-0.0.0-py3.12.egg-info/requires.txt
/home/athens/ros2_athens_ws/install/first_package/lib/python3.12/site-packages/first_package-0.0.0-py3.12.egg-info/zip-safe
/home/athens/ros2_athens_ws/install/first_package/lib/python3.12/site-packages/first_package-0.0.0-py3.12.egg-info/PKG-INFO
/home/athens/ros2_athens_ws/install/first_package/lib/python3.12/site-packages/first_package-0.0.0-py3.12.egg-info/top_level.txt
/home/athens/ros2_athens_ws/install/first_package/lib/first_package/second_publisher_node
/home/athens/ros2_athens_ws/install/first_package/lib/first_package/second_pubsub_node
/home/athens/ros2_athens_ws/install/first_package/lib/first_package/second_subscriber_node
/home/athens/ros2_athens_ws/install/first_package/lib/first_package/simple_publisher_node
/home/athens/ros2_athens_ws/install/first_package/lib/first_package/simple_pubsub_node
/home/athens/ros2_athens_ws/install/first_package/lib/first_package/simple_service
/home/athens/ros2_athens_ws/install/first_package/lib/first_package/simple_subscriber_node
