[0.026s] Invoking command in '/home/athens/ros2_athens_ws/build/first_interfaces': CMAKE_PREFIX_PATH=${CMAKE_PREFIX_PATH}:/opt/ros/jazzy DEBUGINFOD_URLS=https://debuginfod.ubuntu.com /usr/bin/cmake --build /home/athens/ros2_athens_ws/build/first_interfaces -- -j3 -l3
[0.125s] [  2%] Built target first_interfaces__rosidl_generator_type_description
[0.152s] [  2%] Built target ament_cmake_python_copy_first_interfaces
[0.187s] [  4%] Built target first_interfaces__cpp
[0.201s] [ 22%] Built target first_interfaces__rosidl_generator_c
[0.291s] [ 31%] Built target first_interfaces__rosidl_typesupport_cpp
[0.320s] [ 40%] Built target first_interfaces__rosidl_typesupport_fastrtps_c
[0.348s] [ 50%] Built target first_interfaces__rosidl_typesupport_fastrtps_cpp
[0.390s] [ 59%] Built target first_interfaces__rosidl_typesupport_introspection_c
[0.435s] [ 68%] Built target first_interfaces__rosidl_typesupport_c
[0.490s] [ 77%] Built target first_interfaces__rosidl_typesupport_introspection_cpp
[0.547s] [ 77%] Built target first_interfaces
[0.594s] [ 79%] Built target first_interfaces__py
[0.655s] [ 86%] Built target first_interfaces__rosidl_generator_py
[0.749s] [ 90%] Built target first_interfaces_s__rosidl_typesupport_introspection_c
[0.755s] [ 95%] Built target first_interfaces_s__rosidl_typesupport_fastrtps_c
[0.855s] [100%] Built target first_interfaces_s__rosidl_typesupport_c
[0.912s] running egg_info
[0.947s] writing first_interfaces.egg-info/PKG-INFO
[0.948s] writing dependency_links to first_interfaces.egg-info/dependency_links.txt
[0.954s] writing top-level names to first_interfaces.egg-info/top_level.txt
[1.033s] reading manifest file 'first_interfaces.egg-info/SOURCES.txt'
[1.034s] writing manifest file 'first_interfaces.egg-info/SOURCES.txt'
[1.103s] [100%] Built target ament_cmake_python_build_first_interfaces_egg
