[0.013s] Invoking command in '/home/athens/ros2_athens_ws/build/first_interfaces': CMAKE_PREFIX_PATH=${CMAKE_PREFIX_PATH}:/home/athens/ros2_athens_ws/install/first_package:/home/athens/ros2_athens_ws/src/install/first_package:/opt/ros/jazzy DEBUGINFOD_URLS=https://debuginfod.ubuntu.com /usr/bin/cmake --build /home/athens/ros2_athens_ws/build/first_interfaces -- -j3 -l3
[0.062s] -- Found ament_cmake: 2.5.5 (/opt/ros/jazzy/share/ament_cmake/cmake)
[0.098s] -- Found Python3: /usr/bin/python3 (found version "3.12.3") found components: Interpreter 
[0.214s] -- Found std_msgs: 5.3.6 (/opt/ros/jazzy/share/std_msgs/cmake)
[0.254s] -- Found rosidl_generator_c: 4.6.7 (/opt/ros/jazzy/share/rosidl_generator_c/cmake)
[0.264s] -- Found rosidl_generator_cpp: 4.6.7 (/opt/ros/jazzy/share/rosidl_generator_cpp/cmake)
[0.276s] -- Using all available rosidl_typesupport_c: rosidl_typesupport_fastrtps_c;rosidl_typesupport_introspection_c
[0.291s] -- Using all available rosidl_typesupport_cpp: rosidl_typesupport_fastrtps_cpp;rosidl_typesupport_introspection_cpp
[0.335s] -- Found rosidl_default_generators: 1.6.0 (/opt/ros/jazzy/share/rosidl_default_generators/cmake)
[0.353s] -- Found rosidl_adapter: 4.6.7 (/opt/ros/jazzy/share/rosidl_adapter/cmake)
[0.767s] -- Found ament_cmake_ros: 0.12.0 (/opt/ros/jazzy/share/ament_cmake_ros/cmake)
[0.986s] -- Using all available rosidl_typesupport_c: rosidl_typesupport_fastrtps_c;rosidl_typesupport_introspection_c
[1.059s] -- Using all available rosidl_typesupport_cpp: rosidl_typesupport_fastrtps_cpp;rosidl_typesupport_introspection_cpp
[1.059s] -- Found python_cmake_module: 0.11.1 (/opt/ros/jazzy/share/python_cmake_module/cmake)
[1.477s] -- Found Python3: /usr/bin/python3 (found version "3.12.3") found components: Interpreter Development NumPy Development.Module Development.Embed 
[1.491s] -- Found ament_lint_auto: 0.17.4 (/opt/ros/jazzy/share/ament_lint_auto/cmake)
[1.522s] -- Added test 'lint_cmake' to check CMake code style
[1.525s] -- Added test 'xmllint' to check XML markup files
[1.531s] -- Configuring done (1.5s)
[1.598s] -- Generating done (0.1s)
[1.611s] -- Build files have been written to: /home/athens/ros2_athens_ws/build/first_interfaces
[1.655s] [  2%] [34m[1mGenerating type hashes for ROS interfaces[0m
[1.701s] [  2%] Built target ament_cmake_python_copy_first_interfaces
[1.925s] [  2%] Built target first_interfaces__rosidl_generator_type_description
[1.938s] [  4%] [34m[1mGenerating C code for ROS interfaces[0m
[1.969s] [  6%] [34m[1mGenerating C++ code for ROS interfaces[0m
[1.994s] running egg_info
[2.019s] writing first_interfaces.egg-info/PKG-INFO
[2.019s] writing dependency_links to first_interfaces.egg-info/dependency_links.txt
[2.020s] writing top-level names to first_interfaces.egg-info/top_level.txt
[2.124s] reading manifest file 'first_interfaces.egg-info/SOURCES.txt'
[2.126s] writing manifest file 'first_interfaces.egg-info/SOURCES.txt'
[2.167s] [  6%] Built target ament_cmake_python_build_first_interfaces_egg
[2.497s] [  9%] [32mBuilding C object CMakeFiles/first_interfaces__rosidl_generator_c.dir/rosidl_generator_c/first_interfaces/msg/detail/example_message__description.c.o[0m
[2.519s] [ 11%] [32mBuilding C object CMakeFiles/first_interfaces__rosidl_generator_c.dir/rosidl_generator_c/first_interfaces/msg/detail/example_message__functions.c.o[0m
[2.528s] [ 11%] Built target first_interfaces__cpp
[2.553s] [ 13%] [32mBuilding C object CMakeFiles/first_interfaces__rosidl_generator_c.dir/rosidl_generator_c/first_interfaces/msg/detail/example_message__type_support.c.o[0m
[2.583s] [ 15%] [32mBuilding C object CMakeFiles/first_interfaces__rosidl_generator_c.dir/rosidl_generator_c/first_interfaces/srv/detail/add_two_ints__description.c.o[0m
[2.597s] [ 20%] [32mBuilding C object CMakeFiles/first_interfaces__rosidl_generator_c.dir/rosidl_generator_c/first_interfaces/srv/detail/add_two_ints__type_support.c.o[0m
[2.597s] [ 20%] [32mBuilding C object CMakeFiles/first_interfaces__rosidl_generator_c.dir/rosidl_generator_c/first_interfaces/srv/detail/add_two_ints__functions.c.o[0m
[2.678s] [ 22%] [32m[1mLinking C shared library libfirst_interfaces__rosidl_generator_c.so[0m
[2.723s] [ 22%] Built target first_interfaces__rosidl_generator_c
[2.743s] [ 25%] [34m[1mGenerating C type support for eProsima Fast-RTPS[0m
[2.743s] [ 27%] [34m[1mGenerating C introspection for ROS interfaces[0m
[2.759s] [ 29%] [34m[1mGenerating C++ type support for eProsima Fast-RTPS[0m
[3.173s] [ 31%] [32mBuilding CXX object CMakeFiles/first_interfaces__rosidl_typesupport_fastrtps_c.dir/rosidl_typesupport_fastrtps_c/first_interfaces/msg/detail/example_message__type_support_c.cpp.o[0m
[3.226s] [ 34%] [32mBuilding C object CMakeFiles/first_interfaces__rosidl_typesupport_introspection_c.dir/rosidl_typesupport_introspection_c/first_interfaces/msg/detail/example_message__type_support.c.o[0m
[3.317s] [ 36%] [32mBuilding C object CMakeFiles/first_interfaces__rosidl_typesupport_introspection_c.dir/rosidl_typesupport_introspection_c/first_interfaces/srv/detail/add_two_ints__type_support.c.o[0m
[3.391s] [ 38%] [32m[1mLinking C shared library libfirst_interfaces__rosidl_typesupport_introspection_c.so[0m
[3.421s] [ 40%] [32mBuilding CXX object CMakeFiles/first_interfaces__rosidl_typesupport_fastrtps_cpp.dir/rosidl_typesupport_fastrtps_cpp/first_interfaces/msg/detail/dds_fastrtps/example_message__type_support.cpp.o[0m
[3.442s] [ 40%] Built target first_interfaces__rosidl_typesupport_introspection_c
[3.464s] [ 43%] [34m[1mGenerating C type support dispatch for ROS interfaces[0m
[3.987s] [ 45%] [32mBuilding CXX object CMakeFiles/first_interfaces__rosidl_typesupport_c.dir/rosidl_typesupport_c/first_interfaces/msg/example_message__type_support.cpp.o[0m
[4.133s] [ 47%] [32mBuilding CXX object CMakeFiles/first_interfaces__rosidl_typesupport_c.dir/rosidl_typesupport_c/first_interfaces/srv/add_two_ints__type_support.cpp.o[0m
[4.228s] [ 50%] [32m[1mLinking CXX shared library libfirst_interfaces__rosidl_typesupport_c.so[0m
[4.286s] [ 52%] [32mBuilding CXX object CMakeFiles/first_interfaces__rosidl_typesupport_fastrtps_c.dir/rosidl_typesupport_fastrtps_c/first_interfaces/srv/detail/add_two_ints__type_support_c.cpp.o[0m
[4.329s] [ 52%] Built target first_interfaces__rosidl_typesupport_c
[4.343s] [ 54%] [34m[1mGenerating C++ introspection for ROS interfaces[0m
[4.350s] [ 56%] [32mBuilding CXX object CMakeFiles/first_interfaces__rosidl_typesupport_fastrtps_cpp.dir/rosidl_typesupport_fastrtps_cpp/first_interfaces/srv/detail/dds_fastrtps/add_two_ints__type_support.cpp.o[0m
[5.029s] [ 59%] [32mBuilding CXX object CMakeFiles/first_interfaces__rosidl_typesupport_introspection_cpp.dir/rosidl_typesupport_introspection_cpp/first_interfaces/msg/detail/example_message__type_support.cpp.o[0m
[5.279s] [ 61%] [32m[1mLinking CXX shared library libfirst_interfaces__rosidl_typesupport_fastrtps_c.so[0m
[5.437s] [ 61%] Built target first_interfaces__rosidl_typesupport_fastrtps_c
[5.471s] [ 63%] [34m[1mGenerating C++ type support dispatch for ROS interfaces[0m
[5.540s] [ 65%] [32m[1mLinking CXX shared library libfirst_interfaces__rosidl_typesupport_fastrtps_cpp.so[0m
[5.690s] [ 65%] Built target first_interfaces__rosidl_typesupport_fastrtps_cpp
[5.701s] [ 68%] [32mBuilding CXX object CMakeFiles/first_interfaces__rosidl_typesupport_introspection_cpp.dir/rosidl_typesupport_introspection_cpp/first_interfaces/srv/detail/add_two_ints__type_support.cpp.o[0m
[5.906s] [ 70%] [32mBuilding CXX object CMakeFiles/first_interfaces__rosidl_typesupport_cpp.dir/rosidl_typesupport_cpp/first_interfaces/msg/example_message__type_support.cpp.o[0m
[5.917s] [ 72%] [32mBuilding CXX object CMakeFiles/first_interfaces__rosidl_typesupport_cpp.dir/rosidl_typesupport_cpp/first_interfaces/srv/add_two_ints__type_support.cpp.o[0m
[6.330s] [ 75%] [32m[1mLinking CXX shared library libfirst_interfaces__rosidl_typesupport_introspection_cpp.so[0m
[6.470s] [ 75%] Built target first_interfaces__rosidl_typesupport_introspection_cpp
[6.628s] [ 77%] [32m[1mLinking CXX shared library libfirst_interfaces__rosidl_typesupport_cpp.so[0m
[6.729s] [ 77%] Built target first_interfaces__rosidl_typesupport_cpp
[6.755s] [ 77%] Built target first_interfaces
[6.781s] [ 79%] [34m[1mGenerating Python code for ROS interfaces[0m
[7.285s] [ 79%] Built target first_interfaces__py
[7.329s] [ 84%] [32mBuilding C object CMakeFiles/first_interfaces__rosidl_generator_py.dir/rosidl_generator_py/first_interfaces/msg/_example_message_s.c.o[0m
[7.329s] [ 84%] [32mBuilding C object CMakeFiles/first_interfaces__rosidl_generator_py.dir/rosidl_generator_py/first_interfaces/srv/_add_two_ints_s.c.o[0m
[7.565s] [ 86%] [32m[1mLinking C shared library libfirst_interfaces__rosidl_generator_py.so[0m
[7.625s] [ 86%] Built target first_interfaces__rosidl_generator_py
[7.664s] [ 88%] [32mBuilding C object CMakeFiles/first_interfaces_s__rosidl_typesupport_c.dir/rosidl_generator_py/first_interfaces/_first_interfaces_s.ep.rosidl_typesupport_c.c.o[0m
[7.665s] [ 93%] [32mBuilding C object CMakeFiles/first_interfaces_s__rosidl_typesupport_introspection_c.dir/rosidl_generator_py/first_interfaces/_first_interfaces_s.ep.rosidl_typesupport_introspection_c.c.o[0m
[7.665s] [ 93%] [32mBuilding C object CMakeFiles/first_interfaces_s__rosidl_typesupport_fastrtps_c.dir/rosidl_generator_py/first_interfaces/_first_interfaces_s.ep.rosidl_typesupport_fastrtps_c.c.o[0m
[7.780s] [ 95%] [32m[1mLinking C shared module rosidl_generator_py/first_interfaces/first_interfaces_s__rosidl_typesupport_c.so[0m
[7.814s] [ 95%] Built target first_interfaces_s__rosidl_typesupport_c
[7.847s] [ 97%] [32m[1mLinking C shared module rosidl_generator_py/first_interfaces/first_interfaces_s__rosidl_typesupport_fastrtps_c.so[0m
[7.855s] [100%] [32m[1mLinking C shared module rosidl_generator_py/first_interfaces/first_interfaces_s__rosidl_typesupport_introspection_c.so[0m
[7.886s] [100%] Built target first_interfaces_s__rosidl_typesupport_introspection_c
[7.890s] [100%] Built target first_interfaces_s__rosidl_typesupport_fastrtps_c
[7.904s] Invoked command in '/home/athens/ros2_athens_ws/build/first_interfaces' returned '0': CMAKE_PREFIX_PATH=${CMAKE_PREFIX_PATH}:/home/athens/ros2_athens_ws/install/first_package:/home/athens/ros2_athens_ws/src/install/first_package:/opt/ros/jazzy DEBUGINFOD_URLS=https://debuginfod.ubuntu.com /usr/bin/cmake --build /home/athens/ros2_athens_ws/build/first_interfaces -- -j3 -l3
[7.924s] Invoking command in '/home/athens/ros2_athens_ws/build/first_interfaces': CMAKE_PREFIX_PATH=${CMAKE_PREFIX_PATH}:/home/athens/ros2_athens_ws/install/first_package:/home/athens/ros2_athens_ws/src/install/first_package:/opt/ros/jazzy DEBUGINFOD_URLS=https://debuginfod.ubuntu.com /usr/bin/cmake --install /home/athens/ros2_athens_ws/build/first_interfaces
[7.933s] -- Install configuration: ""
[7.933s] -- Installing: /home/athens/ros2_athens_ws/install/first_interfaces/share/ament_index/resource_index/rosidl_interfaces/first_interfaces
[7.933s] -- Installing: /home/athens/ros2_athens_ws/install/first_interfaces/share/first_interfaces/msg/ExampleMessage.json
[7.933s] -- Installing: /home/athens/ros2_athens_ws/install/first_interfaces/share/first_interfaces/srv/AddTwoInts.json
[7.934s] -- Up-to-date: /home/athens/ros2_athens_ws/install/first_interfaces/include/first_interfaces/first_interfaces
[7.934s] -- Installing: /home/athens/ros2_athens_ws/install/first_interfaces/include/first_interfaces/first_interfaces/srv
[7.934s] -- Installing: /home/athens/ros2_athens_ws/install/first_interfaces/include/first_interfaces/first_interfaces/srv/detail
[7.934s] -- Installing: /home/athens/ros2_athens_ws/install/first_interfaces/include/first_interfaces/first_interfaces/srv/detail/add_two_ints__functions.c
[7.935s] -- Installing: /home/athens/ros2_athens_ws/install/first_interfaces/include/first_interfaces/first_interfaces/srv/detail/add_two_ints__type_support.h
[7.935s] -- Installing: /home/athens/ros2_athens_ws/install/first_interfaces/include/first_interfaces/first_interfaces/srv/detail/add_two_ints__functions.h
[7.935s] -- Installing: /home/athens/ros2_athens_ws/install/first_interfaces/include/first_interfaces/first_interfaces/srv/detail/add_two_ints__description.c
[7.935s] -- Installing: /home/athens/ros2_athens_ws/install/first_interfaces/include/first_interfaces/first_interfaces/srv/detail/add_two_ints__type_support.c
[7.935s] -- Installing: /home/athens/ros2_athens_ws/install/first_interfaces/include/first_interfaces/first_interfaces/srv/detail/add_two_ints__struct.h
[7.935s] -- Installing: /home/athens/ros2_athens_ws/install/first_interfaces/include/first_interfaces/first_interfaces/srv/add_two_ints.h
[7.935s] -- Up-to-date: /home/athens/ros2_athens_ws/install/first_interfaces/include/first_interfaces/first_interfaces/msg
[7.936s] -- Up-to-date: /home/athens/ros2_athens_ws/install/first_interfaces/include/first_interfaces/first_interfaces/msg/rosidl_generator_c__visibility_control.h
[7.936s] -- Up-to-date: /home/athens/ros2_athens_ws/install/first_interfaces/include/first_interfaces/first_interfaces/msg/detail
[7.936s] -- Installing: /home/athens/ros2_athens_ws/install/first_interfaces/include/first_interfaces/first_interfaces/msg/detail/example_message__type_support.c
[7.936s] -- Installing: /home/athens/ros2_athens_ws/install/first_interfaces/include/first_interfaces/first_interfaces/msg/detail/example_message__struct.h
[7.936s] -- Installing: /home/athens/ros2_athens_ws/install/first_interfaces/include/first_interfaces/first_interfaces/msg/detail/example_message__functions.c
[7.937s] -- Installing: /home/athens/ros2_athens_ws/install/first_interfaces/include/first_interfaces/first_interfaces/msg/detail/example_message__type_support.h
[7.937s] -- Installing: /home/athens/ros2_athens_ws/install/first_interfaces/include/first_interfaces/first_interfaces/msg/detail/example_message__functions.h
[7.937s] -- Installing: /home/athens/ros2_athens_ws/install/first_interfaces/include/first_interfaces/first_interfaces/msg/detail/example_message__description.c
[7.937s] -- Installing: /home/athens/ros2_athens_ws/install/first_interfaces/include/first_interfaces/first_interfaces/msg/example_message.h
[7.937s] -- Up-to-date: /home/athens/ros2_athens_ws/install/first_interfaces/share/first_interfaces/environment/library_path.sh
[7.937s] -- Up-to-date: /home/athens/ros2_athens_ws/install/first_interfaces/share/first_interfaces/environment/library_path.dsv
[7.937s] -- Installing: /home/athens/ros2_athens_ws/install/first_interfaces/lib/libfirst_interfaces__rosidl_generator_c.so
[7.937s] -- Set non-toolchain portion of runtime path of "/home/athens/ros2_athens_ws/install/first_interfaces/lib/libfirst_interfaces__rosidl_generator_c.so" to ""
[7.938s] -- Up-to-date: /home/athens/ros2_athens_ws/install/first_interfaces/include/first_interfaces/first_interfaces
[7.938s] -- Up-to-date: /home/athens/ros2_athens_ws/install/first_interfaces/include/first_interfaces/first_interfaces/srv
[7.938s] -- Up-to-date: /home/athens/ros2_athens_ws/install/first_interfaces/include/first_interfaces/first_interfaces/srv/detail
[7.938s] -- Installing: /home/athens/ros2_athens_ws/install/first_interfaces/include/first_interfaces/first_interfaces/srv/detail/add_two_ints__rosidl_typesupport_fastrtps_c.h
[7.938s] -- Up-to-date: /home/athens/ros2_athens_ws/install/first_interfaces/include/first_interfaces/first_interfaces/msg
[7.938s] -- Up-to-date: /home/athens/ros2_athens_ws/install/first_interfaces/include/first_interfaces/first_interfaces/msg/rosidl_typesupport_fastrtps_c__visibility_control.h
[7.939s] -- Up-to-date: /home/athens/ros2_athens_ws/install/first_interfaces/include/first_interfaces/first_interfaces/msg/detail
[7.939s] -- Installing: /home/athens/ros2_athens_ws/install/first_interfaces/include/first_interfaces/first_interfaces/msg/detail/example_message__rosidl_typesupport_fastrtps_c.h
[7.939s] -- Installing: /home/athens/ros2_athens_ws/install/first_interfaces/lib/libfirst_interfaces__rosidl_typesupport_fastrtps_c.so
[7.939s] -- Set non-toolchain portion of runtime path of "/home/athens/ros2_athens_ws/install/first_interfaces/lib/libfirst_interfaces__rosidl_typesupport_fastrtps_c.so" to ""
[7.940s] -- Up-to-date: /home/athens/ros2_athens_ws/install/first_interfaces/include/first_interfaces/first_interfaces
[7.940s] -- Up-to-date: /home/athens/ros2_athens_ws/install/first_interfaces/include/first_interfaces/first_interfaces/srv
[7.940s] -- Up-to-date: /home/athens/ros2_athens_ws/install/first_interfaces/include/first_interfaces/first_interfaces/srv/detail
[7.940s] -- Installing: /home/athens/ros2_athens_ws/install/first_interfaces/include/first_interfaces/first_interfaces/srv/detail/add_two_ints__struct.hpp
[7.940s] -- Installing: /home/athens/ros2_athens_ws/install/first_interfaces/include/first_interfaces/first_interfaces/srv/detail/add_two_ints__builder.hpp
[7.940s] -- Installing: /home/athens/ros2_athens_ws/install/first_interfaces/include/first_interfaces/first_interfaces/srv/detail/add_two_ints__type_support.hpp
[7.940s] -- Installing: /home/athens/ros2_athens_ws/install/first_interfaces/include/first_interfaces/first_interfaces/srv/detail/add_two_ints__traits.hpp
[7.940s] -- Installing: /home/athens/ros2_athens_ws/install/first_interfaces/include/first_interfaces/first_interfaces/srv/add_two_ints.hpp
[7.940s] -- Up-to-date: /home/athens/ros2_athens_ws/install/first_interfaces/include/first_interfaces/first_interfaces/msg
[7.940s] -- Up-to-date: /home/athens/ros2_athens_ws/install/first_interfaces/include/first_interfaces/first_interfaces/msg/detail
[7.940s] -- Installing: /home/athens/ros2_athens_ws/install/first_interfaces/include/first_interfaces/first_interfaces/msg/detail/example_message__struct.hpp
[7.941s] -- Installing: /home/athens/ros2_athens_ws/install/first_interfaces/include/first_interfaces/first_interfaces/msg/detail/example_message__traits.hpp
[7.941s] -- Installing: /home/athens/ros2_athens_ws/install/first_interfaces/include/first_interfaces/first_interfaces/msg/detail/example_message__builder.hpp
[7.941s] -- Installing: /home/athens/ros2_athens_ws/install/first_interfaces/include/first_interfaces/first_interfaces/msg/detail/example_message__type_support.hpp
[7.941s] -- Installing: /home/athens/ros2_athens_ws/install/first_interfaces/include/first_interfaces/first_interfaces/msg/example_message.hpp
[7.941s] -- Installing: /home/athens/ros2_athens_ws/install/first_interfaces/include/first_interfaces/first_interfaces/msg/rosidl_generator_cpp__visibility_control.hpp
[7.941s] -- Up-to-date: /home/athens/ros2_athens_ws/install/first_interfaces/include/first_interfaces/first_interfaces
[7.941s] -- Up-to-date: /home/athens/ros2_athens_ws/install/first_interfaces/include/first_interfaces/first_interfaces/srv
[7.941s] -- Up-to-date: /home/athens/ros2_athens_ws/install/first_interfaces/include/first_interfaces/first_interfaces/srv/detail
[7.941s] -- Installing: /home/athens/ros2_athens_ws/install/first_interfaces/include/first_interfaces/first_interfaces/srv/detail/dds_fastrtps
[7.942s] -- Installing: /home/athens/ros2_athens_ws/install/first_interfaces/include/first_interfaces/first_interfaces/srv/detail/add_two_ints__rosidl_typesupport_fastrtps_cpp.hpp
[7.942s] -- Up-to-date: /home/athens/ros2_athens_ws/install/first_interfaces/include/first_interfaces/first_interfaces/msg
[7.945s] -- Up-to-date: /home/athens/ros2_athens_ws/install/first_interfaces/include/first_interfaces/first_interfaces/msg/rosidl_typesupport_fastrtps_cpp__visibility_control.h
[7.945s] -- Up-to-date: /home/athens/ros2_athens_ws/install/first_interfaces/include/first_interfaces/first_interfaces/msg/detail
[7.946s] -- Installing: /home/athens/ros2_athens_ws/install/first_interfaces/include/first_interfaces/first_interfaces/msg/detail/example_message__rosidl_typesupport_fastrtps_cpp.hpp
[7.946s] -- Up-to-date: /home/athens/ros2_athens_ws/install/first_interfaces/include/first_interfaces/first_interfaces/msg/detail/dds_fastrtps
[7.948s] -- Installing: /home/athens/ros2_athens_ws/install/first_interfaces/lib/libfirst_interfaces__rosidl_typesupport_fastrtps_cpp.so
[7.948s] -- Set non-toolchain portion of runtime path of "/home/athens/ros2_athens_ws/install/first_interfaces/lib/libfirst_interfaces__rosidl_typesupport_fastrtps_cpp.so" to ""
[7.948s] -- Up-to-date: /home/athens/ros2_athens_ws/install/first_interfaces/include/first_interfaces/first_interfaces
[7.948s] -- Up-to-date: /home/athens/ros2_athens_ws/install/first_interfaces/include/first_interfaces/first_interfaces/srv
[7.948s] -- Up-to-date: /home/athens/ros2_athens_ws/install/first_interfaces/include/first_interfaces/first_interfaces/srv/detail
[7.948s] -- Up-to-date: /home/athens/ros2_athens_ws/install/first_interfaces/include/first_interfaces/first_interfaces/srv/detail/add_two_ints__type_support.c
[7.948s] -- Installing: /home/athens/ros2_athens_ws/install/first_interfaces/include/first_interfaces/first_interfaces/srv/detail/add_two_ints__rosidl_typesupport_introspection_c.h
[7.949s] -- Up-to-date: /home/athens/ros2_athens_ws/install/first_interfaces/include/first_interfaces/first_interfaces/msg
[7.949s] -- Up-to-date: /home/athens/ros2_athens_ws/install/first_interfaces/include/first_interfaces/first_interfaces/msg/detail
[7.949s] -- Up-to-date: /home/athens/ros2_athens_ws/install/first_interfaces/include/first_interfaces/first_interfaces/msg/detail/example_message__type_support.c
[7.949s] -- Installing: /home/athens/ros2_athens_ws/install/first_interfaces/include/first_interfaces/first_interfaces/msg/detail/example_message__rosidl_typesupport_introspection_c.h
[7.949s] -- Up-to-date: /home/athens/ros2_athens_ws/install/first_interfaces/include/first_interfaces/first_interfaces/msg/rosidl_typesupport_introspection_c__visibility_control.h
[7.949s] -- Installing: /home/athens/ros2_athens_ws/install/first_interfaces/lib/libfirst_interfaces__rosidl_typesupport_introspection_c.so
[7.949s] -- Set non-toolchain portion of runtime path of "/home/athens/ros2_athens_ws/install/first_interfaces/lib/libfirst_interfaces__rosidl_typesupport_introspection_c.so" to ""
[7.949s] -- Installing: /home/athens/ros2_athens_ws/install/first_interfaces/lib/libfirst_interfaces__rosidl_typesupport_c.so
[7.949s] -- Set non-toolchain portion of runtime path of "/home/athens/ros2_athens_ws/install/first_interfaces/lib/libfirst_interfaces__rosidl_typesupport_c.so" to ""
[7.949s] -- Up-to-date: /home/athens/ros2_athens_ws/install/first_interfaces/include/first_interfaces/first_interfaces
[7.949s] -- Up-to-date: /home/athens/ros2_athens_ws/install/first_interfaces/include/first_interfaces/first_interfaces/srv
[7.949s] -- Up-to-date: /home/athens/ros2_athens_ws/install/first_interfaces/include/first_interfaces/first_interfaces/srv/detail
[7.950s] -- Installing: /home/athens/ros2_athens_ws/install/first_interfaces/include/first_interfaces/first_interfaces/srv/detail/add_two_ints__type_support.cpp
[7.950s] -- Installing: /home/athens/ros2_athens_ws/install/first_interfaces/include/first_interfaces/first_interfaces/srv/detail/add_two_ints__rosidl_typesupport_introspection_cpp.hpp
[7.950s] -- Up-to-date: /home/athens/ros2_athens_ws/install/first_interfaces/include/first_interfaces/first_interfaces/msg
[7.950s] -- Up-to-date: /home/athens/ros2_athens_ws/install/first_interfaces/include/first_interfaces/first_interfaces/msg/detail
[7.950s] -- Installing: /home/athens/ros2_athens_ws/install/first_interfaces/include/first_interfaces/first_interfaces/msg/detail/example_message__rosidl_typesupport_introspection_cpp.hpp
[7.950s] -- Installing: /home/athens/ros2_athens_ws/install/first_interfaces/include/first_interfaces/first_interfaces/msg/detail/example_message__type_support.cpp
[7.950s] -- Installing: /home/athens/ros2_athens_ws/install/first_interfaces/lib/libfirst_interfaces__rosidl_typesupport_introspection_cpp.so
[7.950s] -- Set non-toolchain portion of runtime path of "/home/athens/ros2_athens_ws/install/first_interfaces/lib/libfirst_interfaces__rosidl_typesupport_introspection_cpp.so" to ""
[7.950s] -- Installing: /home/athens/ros2_athens_ws/install/first_interfaces/lib/libfirst_interfaces__rosidl_typesupport_cpp.so
[7.951s] -- Set non-toolchain portion of runtime path of "/home/athens/ros2_athens_ws/install/first_interfaces/lib/libfirst_interfaces__rosidl_typesupport_cpp.so" to ""
[7.951s] -- Up-to-date: /home/athens/ros2_athens_ws/install/first_interfaces/share/first_interfaces/environment/pythonpath.sh
[7.951s] -- Up-to-date: /home/athens/ros2_athens_ws/install/first_interfaces/share/first_interfaces/environment/pythonpath.dsv
[7.951s] -- Up-to-date: /home/athens/ros2_athens_ws/install/first_interfaces/lib/python3.12/site-packages/first_interfaces-0.0.0-py3.12.egg-info
[7.951s] -- Installing: /home/athens/ros2_athens_ws/install/first_interfaces/lib/python3.12/site-packages/first_interfaces-0.0.0-py3.12.egg-info/SOURCES.txt
[7.951s] -- Installing: /home/athens/ros2_athens_ws/install/first_interfaces/lib/python3.12/site-packages/first_interfaces-0.0.0-py3.12.egg-info/dependency_links.txt
[7.951s] -- Installing: /home/athens/ros2_athens_ws/install/first_interfaces/lib/python3.12/site-packages/first_interfaces-0.0.0-py3.12.egg-info/PKG-INFO
[7.951s] -- Installing: /home/athens/ros2_athens_ws/install/first_interfaces/lib/python3.12/site-packages/first_interfaces-0.0.0-py3.12.egg-info/top_level.txt
[7.951s] -- Up-to-date: /home/athens/ros2_athens_ws/install/first_interfaces/lib/python3.12/site-packages/first_interfaces
[7.951s] -- Installing: /home/athens/ros2_athens_ws/install/first_interfaces/lib/python3.12/site-packages/first_interfaces/first_interfaces_s__rosidl_typesupport_introspection_c.so
[7.952s] -- Installing: /home/athens/ros2_athens_ws/install/first_interfaces/lib/python3.12/site-packages/first_interfaces/srv
[7.952s] -- Installing: /home/athens/ros2_athens_ws/install/first_interfaces/lib/python3.12/site-packages/first_interfaces/srv/_add_two_ints_s.c
[7.952s] -- Installing: /home/athens/ros2_athens_ws/install/first_interfaces/lib/python3.12/site-packages/first_interfaces/srv/__init__.py
[7.952s] -- Installing: /home/athens/ros2_athens_ws/install/first_interfaces/lib/python3.12/site-packages/first_interfaces/srv/_add_two_ints.py
[7.952s] -- Installing: /home/athens/ros2_athens_ws/install/first_interfaces/lib/python3.12/site-packages/first_interfaces/first_interfaces_s__rosidl_typesupport_fastrtps_c.so
[7.952s] -- Installing: /home/athens/ros2_athens_ws/install/first_interfaces/lib/python3.12/site-packages/first_interfaces/_first_interfaces_s.ep.rosidl_typesupport_introspection_c.c
[7.952s] -- Installing: /home/athens/ros2_athens_ws/install/first_interfaces/lib/python3.12/site-packages/first_interfaces/__init__.py
[7.952s] -- Installing: /home/athens/ros2_athens_ws/install/first_interfaces/lib/python3.12/site-packages/first_interfaces/first_interfaces_s__rosidl_typesupport_c.so
[7.952s] -- Up-to-date: /home/athens/ros2_athens_ws/install/first_interfaces/lib/python3.12/site-packages/first_interfaces/msg
[7.952s] -- Installing: /home/athens/ros2_athens_ws/install/first_interfaces/lib/python3.12/site-packages/first_interfaces/msg/_example_message.py
[7.952s] -- Installing: /home/athens/ros2_athens_ws/install/first_interfaces/lib/python3.12/site-packages/first_interfaces/msg/__init__.py
[7.952s] -- Installing: /home/athens/ros2_athens_ws/install/first_interfaces/lib/python3.12/site-packages/first_interfaces/msg/_example_message_s.c
[7.952s] -- Installing: /home/athens/ros2_athens_ws/install/first_interfaces/lib/python3.12/site-packages/first_interfaces/_first_interfaces_s.ep.rosidl_typesupport_fastrtps_c.c
[7.953s] -- Installing: /home/athens/ros2_athens_ws/install/first_interfaces/lib/python3.12/site-packages/first_interfaces/_first_interfaces_s.ep.rosidl_typesupport_c.c
[8.007s] Listing '/home/athens/ros2_athens_ws/install/first_interfaces/lib/python3.12/site-packages/first_interfaces'...
[8.007s] Compiling '/home/athens/ros2_athens_ws/install/first_interfaces/lib/python3.12/site-packages/first_interfaces/__init__.py'...
[8.007s] Listing '/home/athens/ros2_athens_ws/install/first_interfaces/lib/python3.12/site-packages/first_interfaces/msg'...
[8.008s] Compiling '/home/athens/ros2_athens_ws/install/first_interfaces/lib/python3.12/site-packages/first_interfaces/msg/__init__.py'...
[8.008s] Compiling '/home/athens/ros2_athens_ws/install/first_interfaces/lib/python3.12/site-packages/first_interfaces/msg/_example_message.py'...
[8.008s] Listing '/home/athens/ros2_athens_ws/install/first_interfaces/lib/python3.12/site-packages/first_interfaces/srv'...
[8.008s] Compiling '/home/athens/ros2_athens_ws/install/first_interfaces/lib/python3.12/site-packages/first_interfaces/srv/__init__.py'...
[8.008s] Compiling '/home/athens/ros2_athens_ws/install/first_interfaces/lib/python3.12/site-packages/first_interfaces/srv/_add_two_ints.py'...
[8.017s] -- Installing: /home/athens/ros2_athens_ws/install/first_interfaces/lib/python3.12/site-packages/first_interfaces/first_interfaces_s__rosidl_typesupport_fastrtps_c.so
[8.018s] -- Set non-toolchain portion of runtime path of "/home/athens/ros2_athens_ws/install/first_interfaces/lib/python3.12/site-packages/first_interfaces/first_interfaces_s__rosidl_typesupport_fastrtps_c.so" to ""
[8.018s] -- Installing: /home/athens/ros2_athens_ws/install/first_interfaces/lib/python3.12/site-packages/first_interfaces/first_interfaces_s__rosidl_typesupport_introspection_c.so
[8.018s] -- Set non-toolchain portion of runtime path of "/home/athens/ros2_athens_ws/install/first_interfaces/lib/python3.12/site-packages/first_interfaces/first_interfaces_s__rosidl_typesupport_introspection_c.so" to ""
[8.018s] -- Installing: /home/athens/ros2_athens_ws/install/first_interfaces/lib/python3.12/site-packages/first_interfaces/first_interfaces_s__rosidl_typesupport_c.so
[8.018s] -- Set non-toolchain portion of runtime path of "/home/athens/ros2_athens_ws/install/first_interfaces/lib/python3.12/site-packages/first_interfaces/first_interfaces_s__rosidl_typesupport_c.so" to ""
[8.019s] -- Installing: /home/athens/ros2_athens_ws/install/first_interfaces/lib/libfirst_interfaces__rosidl_generator_py.so
[8.020s] -- Set non-toolchain portion of runtime path of "/home/athens/ros2_athens_ws/install/first_interfaces/lib/libfirst_interfaces__rosidl_generator_py.so" to ""
[8.020s] -- Up-to-date: /home/athens/ros2_athens_ws/install/first_interfaces/share/first_interfaces/msg/ExampleMessage.idl
[8.021s] -- Installing: /home/athens/ros2_athens_ws/install/first_interfaces/share/first_interfaces/srv/AddTwoInts.idl
[8.022s] -- Up-to-date: /home/athens/ros2_athens_ws/install/first_interfaces/share/first_interfaces/msg/ExampleMessage.msg
[8.022s] -- Installing: /home/athens/ros2_athens_ws/install/first_interfaces/share/first_interfaces/srv/AddTwoInts.srv
[8.022s] -- Up-to-date: /home/athens/ros2_athens_ws/install/first_interfaces/share/ament_index/resource_index/package_run_dependencies/first_interfaces
[8.022s] -- Installing: /home/athens/ros2_athens_ws/install/first_interfaces/share/ament_index/resource_index/parent_prefix_path/first_interfaces
[8.023s] -- Up-to-date: /home/athens/ros2_athens_ws/install/first_interfaces/share/first_interfaces/environment/ament_prefix_path.sh
[8.024s] -- Up-to-date: /home/athens/ros2_athens_ws/install/first_interfaces/share/first_interfaces/environment/ament_prefix_path.dsv
[8.024s] -- Up-to-date: /home/athens/ros2_athens_ws/install/first_interfaces/share/first_interfaces/environment/path.sh
[8.024s] -- Up-to-date: /home/athens/ros2_athens_ws/install/first_interfaces/share/first_interfaces/environment/path.dsv
[8.025s] -- Up-to-date: /home/athens/ros2_athens_ws/install/first_interfaces/share/first_interfaces/local_setup.bash
[8.025s] -- Up-to-date: /home/athens/ros2_athens_ws/install/first_interfaces/share/first_interfaces/local_setup.sh
[8.025s] -- Up-to-date: /home/athens/ros2_athens_ws/install/first_interfaces/share/first_interfaces/local_setup.zsh
[8.026s] -- Up-to-date: /home/athens/ros2_athens_ws/install/first_interfaces/share/first_interfaces/local_setup.dsv
[8.026s] -- Installing: /home/athens/ros2_athens_ws/install/first_interfaces/share/first_interfaces/package.dsv
[8.026s] -- Up-to-date: /home/athens/ros2_athens_ws/install/first_interfaces/share/ament_index/resource_index/packages/first_interfaces
[8.026s] -- Old export file "/home/athens/ros2_athens_ws/install/first_interfaces/share/first_interfaces/cmake/export_first_interfaces__rosidl_generator_cExport.cmake" will be replaced.  Removing files [/home/athens/ros2_athens_ws/install/first_interfaces/share/first_interfaces/cmake/export_first_interfaces__rosidl_generator_cExport-noconfig.cmake].
[8.027s] -- Installing: /home/athens/ros2_athens_ws/install/first_interfaces/share/first_interfaces/cmake/export_first_interfaces__rosidl_generator_cExport.cmake
[8.027s] -- Installing: /home/athens/ros2_athens_ws/install/first_interfaces/share/first_interfaces/cmake/export_first_interfaces__rosidl_generator_cExport-noconfig.cmake
[8.027s] -- Old export file "/home/athens/ros2_athens_ws/install/first_interfaces/share/first_interfaces/cmake/export_first_interfaces__rosidl_typesupport_fastrtps_cExport.cmake" will be replaced.  Removing files [/home/athens/ros2_athens_ws/install/first_interfaces/share/first_interfaces/cmake/export_first_interfaces__rosidl_typesupport_fastrtps_cExport-noconfig.cmake].
[8.028s] -- Installing: /home/athens/ros2_athens_ws/install/first_interfaces/share/first_interfaces/cmake/export_first_interfaces__rosidl_typesupport_fastrtps_cExport.cmake
[8.028s] -- Installing: /home/athens/ros2_athens_ws/install/first_interfaces/share/first_interfaces/cmake/export_first_interfaces__rosidl_typesupport_fastrtps_cExport-noconfig.cmake
[8.028s] -- Installing: /home/athens/ros2_athens_ws/install/first_interfaces/share/first_interfaces/cmake/export_first_interfaces__rosidl_generator_cppExport.cmake
[8.028s] -- Old export file "/home/athens/ros2_athens_ws/install/first_interfaces/share/first_interfaces/cmake/export_first_interfaces__rosidl_typesupport_fastrtps_cppExport.cmake" will be replaced.  Removing files [/home/athens/ros2_athens_ws/install/first_interfaces/share/first_interfaces/cmake/export_first_interfaces__rosidl_typesupport_fastrtps_cppExport-noconfig.cmake].
[8.028s] -- Installing: /home/athens/ros2_athens_ws/install/first_interfaces/share/first_interfaces/cmake/export_first_interfaces__rosidl_typesupport_fastrtps_cppExport.cmake
[8.028s] -- Installing: /home/athens/ros2_athens_ws/install/first_interfaces/share/first_interfaces/cmake/export_first_interfaces__rosidl_typesupport_fastrtps_cppExport-noconfig.cmake
[8.028s] -- Old export file "/home/athens/ros2_athens_ws/install/first_interfaces/share/first_interfaces/cmake/first_interfaces__rosidl_typesupport_introspection_cExport.cmake" will be replaced.  Removing files [/home/athens/ros2_athens_ws/install/first_interfaces/share/first_interfaces/cmake/first_interfaces__rosidl_typesupport_introspection_cExport-noconfig.cmake].
[8.028s] -- Installing: /home/athens/ros2_athens_ws/install/first_interfaces/share/first_interfaces/cmake/first_interfaces__rosidl_typesupport_introspection_cExport.cmake
[8.028s] -- Installing: /home/athens/ros2_athens_ws/install/first_interfaces/share/first_interfaces/cmake/first_interfaces__rosidl_typesupport_introspection_cExport-noconfig.cmake
[8.028s] -- Old export file "/home/athens/ros2_athens_ws/install/first_interfaces/share/first_interfaces/cmake/first_interfaces__rosidl_typesupport_cExport.cmake" will be replaced.  Removing files [/home/athens/ros2_athens_ws/install/first_interfaces/share/first_interfaces/cmake/first_interfaces__rosidl_typesupport_cExport-noconfig.cmake].
[8.028s] -- Installing: /home/athens/ros2_athens_ws/install/first_interfaces/share/first_interfaces/cmake/first_interfaces__rosidl_typesupport_cExport.cmake
[8.028s] -- Installing: /home/athens/ros2_athens_ws/install/first_interfaces/share/first_interfaces/cmake/first_interfaces__rosidl_typesupport_cExport-noconfig.cmake
[8.028s] -- Old export file "/home/athens/ros2_athens_ws/install/first_interfaces/share/first_interfaces/cmake/first_interfaces__rosidl_typesupport_introspection_cppExport.cmake" will be replaced.  Removing files [/home/athens/ros2_athens_ws/install/first_interfaces/share/first_interfaces/cmake/first_interfaces__rosidl_typesupport_introspection_cppExport-noconfig.cmake].
[8.028s] -- Installing: /home/athens/ros2_athens_ws/install/first_interfaces/share/first_interfaces/cmake/first_interfaces__rosidl_typesupport_introspection_cppExport.cmake
[8.029s] -- Installing: /home/athens/ros2_athens_ws/install/first_interfaces/share/first_interfaces/cmake/first_interfaces__rosidl_typesupport_introspection_cppExport-noconfig.cmake
[8.029s] -- Old export file "/home/athens/ros2_athens_ws/install/first_interfaces/share/first_interfaces/cmake/first_interfaces__rosidl_typesupport_cppExport.cmake" will be replaced.  Removing files [/home/athens/ros2_athens_ws/install/first_interfaces/share/first_interfaces/cmake/first_interfaces__rosidl_typesupport_cppExport-noconfig.cmake].
[8.029s] -- Installing: /home/athens/ros2_athens_ws/install/first_interfaces/share/first_interfaces/cmake/first_interfaces__rosidl_typesupport_cppExport.cmake
[8.029s] -- Installing: /home/athens/ros2_athens_ws/install/first_interfaces/share/first_interfaces/cmake/first_interfaces__rosidl_typesupport_cppExport-noconfig.cmake
[8.029s] -- Up-to-date: /home/athens/ros2_athens_ws/install/first_interfaces/share/first_interfaces/cmake/export_first_interfaces__rosidl_generator_pyExport.cmake
[8.030s] -- Installing: /home/athens/ros2_athens_ws/install/first_interfaces/share/first_interfaces/cmake/export_first_interfaces__rosidl_generator_pyExport-noconfig.cmake
[8.030s] -- Installing: /home/athens/ros2_athens_ws/install/first_interfaces/share/first_interfaces/cmake/rosidl_cmake-extras.cmake
[8.031s] -- Installing: /home/athens/ros2_athens_ws/install/first_interfaces/share/first_interfaces/cmake/ament_cmake_export_dependencies-extras.cmake
[8.031s] -- Up-to-date: /home/athens/ros2_athens_ws/install/first_interfaces/share/first_interfaces/cmake/ament_cmake_export_include_directories-extras.cmake
[8.031s] -- Up-to-date: /home/athens/ros2_athens_ws/install/first_interfaces/share/first_interfaces/cmake/ament_cmake_export_libraries-extras.cmake
[8.031s] -- Up-to-date: /home/athens/ros2_athens_ws/install/first_interfaces/share/first_interfaces/cmake/ament_cmake_export_targets-extras.cmake
[8.031s] -- Up-to-date: /home/athens/ros2_athens_ws/install/first_interfaces/share/first_interfaces/cmake/rosidl_cmake_export_typesupport_targets-extras.cmake
[8.031s] -- Up-to-date: /home/athens/ros2_athens_ws/install/first_interfaces/share/first_interfaces/cmake/rosidl_cmake_export_typesupport_libraries-extras.cmake
[8.031s] -- Installing: /home/athens/ros2_athens_ws/install/first_interfaces/share/first_interfaces/cmake/first_interfacesConfig.cmake
[8.031s] -- Up-to-date: /home/athens/ros2_athens_ws/install/first_interfaces/share/first_interfaces/cmake/first_interfacesConfig-version.cmake
[8.031s] -- Up-to-date: /home/athens/ros2_athens_ws/install/first_interfaces/share/first_interfaces/package.xml
[8.032s] Invoked command in '/home/athens/ros2_athens_ws/build/first_interfaces' returned '0': CMAKE_PREFIX_PATH=${CMAKE_PREFIX_PATH}:/home/athens/ros2_athens_ws/install/first_package:/home/athens/ros2_athens_ws/src/install/first_package:/opt/ros/jazzy DEBUGINFOD_URLS=https://debuginfod.ubuntu.com /usr/bin/cmake --install /home/athens/ros2_athens_ws/build/first_interfaces
