[0.011s] Invoking command in '/home/athens/ros2_athens_ws/build/stm_interfaces': CMAKE_PREFIX_PATH=${CMAKE_PREFIX_PATH}:/opt/ros/jazzy DEBUGINFOD_URLS=https://debuginfod.ubuntu.com /usr/bin/cmake /home/athens/ros2_athens_ws/stm_interfaces -DCMAKE_INSTALL_PREFIX=/home/athens/ros2_athens_ws/install/stm_interfaces
[0.113s] -- The C compiler identification is GNU 13.3.0
[0.192s] -- The CXX compiler identification is GNU 13.3.0
[0.213s] -- Detecting C compiler ABI info
[0.320s] -- Detecting C compiler ABI info - done
[0.329s] -- Check for working C compiler: /usr/bin/cc - skipped
[0.330s] -- Detecting C compile features
[0.331s] -- Detecting C compile features - done
[0.342s] -- Detecting CXX compiler ABI info
[0.456s] -- Detecting CXX compiler ABI info - done
[0.468s] -- Check for working CXX compiler: /usr/bin/c++ - skipped
[0.469s] -- Detecting CXX compile features
[0.469s] -- Detecting CXX compile features - done
[0.472s] -- Found ament_cmake: 2.5.5 (/opt/ros/jazzy/share/ament_cmake/cmake)
[0.653s] -- Found Python3: /usr/bin/python3 (found version "3.12.3") found components: Interpreter 
[0.780s] -- Found std_msgs: 5.3.6 (/opt/ros/jazzy/share/std_msgs/cmake)
[0.821s] -- Found rosidl_generator_c: 4.6.7 (/opt/ros/jazzy/share/rosidl_generator_c/cmake)
[0.834s] -- Found rosidl_generator_cpp: 4.6.7 (/opt/ros/jazzy/share/rosidl_generator_cpp/cmake)
[0.855s] -- Using all available rosidl_typesupport_c: rosidl_typesupport_fastrtps_c;rosidl_typesupport_introspection_c
[0.875s] -- Using all available rosidl_typesupport_cpp: rosidl_typesupport_fastrtps_cpp;rosidl_typesupport_introspection_cpp
[0.910s] -- Found ament_lint_auto: 0.17.4 (/opt/ros/jazzy/share/ament_lint_auto/cmake)
[1.029s] -- Added test 'lint_cmake' to check CMake code style
[1.030s] -- Added test 'xmllint' to check XML markup files
[1.032s] -- Configuring done (1.0s)
[1.035s] -- Generating done (0.0s)
[1.037s] -- Build files have been written to: /home/athens/ros2_athens_ws/build/stm_interfaces
[1.046s] Invoked command in '/home/athens/ros2_athens_ws/build/stm_interfaces' returned '0': CMAKE_PREFIX_PATH=${CMAKE_PREFIX_PATH}:/opt/ros/jazzy DEBUGINFOD_URLS=https://debuginfod.ubuntu.com /usr/bin/cmake /home/athens/ros2_athens_ws/stm_interfaces -DCMAKE_INSTALL_PREFIX=/home/athens/ros2_athens_ws/install/stm_interfaces
[1.046s] Invoking command in '/home/athens/ros2_athens_ws/build/stm_interfaces': CMAKE_PREFIX_PATH=${CMAKE_PREFIX_PATH}:/opt/ros/jazzy DEBUGINFOD_URLS=https://debuginfod.ubuntu.com /usr/bin/cmake --build /home/athens/ros2_athens_ws/build/stm_interfaces -- -j3 -l3
[1.087s] Invoked command in '/home/athens/ros2_athens_ws/build/stm_interfaces' returned '0': CMAKE_PREFIX_PATH=${CMAKE_PREFIX_PATH}:/opt/ros/jazzy DEBUGINFOD_URLS=https://debuginfod.ubuntu.com /usr/bin/cmake --build /home/athens/ros2_athens_ws/build/stm_interfaces -- -j3 -l3
[1.098s] Invoking command in '/home/athens/ros2_athens_ws/build/stm_interfaces': CMAKE_PREFIX_PATH=${CMAKE_PREFIX_PATH}:/opt/ros/jazzy DEBUGINFOD_URLS=https://debuginfod.ubuntu.com /usr/bin/cmake --install /home/athens/ros2_athens_ws/build/stm_interfaces
[1.106s] -- Install configuration: ""
[1.107s] -- Installing: /home/athens/ros2_athens_ws/install/stm_interfaces/share/ament_index/resource_index/package_run_dependencies/stm_interfaces
[1.108s] -- Installing: /home/athens/ros2_athens_ws/install/stm_interfaces/share/ament_index/resource_index/parent_prefix_path/stm_interfaces
[1.108s] -- Installing: /home/athens/ros2_athens_ws/install/stm_interfaces/share/stm_interfaces/environment/ament_prefix_path.sh
[1.108s] -- Installing: /home/athens/ros2_athens_ws/install/stm_interfaces/share/stm_interfaces/environment/ament_prefix_path.dsv
[1.108s] -- Installing: /home/athens/ros2_athens_ws/install/stm_interfaces/share/stm_interfaces/environment/path.sh
[1.108s] -- Installing: /home/athens/ros2_athens_ws/install/stm_interfaces/share/stm_interfaces/environment/path.dsv
[1.108s] -- Installing: /home/athens/ros2_athens_ws/install/stm_interfaces/share/stm_interfaces/local_setup.bash
[1.108s] -- Installing: /home/athens/ros2_athens_ws/install/stm_interfaces/share/stm_interfaces/local_setup.sh
[1.108s] -- Installing: /home/athens/ros2_athens_ws/install/stm_interfaces/share/stm_interfaces/local_setup.zsh
[1.108s] -- Installing: /home/athens/ros2_athens_ws/install/stm_interfaces/share/stm_interfaces/local_setup.dsv
[1.108s] -- Installing: /home/athens/ros2_athens_ws/install/stm_interfaces/share/stm_interfaces/package.dsv
[1.108s] -- Installing: /home/athens/ros2_athens_ws/install/stm_interfaces/share/ament_index/resource_index/packages/stm_interfaces
[1.109s] -- Installing: /home/athens/ros2_athens_ws/install/stm_interfaces/share/stm_interfaces/cmake/stm_interfacesConfig.cmake
[1.109s] -- Installing: /home/athens/ros2_athens_ws/install/stm_interfaces/share/stm_interfaces/cmake/stm_interfacesConfig-version.cmake
[1.109s] -- Installing: /home/athens/ros2_athens_ws/install/stm_interfaces/share/stm_interfaces/package.xml
[1.110s] Invoked command in '/home/athens/ros2_athens_ws/build/stm_interfaces' returned '0': CMAKE_PREFIX_PATH=${CMAKE_PREFIX_PATH}:/opt/ros/jazzy DEBUGINFOD_URLS=https://debuginfod.ubuntu.com /usr/bin/cmake --install /home/athens/ros2_athens_ws/build/stm_interfaces
