[0.060s] Invoking command in '/home/athens/ros2_athens_ws/build/first_interfaces': CMAKE_PREFIX_PATH=${CMAKE_PREFIX_PATH}:/home/athens/ros2_athens_ws/install/stm_station:/home/athens/ros2_athens_ws/install/first_package:/home/athens/ros2_athens_ws/src/install/stm_station:/home/athens/ros2_athens_ws/src/install/first_package:/opt/ros/jazzy DEBUGINFOD_URLS=https://debuginfod.ubuntu.com /usr/bin/cmake --build /home/athens/ros2_athens_ws/build/first_interfaces -- -j3 -l3
[1.383s] [  2%] Built target first_interfaces__rosidl_generator_type_description
[1.383s] [  2%] Built target ament_cmake_python_copy_first_interfaces
[1.383s] [  4%] Built target first_interfaces__cpp
[1.384s] [ 22%] Built target first_interfaces__rosidl_generator_c
[1.384s] [ 31%] Built target first_interfaces__rosidl_typesupport_fastrtps_c
[1.385s] [ 40%] Built target first_interfaces__rosidl_typesupport_cpp
[1.386s] [ 50%] Built target first_interfaces__rosidl_typesupport_fastrtps_cpp
[1.386s] [ 59%] Built target first_interfaces__rosidl_typesupport_introspection_c
[1.386s] [ 68%] Built target first_interfaces__rosidl_typesupport_c
[1.386s] [ 77%] Built target first_interfaces__rosidl_typesupport_introspection_cpp
[1.386s] [ 77%] Built target first_interfaces
[1.386s] [ 79%] Built target first_interfaces__py
[1.388s] [ 86%] Built target first_interfaces__rosidl_generator_py
[1.388s] [ 90%] Built target first_interfaces_s__rosidl_typesupport_fastrtps_c
[1.388s] [ 95%] Built target first_interfaces_s__rosidl_typesupport_introspection_c
[1.388s] [100%] Built target first_interfaces_s__rosidl_typesupport_c
[1.450s] running egg_info
[1.528s] writing first_interfaces.egg-info/PKG-INFO
[1.528s] writing dependency_links to first_interfaces.egg-info/dependency_links.txt
[1.528s] writing top-level names to first_interfaces.egg-info/top_level.txt
[1.730s] reading manifest file 'first_interfaces.egg-info/SOURCES.txt'
[1.732s] writing manifest file 'first_interfaces.egg-info/SOURCES.txt'
[1.829s] [100%] Built target ament_cmake_python_build_first_interfaces_egg
[2.057s] Invoked command in '/home/athens/ros2_athens_ws/build/first_interfaces' returned '0': CMAKE_PREFIX_PATH=${CMAKE_PREFIX_PATH}:/home/athens/ros2_athens_ws/install/stm_station:/home/athens/ros2_athens_ws/install/first_package:/home/athens/ros2_athens_ws/src/install/stm_station:/home/athens/ros2_athens_ws/src/install/first_package:/opt/ros/jazzy DEBUGINFOD_URLS=https://debuginfod.ubuntu.com /usr/bin/cmake --build /home/athens/ros2_athens_ws/build/first_interfaces -- -j3 -l3
[2.102s] Invoking command in '/home/athens/ros2_athens_ws/build/first_interfaces': CMAKE_PREFIX_PATH=${CMAKE_PREFIX_PATH}:/home/athens/ros2_athens_ws/install/stm_station:/home/athens/ros2_athens_ws/install/first_package:/home/athens/ros2_athens_ws/src/install/stm_station:/home/athens/ros2_athens_ws/src/install/first_package:/opt/ros/jazzy DEBUGINFOD_URLS=https://debuginfod.ubuntu.com /usr/bin/cmake --install /home/athens/ros2_athens_ws/build/first_interfaces
[2.134s] -- Install configuration: ""
[2.135s] -- Up-to-date: /home/athens/ros2_athens_ws/install/first_interfaces/share/ament_index/resource_index/rosidl_interfaces/first_interfaces
[2.135s] -- Up-to-date: /home/athens/ros2_athens_ws/install/first_interfaces/share/first_interfaces/msg/ExampleMessage.json
[2.135s] -- Up-to-date: /home/athens/ros2_athens_ws/install/first_interfaces/share/first_interfaces/srv/AddTwoInts.json
[2.135s] -- Up-to-date: /home/athens/ros2_athens_ws/install/first_interfaces/include/first_interfaces/first_interfaces
[2.136s] -- Up-to-date: /home/athens/ros2_athens_ws/install/first_interfaces/include/first_interfaces/first_interfaces/srv
[2.136s] -- Up-to-date: /home/athens/ros2_athens_ws/install/first_interfaces/include/first_interfaces/first_interfaces/srv/detail
[2.136s] -- Up-to-date: /home/athens/ros2_athens_ws/install/first_interfaces/include/first_interfaces/first_interfaces/srv/detail/add_two_ints__functions.c
[2.136s] -- Up-to-date: /home/athens/ros2_athens_ws/install/first_interfaces/include/first_interfaces/first_interfaces/srv/detail/add_two_ints__type_support.h
[2.136s] -- Up-to-date: /home/athens/ros2_athens_ws/install/first_interfaces/include/first_interfaces/first_interfaces/srv/detail/add_two_ints__functions.h
[2.136s] -- Up-to-date: /home/athens/ros2_athens_ws/install/first_interfaces/include/first_interfaces/first_interfaces/srv/detail/add_two_ints__description.c
[2.136s] -- Installing: /home/athens/ros2_athens_ws/install/first_interfaces/include/first_interfaces/first_interfaces/srv/detail/add_two_ints__type_support.c
[2.137s] -- Up-to-date: /home/athens/ros2_athens_ws/install/first_interfaces/include/first_interfaces/first_interfaces/srv/detail/add_two_ints__struct.h
[2.137s] -- Up-to-date: /home/athens/ros2_athens_ws/install/first_interfaces/include/first_interfaces/first_interfaces/srv/add_two_ints.h
[2.137s] -- Up-to-date: /home/athens/ros2_athens_ws/install/first_interfaces/include/first_interfaces/first_interfaces/msg
[2.137s] -- Up-to-date: /home/athens/ros2_athens_ws/install/first_interfaces/include/first_interfaces/first_interfaces/msg/rosidl_generator_c__visibility_control.h
[2.141s] -- Up-to-date: /home/athens/ros2_athens_ws/install/first_interfaces/include/first_interfaces/first_interfaces/msg/detail
[2.141s] -- Installing: /home/athens/ros2_athens_ws/install/first_interfaces/include/first_interfaces/first_interfaces/msg/detail/example_message__type_support.c
[2.141s] -- Up-to-date: /home/athens/ros2_athens_ws/install/first_interfaces/include/first_interfaces/first_interfaces/msg/detail/example_message__struct.h
[2.141s] -- Up-to-date: /home/athens/ros2_athens_ws/install/first_interfaces/include/first_interfaces/first_interfaces/msg/detail/example_message__functions.c
[2.141s] -- Up-to-date: /home/athens/ros2_athens_ws/install/first_interfaces/include/first_interfaces/first_interfaces/msg/detail/example_message__type_support.h
[2.142s] -- Up-to-date: /home/athens/ros2_athens_ws/install/first_interfaces/include/first_interfaces/first_interfaces/msg/detail/example_message__functions.h
[2.142s] -- Up-to-date: /home/athens/ros2_athens_ws/install/first_interfaces/include/first_interfaces/first_interfaces/msg/detail/example_message__description.c
[2.142s] -- Up-to-date: /home/athens/ros2_athens_ws/install/first_interfaces/include/first_interfaces/first_interfaces/msg/example_message.h
[2.145s] -- Up-to-date: /home/athens/ros2_athens_ws/install/first_interfaces/share/first_interfaces/environment/library_path.sh
[2.145s] -- Up-to-date: /home/athens/ros2_athens_ws/install/first_interfaces/share/first_interfaces/environment/library_path.dsv
[2.145s] -- Up-to-date: /home/athens/ros2_athens_ws/install/first_interfaces/lib/libfirst_interfaces__rosidl_generator_c.so
[2.145s] -- Up-to-date: /home/athens/ros2_athens_ws/install/first_interfaces/include/first_interfaces/first_interfaces
[2.145s] -- Up-to-date: /home/athens/ros2_athens_ws/install/first_interfaces/include/first_interfaces/first_interfaces/srv
[2.145s] -- Up-to-date: /home/athens/ros2_athens_ws/install/first_interfaces/include/first_interfaces/first_interfaces/srv/detail
[2.146s] -- Up-to-date: /home/athens/ros2_athens_ws/install/first_interfaces/include/first_interfaces/first_interfaces/srv/detail/add_two_ints__rosidl_typesupport_fastrtps_c.h
[2.146s] -- Up-to-date: /home/athens/ros2_athens_ws/install/first_interfaces/include/first_interfaces/first_interfaces/msg
[2.148s] -- Up-to-date: /home/athens/ros2_athens_ws/install/first_interfaces/include/first_interfaces/first_interfaces/msg/rosidl_typesupport_fastrtps_c__visibility_control.h
[2.148s] -- Up-to-date: /home/athens/ros2_athens_ws/install/first_interfaces/include/first_interfaces/first_interfaces/msg/detail
[2.149s] -- Up-to-date: /home/athens/ros2_athens_ws/install/first_interfaces/include/first_interfaces/first_interfaces/msg/detail/example_message__rosidl_typesupport_fastrtps_c.h
[2.149s] -- Up-to-date: /home/athens/ros2_athens_ws/install/first_interfaces/lib/libfirst_interfaces__rosidl_typesupport_fastrtps_c.so
[2.149s] -- Up-to-date: /home/athens/ros2_athens_ws/install/first_interfaces/include/first_interfaces/first_interfaces
[2.149s] -- Up-to-date: /home/athens/ros2_athens_ws/install/first_interfaces/include/first_interfaces/first_interfaces/srv
[2.149s] -- Up-to-date: /home/athens/ros2_athens_ws/install/first_interfaces/include/first_interfaces/first_interfaces/srv/detail
[2.149s] -- Up-to-date: /home/athens/ros2_athens_ws/install/first_interfaces/include/first_interfaces/first_interfaces/srv/detail/add_two_ints__struct.hpp
[2.151s] -- Up-to-date: /home/athens/ros2_athens_ws/install/first_interfaces/include/first_interfaces/first_interfaces/srv/detail/add_two_ints__builder.hpp
[2.151s] -- Up-to-date: /home/athens/ros2_athens_ws/install/first_interfaces/include/first_interfaces/first_interfaces/srv/detail/add_two_ints__type_support.hpp
[2.151s] -- Up-to-date: /home/athens/ros2_athens_ws/install/first_interfaces/include/first_interfaces/first_interfaces/srv/detail/add_two_ints__traits.hpp
[2.152s] -- Up-to-date: /home/athens/ros2_athens_ws/install/first_interfaces/include/first_interfaces/first_interfaces/srv/add_two_ints.hpp
[2.152s] -- Up-to-date: /home/athens/ros2_athens_ws/install/first_interfaces/include/first_interfaces/first_interfaces/msg
[2.152s] -- Up-to-date: /home/athens/ros2_athens_ws/install/first_interfaces/include/first_interfaces/first_interfaces/msg/detail
[2.155s] -- Up-to-date: /home/athens/ros2_athens_ws/install/first_interfaces/include/first_interfaces/first_interfaces/msg/detail/example_message__struct.hpp
[2.155s] -- Up-to-date: /home/athens/ros2_athens_ws/install/first_interfaces/include/first_interfaces/first_interfaces/msg/detail/example_message__traits.hpp
[2.155s] -- Up-to-date: /home/athens/ros2_athens_ws/install/first_interfaces/include/first_interfaces/first_interfaces/msg/detail/example_message__builder.hpp
[2.155s] -- Up-to-date: /home/athens/ros2_athens_ws/install/first_interfaces/include/first_interfaces/first_interfaces/msg/detail/example_message__type_support.hpp
[2.156s] -- Up-to-date: /home/athens/ros2_athens_ws/install/first_interfaces/include/first_interfaces/first_interfaces/msg/example_message.hpp
[2.156s] -- Up-to-date: /home/athens/ros2_athens_ws/install/first_interfaces/include/first_interfaces/first_interfaces/msg/rosidl_generator_cpp__visibility_control.hpp
[2.156s] -- Up-to-date: /home/athens/ros2_athens_ws/install/first_interfaces/include/first_interfaces/first_interfaces
[2.156s] -- Up-to-date: /home/athens/ros2_athens_ws/install/first_interfaces/include/first_interfaces/first_interfaces/srv
[2.156s] -- Up-to-date: /home/athens/ros2_athens_ws/install/first_interfaces/include/first_interfaces/first_interfaces/srv/detail
[2.156s] -- Up-to-date: /home/athens/ros2_athens_ws/install/first_interfaces/include/first_interfaces/first_interfaces/srv/detail/dds_fastrtps
[2.157s] -- Up-to-date: /home/athens/ros2_athens_ws/install/first_interfaces/include/first_interfaces/first_interfaces/srv/detail/add_two_ints__rosidl_typesupport_fastrtps_cpp.hpp
[2.157s] -- Up-to-date: /home/athens/ros2_athens_ws/install/first_interfaces/include/first_interfaces/first_interfaces/msg
[2.157s] -- Up-to-date: /home/athens/ros2_athens_ws/install/first_interfaces/include/first_interfaces/first_interfaces/msg/rosidl_typesupport_fastrtps_cpp__visibility_control.h
[2.157s] -- Up-to-date: /home/athens/ros2_athens_ws/install/first_interfaces/include/first_interfaces/first_interfaces/msg/detail
[2.157s] -- Up-to-date: /home/athens/ros2_athens_ws/install/first_interfaces/include/first_interfaces/first_interfaces/msg/detail/example_message__rosidl_typesupport_fastrtps_cpp.hpp
[2.158s] -- Up-to-date: /home/athens/ros2_athens_ws/install/first_interfaces/include/first_interfaces/first_interfaces/msg/detail/dds_fastrtps
[2.158s] -- Up-to-date: /home/athens/ros2_athens_ws/install/first_interfaces/lib/libfirst_interfaces__rosidl_typesupport_fastrtps_cpp.so
[2.158s] -- Up-to-date: /home/athens/ros2_athens_ws/install/first_interfaces/include/first_interfaces/first_interfaces
[2.158s] -- Up-to-date: /home/athens/ros2_athens_ws/install/first_interfaces/include/first_interfaces/first_interfaces/srv
[2.158s] -- Up-to-date: /home/athens/ros2_athens_ws/install/first_interfaces/include/first_interfaces/first_interfaces/srv/detail
[2.158s] -- Installing: /home/athens/ros2_athens_ws/install/first_interfaces/include/first_interfaces/first_interfaces/srv/detail/add_two_ints__type_support.c
[2.158s] -- Up-to-date: /home/athens/ros2_athens_ws/install/first_interfaces/include/first_interfaces/first_interfaces/srv/detail/add_two_ints__rosidl_typesupport_introspection_c.h
[2.158s] -- Up-to-date: /home/athens/ros2_athens_ws/install/first_interfaces/include/first_interfaces/first_interfaces/msg
[2.159s] -- Up-to-date: /home/athens/ros2_athens_ws/install/first_interfaces/include/first_interfaces/first_interfaces/msg/detail
[2.162s] -- Installing: /home/athens/ros2_athens_ws/install/first_interfaces/include/first_interfaces/first_interfaces/msg/detail/example_message__type_support.c
[2.163s] -- Up-to-date: /home/athens/ros2_athens_ws/install/first_interfaces/include/first_interfaces/first_interfaces/msg/detail/example_message__rosidl_typesupport_introspection_c.h
[2.163s] -- Up-to-date: /home/athens/ros2_athens_ws/install/first_interfaces/include/first_interfaces/first_interfaces/msg/rosidl_typesupport_introspection_c__visibility_control.h
[2.164s] -- Up-to-date: /home/athens/ros2_athens_ws/install/first_interfaces/lib/libfirst_interfaces__rosidl_typesupport_introspection_c.so
[2.164s] -- Up-to-date: /home/athens/ros2_athens_ws/install/first_interfaces/lib/libfirst_interfaces__rosidl_typesupport_c.so
[2.164s] -- Up-to-date: /home/athens/ros2_athens_ws/install/first_interfaces/include/first_interfaces/first_interfaces
[2.164s] -- Up-to-date: /home/athens/ros2_athens_ws/install/first_interfaces/include/first_interfaces/first_interfaces/srv
[2.164s] -- Up-to-date: /home/athens/ros2_athens_ws/install/first_interfaces/include/first_interfaces/first_interfaces/srv/detail
[2.164s] -- Up-to-date: /home/athens/ros2_athens_ws/install/first_interfaces/include/first_interfaces/first_interfaces/srv/detail/add_two_ints__type_support.cpp
[2.167s] -- Up-to-date: /home/athens/ros2_athens_ws/install/first_interfaces/include/first_interfaces/first_interfaces/srv/detail/add_two_ints__rosidl_typesupport_introspection_cpp.hpp
[2.167s] -- Up-to-date: /home/athens/ros2_athens_ws/install/first_interfaces/include/first_interfaces/first_interfaces/msg
[2.167s] -- Up-to-date: /home/athens/ros2_athens_ws/install/first_interfaces/include/first_interfaces/first_interfaces/msg/detail
[2.168s] -- Up-to-date: /home/athens/ros2_athens_ws/install/first_interfaces/include/first_interfaces/first_interfaces/msg/detail/example_message__rosidl_typesupport_introspection_cpp.hpp
[2.168s] -- Up-to-date: /home/athens/ros2_athens_ws/install/first_interfaces/include/first_interfaces/first_interfaces/msg/detail/example_message__type_support.cpp
[2.168s] -- Up-to-date: /home/athens/ros2_athens_ws/install/first_interfaces/lib/libfirst_interfaces__rosidl_typesupport_introspection_cpp.so
[2.169s] -- Up-to-date: /home/athens/ros2_athens_ws/install/first_interfaces/lib/libfirst_interfaces__rosidl_typesupport_cpp.so
[2.169s] -- Up-to-date: /home/athens/ros2_athens_ws/install/first_interfaces/share/first_interfaces/environment/pythonpath.sh
[2.169s] -- Up-to-date: /home/athens/ros2_athens_ws/install/first_interfaces/share/first_interfaces/environment/pythonpath.dsv
[2.169s] -- Up-to-date: /home/athens/ros2_athens_ws/install/first_interfaces/lib/python3.12/site-packages/first_interfaces-0.0.0-py3.12.egg-info
[2.172s] -- Installing: /home/athens/ros2_athens_ws/install/first_interfaces/lib/python3.12/site-packages/first_interfaces-0.0.0-py3.12.egg-info/SOURCES.txt
[2.172s] -- Installing: /home/athens/ros2_athens_ws/install/first_interfaces/lib/python3.12/site-packages/first_interfaces-0.0.0-py3.12.egg-info/dependency_links.txt
[2.172s] -- Installing: /home/athens/ros2_athens_ws/install/first_interfaces/lib/python3.12/site-packages/first_interfaces-0.0.0-py3.12.egg-info/PKG-INFO
[2.172s] -- Installing: /home/athens/ros2_athens_ws/install/first_interfaces/lib/python3.12/site-packages/first_interfaces-0.0.0-py3.12.egg-info/top_level.txt
[2.172s] -- Up-to-date: /home/athens/ros2_athens_ws/install/first_interfaces/lib/python3.12/site-packages/first_interfaces
[2.173s] -- Up-to-date: /home/athens/ros2_athens_ws/install/first_interfaces/lib/python3.12/site-packages/first_interfaces/first_interfaces_s__rosidl_typesupport_introspection_c.so
[2.173s] -- Up-to-date: /home/athens/ros2_athens_ws/install/first_interfaces/lib/python3.12/site-packages/first_interfaces/srv
[2.178s] -- Up-to-date: /home/athens/ros2_athens_ws/install/first_interfaces/lib/python3.12/site-packages/first_interfaces/srv/_add_two_ints_s.c
[2.178s] -- Up-to-date: /home/athens/ros2_athens_ws/install/first_interfaces/lib/python3.12/site-packages/first_interfaces/srv/__init__.py
[2.178s] -- Up-to-date: /home/athens/ros2_athens_ws/install/first_interfaces/lib/python3.12/site-packages/first_interfaces/srv/_add_two_ints.py
[2.178s] -- Up-to-date: /home/athens/ros2_athens_ws/install/first_interfaces/lib/python3.12/site-packages/first_interfaces/first_interfaces_s__rosidl_typesupport_fastrtps_c.so
[2.179s] -- Up-to-date: /home/athens/ros2_athens_ws/install/first_interfaces/lib/python3.12/site-packages/first_interfaces/_first_interfaces_s.ep.rosidl_typesupport_introspection_c.c
[2.179s] -- Up-to-date: /home/athens/ros2_athens_ws/install/first_interfaces/lib/python3.12/site-packages/first_interfaces/__init__.py
[2.179s] -- Up-to-date: /home/athens/ros2_athens_ws/install/first_interfaces/lib/python3.12/site-packages/first_interfaces/first_interfaces_s__rosidl_typesupport_c.so
[2.179s] -- Up-to-date: /home/athens/ros2_athens_ws/install/first_interfaces/lib/python3.12/site-packages/first_interfaces/msg
[2.179s] -- Up-to-date: /home/athens/ros2_athens_ws/install/first_interfaces/lib/python3.12/site-packages/first_interfaces/msg/_example_message.py
[2.181s] -- Up-to-date: /home/athens/ros2_athens_ws/install/first_interfaces/lib/python3.12/site-packages/first_interfaces/msg/__init__.py
[2.181s] -- Up-to-date: /home/athens/ros2_athens_ws/install/first_interfaces/lib/python3.12/site-packages/first_interfaces/msg/_example_message_s.c
[2.182s] -- Up-to-date: /home/athens/ros2_athens_ws/install/first_interfaces/lib/python3.12/site-packages/first_interfaces/_first_interfaces_s.ep.rosidl_typesupport_fastrtps_c.c
[2.182s] -- Up-to-date: /home/athens/ros2_athens_ws/install/first_interfaces/lib/python3.12/site-packages/first_interfaces/_first_interfaces_s.ep.rosidl_typesupport_c.c
[2.235s] Listing '/home/athens/ros2_athens_ws/install/first_interfaces/lib/python3.12/site-packages/first_interfaces'...
[2.235s] Listing '/home/athens/ros2_athens_ws/install/first_interfaces/lib/python3.12/site-packages/first_interfaces/msg'...
[2.235s] Listing '/home/athens/ros2_athens_ws/install/first_interfaces/lib/python3.12/site-packages/first_interfaces/srv'...
[2.258s] -- Up-to-date: /home/athens/ros2_athens_ws/install/first_interfaces/lib/python3.12/site-packages/first_interfaces/first_interfaces_s__rosidl_typesupport_fastrtps_c.so
[2.259s] -- Up-to-date: /home/athens/ros2_athens_ws/install/first_interfaces/lib/python3.12/site-packages/first_interfaces/first_interfaces_s__rosidl_typesupport_introspection_c.so
[2.261s] -- Up-to-date: /home/athens/ros2_athens_ws/install/first_interfaces/lib/python3.12/site-packages/first_interfaces/first_interfaces_s__rosidl_typesupport_c.so
[2.262s] -- Up-to-date: /home/athens/ros2_athens_ws/install/first_interfaces/lib/libfirst_interfaces__rosidl_generator_py.so
[2.263s] -- Up-to-date: /home/athens/ros2_athens_ws/install/first_interfaces/share/first_interfaces/msg/ExampleMessage.idl
[2.265s] -- Up-to-date: /home/athens/ros2_athens_ws/install/first_interfaces/share/first_interfaces/srv/AddTwoInts.idl
[2.268s] -- Up-to-date: /home/athens/ros2_athens_ws/install/first_interfaces/share/first_interfaces/msg/ExampleMessage.msg
[2.268s] -- Up-to-date: /home/athens/ros2_athens_ws/install/first_interfaces/share/first_interfaces/srv/AddTwoInts.srv
[2.268s] -- Up-to-date: /home/athens/ros2_athens_ws/install/first_interfaces/share/ament_index/resource_index/package_run_dependencies/first_interfaces
[2.269s] -- Up-to-date: /home/athens/ros2_athens_ws/install/first_interfaces/share/ament_index/resource_index/parent_prefix_path/first_interfaces
[2.269s] -- Up-to-date: /home/athens/ros2_athens_ws/install/first_interfaces/share/first_interfaces/environment/ament_prefix_path.sh
[2.271s] -- Up-to-date: /home/athens/ros2_athens_ws/install/first_interfaces/share/first_interfaces/environment/ament_prefix_path.dsv
[2.271s] -- Up-to-date: /home/athens/ros2_athens_ws/install/first_interfaces/share/first_interfaces/environment/path.sh
[2.272s] -- Up-to-date: /home/athens/ros2_athens_ws/install/first_interfaces/share/first_interfaces/environment/path.dsv
[2.272s] -- Up-to-date: /home/athens/ros2_athens_ws/install/first_interfaces/share/first_interfaces/local_setup.bash
[2.272s] -- Up-to-date: /home/athens/ros2_athens_ws/install/first_interfaces/share/first_interfaces/local_setup.sh
[2.272s] -- Up-to-date: /home/athens/ros2_athens_ws/install/first_interfaces/share/first_interfaces/local_setup.zsh
[2.281s] -- Up-to-date: /home/athens/ros2_athens_ws/install/first_interfaces/share/first_interfaces/local_setup.dsv
[2.281s] -- Installing: /home/athens/ros2_athens_ws/install/first_interfaces/share/first_interfaces/package.dsv
[2.283s] -- Up-to-date: /home/athens/ros2_athens_ws/install/first_interfaces/share/ament_index/resource_index/packages/first_interfaces
[2.284s] -- Up-to-date: /home/athens/ros2_athens_ws/install/first_interfaces/share/first_interfaces/cmake/export_first_interfaces__rosidl_generator_cExport.cmake
[2.284s] -- Up-to-date: /home/athens/ros2_athens_ws/install/first_interfaces/share/first_interfaces/cmake/export_first_interfaces__rosidl_generator_cExport-noconfig.cmake
[2.285s] -- Up-to-date: /home/athens/ros2_athens_ws/install/first_interfaces/share/first_interfaces/cmake/export_first_interfaces__rosidl_typesupport_fastrtps_cExport.cmake
[2.285s] -- Up-to-date: /home/athens/ros2_athens_ws/install/first_interfaces/share/first_interfaces/cmake/export_first_interfaces__rosidl_typesupport_fastrtps_cExport-noconfig.cmake
[2.288s] -- Up-to-date: /home/athens/ros2_athens_ws/install/first_interfaces/share/first_interfaces/cmake/export_first_interfaces__rosidl_generator_cppExport.cmake
[2.288s] -- Up-to-date: /home/athens/ros2_athens_ws/install/first_interfaces/share/first_interfaces/cmake/export_first_interfaces__rosidl_typesupport_fastrtps_cppExport.cmake
[2.288s] -- Up-to-date: /home/athens/ros2_athens_ws/install/first_interfaces/share/first_interfaces/cmake/export_first_interfaces__rosidl_typesupport_fastrtps_cppExport-noconfig.cmake
[2.288s] -- Up-to-date: /home/athens/ros2_athens_ws/install/first_interfaces/share/first_interfaces/cmake/first_interfaces__rosidl_typesupport_introspection_cExport.cmake
[2.289s] -- Up-to-date: /home/athens/ros2_athens_ws/install/first_interfaces/share/first_interfaces/cmake/first_interfaces__rosidl_typesupport_introspection_cExport-noconfig.cmake
[2.290s] -- Up-to-date: /home/athens/ros2_athens_ws/install/first_interfaces/share/first_interfaces/cmake/first_interfaces__rosidl_typesupport_cExport.cmake
[2.290s] -- Up-to-date: /home/athens/ros2_athens_ws/install/first_interfaces/share/first_interfaces/cmake/first_interfaces__rosidl_typesupport_cExport-noconfig.cmake
[2.290s] -- Up-to-date: /home/athens/ros2_athens_ws/install/first_interfaces/share/first_interfaces/cmake/first_interfaces__rosidl_typesupport_introspection_cppExport.cmake
[2.290s] -- Up-to-date: /home/athens/ros2_athens_ws/install/first_interfaces/share/first_interfaces/cmake/first_interfaces__rosidl_typesupport_introspection_cppExport-noconfig.cmake
[2.293s] -- Up-to-date: /home/athens/ros2_athens_ws/install/first_interfaces/share/first_interfaces/cmake/first_interfaces__rosidl_typesupport_cppExport.cmake
[2.293s] -- Up-to-date: /home/athens/ros2_athens_ws/install/first_interfaces/share/first_interfaces/cmake/first_interfaces__rosidl_typesupport_cppExport-noconfig.cmake
[2.294s] -- Up-to-date: /home/athens/ros2_athens_ws/install/first_interfaces/share/first_interfaces/cmake/export_first_interfaces__rosidl_generator_pyExport.cmake
[2.294s] -- Up-to-date: /home/athens/ros2_athens_ws/install/first_interfaces/share/first_interfaces/cmake/export_first_interfaces__rosidl_generator_pyExport-noconfig.cmake
[2.294s] -- Up-to-date: /home/athens/ros2_athens_ws/install/first_interfaces/share/first_interfaces/cmake/rosidl_cmake-extras.cmake
[2.295s] -- Up-to-date: /home/athens/ros2_athens_ws/install/first_interfaces/share/first_interfaces/cmake/ament_cmake_export_dependencies-extras.cmake
[2.295s] -- Up-to-date: /home/athens/ros2_athens_ws/install/first_interfaces/share/first_interfaces/cmake/ament_cmake_export_include_directories-extras.cmake
[2.295s] -- Up-to-date: /home/athens/ros2_athens_ws/install/first_interfaces/share/first_interfaces/cmake/ament_cmake_export_libraries-extras.cmake
[2.297s] -- Up-to-date: /home/athens/ros2_athens_ws/install/first_interfaces/share/first_interfaces/cmake/ament_cmake_export_targets-extras.cmake
[2.298s] -- Up-to-date: /home/athens/ros2_athens_ws/install/first_interfaces/share/first_interfaces/cmake/rosidl_cmake_export_typesupport_targets-extras.cmake
[2.298s] -- Up-to-date: /home/athens/ros2_athens_ws/install/first_interfaces/share/first_interfaces/cmake/rosidl_cmake_export_typesupport_libraries-extras.cmake
[2.298s] -- Up-to-date: /home/athens/ros2_athens_ws/install/first_interfaces/share/first_interfaces/cmake/first_interfacesConfig.cmake
[2.299s] -- Up-to-date: /home/athens/ros2_athens_ws/install/first_interfaces/share/first_interfaces/cmake/first_interfacesConfig-version.cmake
[2.299s] -- Up-to-date: /home/athens/ros2_athens_ws/install/first_interfaces/share/first_interfaces/package.xml
[2.299s] Invoked command in '/home/athens/ros2_athens_ws/build/first_interfaces' returned '0': CMAKE_PREFIX_PATH=${CMAKE_PREFIX_PATH}:/home/athens/ros2_athens_ws/install/stm_station:/home/athens/ros2_athens_ws/install/first_package:/home/athens/ros2_athens_ws/src/install/stm_station:/home/athens/ros2_athens_ws/src/install/first_package:/opt/ros/jazzy DEBUGINFOD_URLS=https://debuginfod.ubuntu.com /usr/bin/cmake --install /home/athens/ros2_athens_ws/build/first_interfaces
