[0.027s] Invoking command in '/home/athens/ros2_athens_ws/build/first_interfaces': CMAKE_PREFIX_PATH=${CMAKE_PREFIX_PATH}:/home/athens/ros2_athens_ws/src/install/stm_station:/home/athens/ros2_athens_ws/src/install/first_package:/opt/ros/jazzy DEBUGINFOD_URLS=https://debuginfod.ubuntu.com /usr/bin/cmake --build /home/athens/ros2_athens_ws/build/first_interfaces -- -j3 -l3
[0.683s] [  2%] Built target first_interfaces__rosidl_generator_type_description
[0.683s] [  2%] Built target ament_cmake_python_copy_first_interfaces
[0.683s] [  4%] Built target first_interfaces__cpp
[0.683s] [ 22%] Built target first_interfaces__rosidl_generator_c
[0.683s] [ 31%] Built target first_interfaces__rosidl_typesupport_cpp
[0.683s] [ 40%] Built target first_interfaces__rosidl_typesupport_fastrtps_c
[0.683s] [ 50%] Built target first_interfaces__rosidl_typesupport_fastrtps_cpp
[0.683s] [ 59%] Built target first_interfaces__rosidl_typesupport_introspection_c
[0.683s] [ 68%] Built target first_interfaces__rosidl_typesupport_c
[0.683s] [ 77%] Built target first_interfaces__rosidl_typesupport_introspection_cpp
[0.715s] [ 77%] Built target first_interfaces
[0.773s] [ 79%] Built target first_interfaces__py
[0.806s] [ 86%] Built target first_interfaces__rosidl_generator_py
[0.840s] [ 90%] Built target first_interfaces_s__rosidl_typesupport_introspection_c
[0.868s] [ 95%] Built target first_interfaces_s__rosidl_typesupport_fastrtps_c
[0.897s] [100%] Built target first_interfaces_s__rosidl_typesupport_c
[0.906s] running egg_info
[0.930s] writing first_interfaces.egg-info/PKG-INFO
[0.931s] writing dependency_links to first_interfaces.egg-info/dependency_links.txt
[0.933s] writing top-level names to first_interfaces.egg-info/top_level.txt
[1.014s] reading manifest file 'first_interfaces.egg-info/SOURCES.txt'
[1.015s] writing manifest file 'first_interfaces.egg-info/SOURCES.txt'
[1.061s] [100%] Built target ament_cmake_python_build_first_interfaces_egg
[1.076s] Invoked command in '/home/athens/ros2_athens_ws/build/first_interfaces' returned '0': CMAKE_PREFIX_PATH=${CMAKE_PREFIX_PATH}:/home/athens/ros2_athens_ws/src/install/stm_station:/home/athens/ros2_athens_ws/src/install/first_package:/opt/ros/jazzy DEBUGINFOD_URLS=https://debuginfod.ubuntu.com /usr/bin/cmake --build /home/athens/ros2_athens_ws/build/first_interfaces -- -j3 -l3
[1.097s] Invoking command in '/home/athens/ros2_athens_ws/build/first_interfaces': CMAKE_PREFIX_PATH=${CMAKE_PREFIX_PATH}:/home/athens/ros2_athens_ws/src/install/stm_station:/home/athens/ros2_athens_ws/src/install/first_package:/opt/ros/jazzy DEBUGINFOD_URLS=https://debuginfod.ubuntu.com /usr/bin/cmake --install /home/athens/ros2_athens_ws/build/first_interfaces
[1.108s] -- Install configuration: ""
[1.109s] -- Up-to-date: /home/athens/ros2_athens_ws/install/first_interfaces/share/ament_index/resource_index/rosidl_interfaces/first_interfaces
[1.110s] -- Up-to-date: /home/athens/ros2_athens_ws/install/first_interfaces/share/first_interfaces/msg/ExampleMessage.json
[1.110s] -- Up-to-date: /home/athens/ros2_athens_ws/install/first_interfaces/share/first_interfaces/srv/AddTwoInts.json
[1.111s] -- Up-to-date: /home/athens/ros2_athens_ws/install/first_interfaces/include/first_interfaces/first_interfaces
[1.111s] -- Up-to-date: /home/athens/ros2_athens_ws/install/first_interfaces/include/first_interfaces/first_interfaces/srv
[1.112s] -- Up-to-date: /home/athens/ros2_athens_ws/install/first_interfaces/include/first_interfaces/first_interfaces/srv/detail
[1.112s] -- Up-to-date: /home/athens/ros2_athens_ws/install/first_interfaces/include/first_interfaces/first_interfaces/srv/detail/add_two_ints__functions.c
[1.112s] -- Up-to-date: /home/athens/ros2_athens_ws/install/first_interfaces/include/first_interfaces/first_interfaces/srv/detail/add_two_ints__type_support.h
[1.113s] -- Up-to-date: /home/athens/ros2_athens_ws/install/first_interfaces/include/first_interfaces/first_interfaces/srv/detail/add_two_ints__functions.h
[1.113s] -- Up-to-date: /home/athens/ros2_athens_ws/install/first_interfaces/include/first_interfaces/first_interfaces/srv/detail/add_two_ints__description.c
[1.113s] -- Installing: /home/athens/ros2_athens_ws/install/first_interfaces/include/first_interfaces/first_interfaces/srv/detail/add_two_ints__type_support.c
[1.114s] -- Up-to-date: /home/athens/ros2_athens_ws/install/first_interfaces/include/first_interfaces/first_interfaces/srv/detail/add_two_ints__struct.h
[1.114s] -- Up-to-date: /home/athens/ros2_athens_ws/install/first_interfaces/include/first_interfaces/first_interfaces/srv/add_two_ints.h
[1.114s] -- Up-to-date: /home/athens/ros2_athens_ws/install/first_interfaces/include/first_interfaces/first_interfaces/msg
[1.115s] -- Up-to-date: /home/athens/ros2_athens_ws/install/first_interfaces/include/first_interfaces/first_interfaces/msg/rosidl_generator_c__visibility_control.h
[1.115s] -- Up-to-date: /home/athens/ros2_athens_ws/install/first_interfaces/include/first_interfaces/first_interfaces/msg/detail
[1.115s] -- Installing: /home/athens/ros2_athens_ws/install/first_interfaces/include/first_interfaces/first_interfaces/msg/detail/example_message__type_support.c
[1.115s] -- Up-to-date: /home/athens/ros2_athens_ws/install/first_interfaces/include/first_interfaces/first_interfaces/msg/detail/example_message__struct.h
[1.115s] -- Up-to-date: /home/athens/ros2_athens_ws/install/first_interfaces/include/first_interfaces/first_interfaces/msg/detail/example_message__functions.c
[1.116s] -- Up-to-date: /home/athens/ros2_athens_ws/install/first_interfaces/include/first_interfaces/first_interfaces/msg/detail/example_message__type_support.h
[1.116s] -- Up-to-date: /home/athens/ros2_athens_ws/install/first_interfaces/include/first_interfaces/first_interfaces/msg/detail/example_message__functions.h
[1.116s] -- Up-to-date: /home/athens/ros2_athens_ws/install/first_interfaces/include/first_interfaces/first_interfaces/msg/detail/example_message__description.c
[1.116s] -- Up-to-date: /home/athens/ros2_athens_ws/install/first_interfaces/include/first_interfaces/first_interfaces/msg/example_message.h
[1.116s] -- Up-to-date: /home/athens/ros2_athens_ws/install/first_interfaces/share/first_interfaces/environment/library_path.sh
[1.116s] -- Up-to-date: /home/athens/ros2_athens_ws/install/first_interfaces/share/first_interfaces/environment/library_path.dsv
[1.118s] -- Up-to-date: /home/athens/ros2_athens_ws/install/first_interfaces/lib/libfirst_interfaces__rosidl_generator_c.so
[1.118s] -- Up-to-date: /home/athens/ros2_athens_ws/install/first_interfaces/include/first_interfaces/first_interfaces
[1.119s] -- Up-to-date: /home/athens/ros2_athens_ws/install/first_interfaces/include/first_interfaces/first_interfaces/srv
[1.119s] -- Up-to-date: /home/athens/ros2_athens_ws/install/first_interfaces/include/first_interfaces/first_interfaces/srv/detail
[1.119s] -- Up-to-date: /home/athens/ros2_athens_ws/install/first_interfaces/include/first_interfaces/first_interfaces/srv/detail/add_two_ints__rosidl_typesupport_fastrtps_c.h
[1.119s] -- Up-to-date: /home/athens/ros2_athens_ws/install/first_interfaces/include/first_interfaces/first_interfaces/msg
[1.119s] -- Up-to-date: /home/athens/ros2_athens_ws/install/first_interfaces/include/first_interfaces/first_interfaces/msg/rosidl_typesupport_fastrtps_c__visibility_control.h
[1.120s] -- Up-to-date: /home/athens/ros2_athens_ws/install/first_interfaces/include/first_interfaces/first_interfaces/msg/detail
[1.120s] -- Up-to-date: /home/athens/ros2_athens_ws/install/first_interfaces/include/first_interfaces/first_interfaces/msg/detail/example_message__rosidl_typesupport_fastrtps_c.h
[1.121s] -- Up-to-date: /home/athens/ros2_athens_ws/install/first_interfaces/lib/libfirst_interfaces__rosidl_typesupport_fastrtps_c.so
[1.122s] -- Up-to-date: /home/athens/ros2_athens_ws/install/first_interfaces/include/first_interfaces/first_interfaces
[1.122s] -- Up-to-date: /home/athens/ros2_athens_ws/install/first_interfaces/include/first_interfaces/first_interfaces/srv
[1.123s] -- Up-to-date: /home/athens/ros2_athens_ws/install/first_interfaces/include/first_interfaces/first_interfaces/srv/detail
[1.124s] -- Up-to-date: /home/athens/ros2_athens_ws/install/first_interfaces/include/first_interfaces/first_interfaces/srv/detail/add_two_ints__struct.hpp
[1.124s] -- Up-to-date: /home/athens/ros2_athens_ws/install/first_interfaces/include/first_interfaces/first_interfaces/srv/detail/add_two_ints__builder.hpp
[1.124s] -- Up-to-date: /home/athens/ros2_athens_ws/install/first_interfaces/include/first_interfaces/first_interfaces/srv/detail/add_two_ints__type_support.hpp
[1.124s] -- Up-to-date: /home/athens/ros2_athens_ws/install/first_interfaces/include/first_interfaces/first_interfaces/srv/detail/add_two_ints__traits.hpp
[1.124s] -- Up-to-date: /home/athens/ros2_athens_ws/install/first_interfaces/include/first_interfaces/first_interfaces/srv/add_two_ints.hpp
[1.124s] -- Up-to-date: /home/athens/ros2_athens_ws/install/first_interfaces/include/first_interfaces/first_interfaces/msg
[1.124s] -- Up-to-date: /home/athens/ros2_athens_ws/install/first_interfaces/include/first_interfaces/first_interfaces/msg/detail
[1.124s] -- Up-to-date: /home/athens/ros2_athens_ws/install/first_interfaces/include/first_interfaces/first_interfaces/msg/detail/example_message__struct.hpp
[1.125s] -- Up-to-date: /home/athens/ros2_athens_ws/install/first_interfaces/include/first_interfaces/first_interfaces/msg/detail/example_message__traits.hpp
[1.125s] -- Up-to-date: /home/athens/ros2_athens_ws/install/first_interfaces/include/first_interfaces/first_interfaces/msg/detail/example_message__builder.hpp
[1.126s] -- Up-to-date: /home/athens/ros2_athens_ws/install/first_interfaces/include/first_interfaces/first_interfaces/msg/detail/example_message__type_support.hpp
[1.126s] -- Up-to-date: /home/athens/ros2_athens_ws/install/first_interfaces/include/first_interfaces/first_interfaces/msg/example_message.hpp
[1.126s] -- Up-to-date: /home/athens/ros2_athens_ws/install/first_interfaces/include/first_interfaces/first_interfaces/msg/rosidl_generator_cpp__visibility_control.hpp
[1.128s] -- Up-to-date: /home/athens/ros2_athens_ws/install/first_interfaces/include/first_interfaces/first_interfaces
[1.128s] -- Up-to-date: /home/athens/ros2_athens_ws/install/first_interfaces/include/first_interfaces/first_interfaces/srv
[1.128s] -- Up-to-date: /home/athens/ros2_athens_ws/install/first_interfaces/include/first_interfaces/first_interfaces/srv/detail
[1.128s] -- Up-to-date: /home/athens/ros2_athens_ws/install/first_interfaces/include/first_interfaces/first_interfaces/srv/detail/dds_fastrtps
[1.128s] -- Up-to-date: /home/athens/ros2_athens_ws/install/first_interfaces/include/first_interfaces/first_interfaces/srv/detail/add_two_ints__rosidl_typesupport_fastrtps_cpp.hpp
[1.128s] -- Up-to-date: /home/athens/ros2_athens_ws/install/first_interfaces/include/first_interfaces/first_interfaces/msg
[1.128s] -- Up-to-date: /home/athens/ros2_athens_ws/install/first_interfaces/include/first_interfaces/first_interfaces/msg/rosidl_typesupport_fastrtps_cpp__visibility_control.h
[1.128s] -- Up-to-date: /home/athens/ros2_athens_ws/install/first_interfaces/include/first_interfaces/first_interfaces/msg/detail
[1.128s] -- Up-to-date: /home/athens/ros2_athens_ws/install/first_interfaces/include/first_interfaces/first_interfaces/msg/detail/example_message__rosidl_typesupport_fastrtps_cpp.hpp
[1.128s] -- Up-to-date: /home/athens/ros2_athens_ws/install/first_interfaces/include/first_interfaces/first_interfaces/msg/detail/dds_fastrtps
[1.128s] -- Up-to-date: /home/athens/ros2_athens_ws/install/first_interfaces/lib/libfirst_interfaces__rosidl_typesupport_fastrtps_cpp.so
[1.129s] -- Up-to-date: /home/athens/ros2_athens_ws/install/first_interfaces/include/first_interfaces/first_interfaces
[1.129s] -- Up-to-date: /home/athens/ros2_athens_ws/install/first_interfaces/include/first_interfaces/first_interfaces/srv
[1.129s] -- Up-to-date: /home/athens/ros2_athens_ws/install/first_interfaces/include/first_interfaces/first_interfaces/srv/detail
[1.135s] -- Installing: /home/athens/ros2_athens_ws/install/first_interfaces/include/first_interfaces/first_interfaces/srv/detail/add_two_ints__type_support.c
[1.135s] -- Up-to-date: /home/athens/ros2_athens_ws/install/first_interfaces/include/first_interfaces/first_interfaces/srv/detail/add_two_ints__rosidl_typesupport_introspection_c.h
[1.135s] -- Up-to-date: /home/athens/ros2_athens_ws/install/first_interfaces/include/first_interfaces/first_interfaces/msg
[1.136s] -- Up-to-date: /home/athens/ros2_athens_ws/install/first_interfaces/include/first_interfaces/first_interfaces/msg/detail
[1.136s] -- Installing: /home/athens/ros2_athens_ws/install/first_interfaces/include/first_interfaces/first_interfaces/msg/detail/example_message__type_support.c
[1.136s] -- Up-to-date: /home/athens/ros2_athens_ws/install/first_interfaces/include/first_interfaces/first_interfaces/msg/detail/example_message__rosidl_typesupport_introspection_c.h
[1.137s] -- Up-to-date: /home/athens/ros2_athens_ws/install/first_interfaces/include/first_interfaces/first_interfaces/msg/rosidl_typesupport_introspection_c__visibility_control.h
[1.138s] -- Up-to-date: /home/athens/ros2_athens_ws/install/first_interfaces/lib/libfirst_interfaces__rosidl_typesupport_introspection_c.so
[1.140s] -- Up-to-date: /home/athens/ros2_athens_ws/install/first_interfaces/lib/libfirst_interfaces__rosidl_typesupport_c.so
[1.141s] -- Up-to-date: /home/athens/ros2_athens_ws/install/first_interfaces/include/first_interfaces/first_interfaces
[1.143s] -- Up-to-date: /home/athens/ros2_athens_ws/install/first_interfaces/include/first_interfaces/first_interfaces/srv
[1.143s] -- Up-to-date: /home/athens/ros2_athens_ws/install/first_interfaces/include/first_interfaces/first_interfaces/srv/detail
[1.143s] -- Up-to-date: /home/athens/ros2_athens_ws/install/first_interfaces/include/first_interfaces/first_interfaces/srv/detail/add_two_ints__type_support.cpp
[1.144s] -- Up-to-date: /home/athens/ros2_athens_ws/install/first_interfaces/include/first_interfaces/first_interfaces/srv/detail/add_two_ints__rosidl_typesupport_introspection_cpp.hpp
[1.145s] -- Up-to-date: /home/athens/ros2_athens_ws/install/first_interfaces/include/first_interfaces/first_interfaces/msg
[1.145s] -- Up-to-date: /home/athens/ros2_athens_ws/install/first_interfaces/include/first_interfaces/first_interfaces/msg/detail
[1.145s] -- Up-to-date: /home/athens/ros2_athens_ws/install/first_interfaces/include/first_interfaces/first_interfaces/msg/detail/example_message__rosidl_typesupport_introspection_cpp.hpp
[1.145s] -- Up-to-date: /home/athens/ros2_athens_ws/install/first_interfaces/include/first_interfaces/first_interfaces/msg/detail/example_message__type_support.cpp
[1.148s] -- Up-to-date: /home/athens/ros2_athens_ws/install/first_interfaces/lib/libfirst_interfaces__rosidl_typesupport_introspection_cpp.so
[1.151s] -- Up-to-date: /home/athens/ros2_athens_ws/install/first_interfaces/lib/libfirst_interfaces__rosidl_typesupport_cpp.so
[1.152s] -- Up-to-date: /home/athens/ros2_athens_ws/install/first_interfaces/share/first_interfaces/environment/pythonpath.sh
[1.153s] -- Up-to-date: /home/athens/ros2_athens_ws/install/first_interfaces/share/first_interfaces/environment/pythonpath.dsv
[1.154s] -- Up-to-date: /home/athens/ros2_athens_ws/install/first_interfaces/lib/python3.12/site-packages/first_interfaces-0.0.0-py3.12.egg-info
[1.155s] -- Installing: /home/athens/ros2_athens_ws/install/first_interfaces/lib/python3.12/site-packages/first_interfaces-0.0.0-py3.12.egg-info/SOURCES.txt
[1.155s] -- Installing: /home/athens/ros2_athens_ws/install/first_interfaces/lib/python3.12/site-packages/first_interfaces-0.0.0-py3.12.egg-info/dependency_links.txt
[1.157s] -- Installing: /home/athens/ros2_athens_ws/install/first_interfaces/lib/python3.12/site-packages/first_interfaces-0.0.0-py3.12.egg-info/PKG-INFO
[1.158s] -- Installing: /home/athens/ros2_athens_ws/install/first_interfaces/lib/python3.12/site-packages/first_interfaces-0.0.0-py3.12.egg-info/top_level.txt
[1.161s] -- Up-to-date: /home/athens/ros2_athens_ws/install/first_interfaces/lib/python3.12/site-packages/first_interfaces
[1.161s] -- Up-to-date: /home/athens/ros2_athens_ws/install/first_interfaces/lib/python3.12/site-packages/first_interfaces/first_interfaces_s__rosidl_typesupport_introspection_c.so
[1.161s] -- Up-to-date: /home/athens/ros2_athens_ws/install/first_interfaces/lib/python3.12/site-packages/first_interfaces/srv
[1.161s] -- Up-to-date: /home/athens/ros2_athens_ws/install/first_interfaces/lib/python3.12/site-packages/first_interfaces/srv/_add_two_ints_s.c
[1.162s] -- Up-to-date: /home/athens/ros2_athens_ws/install/first_interfaces/lib/python3.12/site-packages/first_interfaces/srv/__init__.py
[1.164s] -- Up-to-date: /home/athens/ros2_athens_ws/install/first_interfaces/lib/python3.12/site-packages/first_interfaces/srv/_add_two_ints.py
[1.164s] -- Up-to-date: /home/athens/ros2_athens_ws/install/first_interfaces/lib/python3.12/site-packages/first_interfaces/first_interfaces_s__rosidl_typesupport_fastrtps_c.so
[1.164s] -- Up-to-date: /home/athens/ros2_athens_ws/install/first_interfaces/lib/python3.12/site-packages/first_interfaces/_first_interfaces_s.ep.rosidl_typesupport_introspection_c.c
[1.164s] -- Up-to-date: /home/athens/ros2_athens_ws/install/first_interfaces/lib/python3.12/site-packages/first_interfaces/__init__.py
[1.165s] -- Up-to-date: /home/athens/ros2_athens_ws/install/first_interfaces/lib/python3.12/site-packages/first_interfaces/first_interfaces_s__rosidl_typesupport_c.so
[1.165s] -- Up-to-date: /home/athens/ros2_athens_ws/install/first_interfaces/lib/python3.12/site-packages/first_interfaces/msg
[1.165s] -- Up-to-date: /home/athens/ros2_athens_ws/install/first_interfaces/lib/python3.12/site-packages/first_interfaces/msg/_example_message.py
[1.165s] -- Up-to-date: /home/athens/ros2_athens_ws/install/first_interfaces/lib/python3.12/site-packages/first_interfaces/msg/__init__.py
[1.165s] -- Up-to-date: /home/athens/ros2_athens_ws/install/first_interfaces/lib/python3.12/site-packages/first_interfaces/msg/_example_message_s.c
[1.167s] -- Up-to-date: /home/athens/ros2_athens_ws/install/first_interfaces/lib/python3.12/site-packages/first_interfaces/_first_interfaces_s.ep.rosidl_typesupport_fastrtps_c.c
[1.168s] -- Up-to-date: /home/athens/ros2_athens_ws/install/first_interfaces/lib/python3.12/site-packages/first_interfaces/_first_interfaces_s.ep.rosidl_typesupport_c.c
[1.232s] Listing '/home/athens/ros2_athens_ws/install/first_interfaces/lib/python3.12/site-packages/first_interfaces'...
[1.233s] Listing '/home/athens/ros2_athens_ws/install/first_interfaces/lib/python3.12/site-packages/first_interfaces/msg'...
[1.235s] Listing '/home/athens/ros2_athens_ws/install/first_interfaces/lib/python3.12/site-packages/first_interfaces/srv'...
[1.248s] -- Up-to-date: /home/athens/ros2_athens_ws/install/first_interfaces/lib/python3.12/site-packages/first_interfaces/first_interfaces_s__rosidl_typesupport_fastrtps_c.so
[1.248s] -- Up-to-date: /home/athens/ros2_athens_ws/install/first_interfaces/lib/python3.12/site-packages/first_interfaces/first_interfaces_s__rosidl_typesupport_introspection_c.so
[1.249s] -- Up-to-date: /home/athens/ros2_athens_ws/install/first_interfaces/lib/python3.12/site-packages/first_interfaces/first_interfaces_s__rosidl_typesupport_c.so
[1.252s] -- Up-to-date: /home/athens/ros2_athens_ws/install/first_interfaces/lib/libfirst_interfaces__rosidl_generator_py.so
[1.253s] -- Up-to-date: /home/athens/ros2_athens_ws/install/first_interfaces/share/first_interfaces/msg/ExampleMessage.idl
[1.253s] -- Up-to-date: /home/athens/ros2_athens_ws/install/first_interfaces/share/first_interfaces/srv/AddTwoInts.idl
[1.254s] -- Up-to-date: /home/athens/ros2_athens_ws/install/first_interfaces/share/first_interfaces/msg/ExampleMessage.msg
[1.255s] -- Up-to-date: /home/athens/ros2_athens_ws/install/first_interfaces/share/first_interfaces/srv/AddTwoInts.srv
[1.255s] -- Up-to-date: /home/athens/ros2_athens_ws/install/first_interfaces/share/ament_index/resource_index/package_run_dependencies/first_interfaces
[1.256s] -- Up-to-date: /home/athens/ros2_athens_ws/install/first_interfaces/share/ament_index/resource_index/parent_prefix_path/first_interfaces
[1.257s] -- Up-to-date: /home/athens/ros2_athens_ws/install/first_interfaces/share/first_interfaces/environment/ament_prefix_path.sh
[1.257s] -- Up-to-date: /home/athens/ros2_athens_ws/install/first_interfaces/share/first_interfaces/environment/ament_prefix_path.dsv
[1.258s] -- Up-to-date: /home/athens/ros2_athens_ws/install/first_interfaces/share/first_interfaces/environment/path.sh
[1.259s] -- Up-to-date: /home/athens/ros2_athens_ws/install/first_interfaces/share/first_interfaces/environment/path.dsv
[1.260s] -- Up-to-date: /home/athens/ros2_athens_ws/install/first_interfaces/share/first_interfaces/local_setup.bash
[1.260s] -- Up-to-date: /home/athens/ros2_athens_ws/install/first_interfaces/share/first_interfaces/local_setup.sh
[1.260s] -- Up-to-date: /home/athens/ros2_athens_ws/install/first_interfaces/share/first_interfaces/local_setup.zsh
[1.261s] -- Up-to-date: /home/athens/ros2_athens_ws/install/first_interfaces/share/first_interfaces/local_setup.dsv
[1.261s] -- Installing: /home/athens/ros2_athens_ws/install/first_interfaces/share/first_interfaces/package.dsv
[1.262s] -- Up-to-date: /home/athens/ros2_athens_ws/install/first_interfaces/share/ament_index/resource_index/packages/first_interfaces
[1.263s] -- Up-to-date: /home/athens/ros2_athens_ws/install/first_interfaces/share/first_interfaces/cmake/export_first_interfaces__rosidl_generator_cExport.cmake
[1.265s] -- Up-to-date: /home/athens/ros2_athens_ws/install/first_interfaces/share/first_interfaces/cmake/export_first_interfaces__rosidl_generator_cExport-noconfig.cmake
[1.266s] -- Up-to-date: /home/athens/ros2_athens_ws/install/first_interfaces/share/first_interfaces/cmake/export_first_interfaces__rosidl_typesupport_fastrtps_cExport.cmake
[1.267s] -- Up-to-date: /home/athens/ros2_athens_ws/install/first_interfaces/share/first_interfaces/cmake/export_first_interfaces__rosidl_typesupport_fastrtps_cExport-noconfig.cmake
[1.269s] -- Up-to-date: /home/athens/ros2_athens_ws/install/first_interfaces/share/first_interfaces/cmake/export_first_interfaces__rosidl_generator_cppExport.cmake
[1.269s] -- Up-to-date: /home/athens/ros2_athens_ws/install/first_interfaces/share/first_interfaces/cmake/export_first_interfaces__rosidl_typesupport_fastrtps_cppExport.cmake
[1.270s] -- Up-to-date: /home/athens/ros2_athens_ws/install/first_interfaces/share/first_interfaces/cmake/export_first_interfaces__rosidl_typesupport_fastrtps_cppExport-noconfig.cmake
[1.271s] -- Up-to-date: /home/athens/ros2_athens_ws/install/first_interfaces/share/first_interfaces/cmake/first_interfaces__rosidl_typesupport_introspection_cExport.cmake
[1.272s] -- Up-to-date: /home/athens/ros2_athens_ws/install/first_interfaces/share/first_interfaces/cmake/first_interfaces__rosidl_typesupport_introspection_cExport-noconfig.cmake
[1.274s] -- Up-to-date: /home/athens/ros2_athens_ws/install/first_interfaces/share/first_interfaces/cmake/first_interfaces__rosidl_typesupport_cExport.cmake
[1.274s] -- Up-to-date: /home/athens/ros2_athens_ws/install/first_interfaces/share/first_interfaces/cmake/first_interfaces__rosidl_typesupport_cExport-noconfig.cmake
[1.275s] -- Up-to-date: /home/athens/ros2_athens_ws/install/first_interfaces/share/first_interfaces/cmake/first_interfaces__rosidl_typesupport_introspection_cppExport.cmake
[1.276s] -- Up-to-date: /home/athens/ros2_athens_ws/install/first_interfaces/share/first_interfaces/cmake/first_interfaces__rosidl_typesupport_introspection_cppExport-noconfig.cmake
[1.277s] -- Up-to-date: /home/athens/ros2_athens_ws/install/first_interfaces/share/first_interfaces/cmake/first_interfaces__rosidl_typesupport_cppExport.cmake
[1.277s] -- Up-to-date: /home/athens/ros2_athens_ws/install/first_interfaces/share/first_interfaces/cmake/first_interfaces__rosidl_typesupport_cppExport-noconfig.cmake
[1.279s] -- Up-to-date: /home/athens/ros2_athens_ws/install/first_interfaces/share/first_interfaces/cmake/export_first_interfaces__rosidl_generator_pyExport.cmake
[1.279s] -- Up-to-date: /home/athens/ros2_athens_ws/install/first_interfaces/share/first_interfaces/cmake/export_first_interfaces__rosidl_generator_pyExport-noconfig.cmake
[1.280s] -- Up-to-date: /home/athens/ros2_athens_ws/install/first_interfaces/share/first_interfaces/cmake/rosidl_cmake-extras.cmake
[1.281s] -- Up-to-date: /home/athens/ros2_athens_ws/install/first_interfaces/share/first_interfaces/cmake/ament_cmake_export_dependencies-extras.cmake
[1.281s] -- Up-to-date: /home/athens/ros2_athens_ws/install/first_interfaces/share/first_interfaces/cmake/ament_cmake_export_include_directories-extras.cmake
[1.281s] -- Up-to-date: /home/athens/ros2_athens_ws/install/first_interfaces/share/first_interfaces/cmake/ament_cmake_export_libraries-extras.cmake
[1.282s] -- Up-to-date: /home/athens/ros2_athens_ws/install/first_interfaces/share/first_interfaces/cmake/ament_cmake_export_targets-extras.cmake
[1.282s] -- Up-to-date: /home/athens/ros2_athens_ws/install/first_interfaces/share/first_interfaces/cmake/rosidl_cmake_export_typesupport_targets-extras.cmake
[1.282s] -- Up-to-date: /home/athens/ros2_athens_ws/install/first_interfaces/share/first_interfaces/cmake/rosidl_cmake_export_typesupport_libraries-extras.cmake
[1.284s] -- Up-to-date: /home/athens/ros2_athens_ws/install/first_interfaces/share/first_interfaces/cmake/first_interfacesConfig.cmake
[1.284s] -- Up-to-date: /home/athens/ros2_athens_ws/install/first_interfaces/share/first_interfaces/cmake/first_interfacesConfig-version.cmake
[1.284s] -- Up-to-date: /home/athens/ros2_athens_ws/install/first_interfaces/share/first_interfaces/package.xml
[1.295s] Invoked command in '/home/athens/ros2_athens_ws/build/first_interfaces' returned '0': CMAKE_PREFIX_PATH=${CMAKE_PREFIX_PATH}:/home/athens/ros2_athens_ws/src/install/stm_station:/home/athens/ros2_athens_ws/src/install/first_package:/opt/ros/jazzy DEBUGINFOD_URLS=https://debuginfod.ubuntu.com /usr/bin/cmake --install /home/athens/ros2_athens_ws/build/first_interfaces
